{"/home/eric/Godot/ProtoBd/cts_mcp/src/index.ts": {"path":"/home/eric/Godot/ProtoBd/cts_mcp/src/index.ts","statementMap":{"0":{"start":{"line":10,"column":15},"end":{"line":10,"column":33}},"1":{"start":{"line":12,"column":0},"end":{"line":12,"column":46}},"2":{"start":{"line":13,"column":0},"end":{"line":13,"column":53}},"3":{"start":{"line":14,"column":0},"end":{"line":14,"column":46}},"4":{"start":{"line":17,"column":0},"end":{"line":42,"column":3}},"5":{"start":{"line":18,"column":2},"end":{"line":41,"column":3}},"6":{"start":{"line":19,"column":18},"end":{"line":19,"column":41}},"7":{"start":{"line":20,"column":4},"end":{"line":20,"column":23}},"8":{"start":{"line":20,"column":16},"end":{"line":20,"column":23}},"9":{"start":{"line":22,"column":20},"end":{"line":22,"column":37}},"10":{"start":{"line":23,"column":21},"end":{"line":23,"column":56}},"11":{"start":{"line":26,"column":4},"end":{"line":26,"column":58}},"12":{"start":{"line":28,"column":25},"end":{"line":28,"column":81}},"13":{"start":{"line":29,"column":4},"end":{"line":29,"column":71}},"14":{"start":{"line":32,"column":26},"end":{"line":39,"column":6}},"15":{"start":{"line":40,"column":4},"end":{"line":40,"column":63}},"16":{"start":{"line":45,"column":0},"end":{"line":48,"column":3}},"17":{"start":{"line":46,"column":2},"end":{"line":46,"column":49}},"18":{"start":{"line":47,"column":2},"end":{"line":47,"column":18}},"19":{"start":{"line":51,"column":0},"end":{"line":54,"column":3}},"20":{"start":{"line":52,"column":2},"end":{"line":52,"column":46}},"21":{"start":{"line":53,"column":2},"end":{"line":53,"column":18}},"22":{"start":{"line":56,"column":0},"end":{"line":59,"column":3}},"23":{"start":{"line":57,"column":2},"end":{"line":57,"column":46}},"24":{"start":{"line":58,"column":2},"end":{"line":58,"column":18}},"25":{"start":{"line":62,"column":0},"end":{"line":62,"column":23}}},"fnMap":{"0":{"name":"(anonymous_0)","decl":{"start":{"line":17,"column":25},"end":{"line":17,"column":30}},"loc":{"start":{"line":17,"column":41},"end":{"line":42,"column":1}}},"1":{"name":"(anonymous_1)","decl":{"start":{"line":45,"column":24},"end":{"line":45,"column":27}},"loc":{"start":{"line":45,"column":29},"end":{"line":48,"column":1}}},"2":{"name":"(anonymous_2)","decl":{"start":{"line":51,"column":21},"end":{"line":51,"column":24}},"loc":{"start":{"line":51,"column":26},"end":{"line":54,"column":1}}},"3":{"name":"(anonymous_3)","decl":{"start":{"line":56,"column":22},"end":{"line":56,"column":25}},"loc":{"start":{"line":56,"column":27},"end":{"line":59,"column":1}}}},"branchMap":{"0":{"loc":{"start":{"line":20,"column":4},"end":{"line":20,"column":23}},"type":"if","locations":[{"start":{"line":20,"column":4},"end":{"line":20,"column":23}}]},"1":{"loc":{"start":{"line":28,"column":25},"end":{"line":28,"column":81}},"type":"cond-expr","locations":[{"start":{"line":28,"column":50},"end":{"line":28,"column":63}},{"start":{"line":28,"column":66},"end":{"line":28,"column":81}}]}},"s":{"0":0,"1":0,"2":0,"3":0,"4":0,"5":0,"6":0,"7":0,"8":0,"9":0,"10":0,"11":0,"12":0,"13":0,"14":0,"15":0,"16":0,"17":0,"18":0,"19":0,"20":0,"21":0,"22":0,"23":0,"24":0,"25":0},"f":{"0":0,"1":0,"2":0,"3":0},"b":{"0":[0],"1":[0,0]}}
,"/home/eric/Godot/ProtoBd/cts_mcp/src/server.ts": {"path":"/home/eric/Godot/ProtoBd/cts_mcp/src/server.ts","statementMap":{"0":{"start":{"line":34,"column":25},"end":{"line":39,"column":2}},"1":{"start":{"line":41,"column":29},"end":{"line":44,"column":2}},"2":{"start":{"line":47,"column":10},"end":{"line":47,"column":95}},"3":{"start":{"line":48,"column":19},"end":{"line":48,"column":49}},"4":{"start":{"line":49,"column":19},"end":{"line":49,"column":43}},"5":{"start":{"line":50,"column":19},"end":{"line":50,"column":50}},"6":{"start":{"line":55,"column":4},"end":{"line":55,"column":47}},"7":{"start":{"line":56,"column":4},"end":{"line":56,"column":68}},"8":{"start":{"line":57,"column":4},"end":{"line":57,"column":75}},"9":{"start":{"line":58,"column":4},"end":{"line":58,"column":74}},"10":{"start":{"line":59,"column":4},"end":{"line":59,"column":72}},"11":{"start":{"line":60,"column":4},"end":{"line":60,"column":73}},"12":{"start":{"line":63,"column":4},"end":{"line":63,"column":71}},"13":{"start":{"line":64,"column":4},"end":{"line":64,"column":92}},"14":{"start":{"line":65,"column":4},"end":{"line":65,"column":93}},"15":{"start":{"line":68,"column":4},"end":{"line":68,"column":73}},"16":{"start":{"line":69,"column":4},"end":{"line":69,"column":81}},"17":{"start":{"line":76,"column":4},"end":{"line":117,"column":5}},"18":{"start":{"line":78,"column":22},"end":{"line":78,"column":70}},"19":{"start":{"line":81,"column":6},"end":{"line":97,"column":7}},"20":{"start":{"line":83,"column":10},"end":{"line":83,"column":80}},"21":{"start":{"line":86,"column":10},"end":{"line":86,"column":79}},"22":{"start":{"line":89,"column":10},"end":{"line":89,"column":92}},"23":{"start":{"line":92,"column":10},"end":{"line":96,"column":12}},"24":{"start":{"line":100,"column":6},"end":{"line":107,"column":7}},"25":{"start":{"line":101,"column":8},"end":{"line":106,"column":10}},"26":{"start":{"line":109,"column":27},"end":{"line":109,"column":83}},"27":{"start":{"line":110,"column":6},"end":{"line":110,"column":71}},"28":{"start":{"line":112,"column":6},"end":{"line":116,"column":8}},"29":{"start":{"line":124,"column":4},"end":{"line":133,"column":6}},"30":{"start":{"line":140,"column":18},"end":{"line":140,"column":72}},"31":{"start":{"line":140,"column":59},"end":{"line":140,"column":71}},"32":{"start":{"line":141,"column":4},"end":{"line":141,"column":21}},"33":{"start":{"line":148,"column":22},"end":{"line":148,"column":74}},"34":{"start":{"line":150,"column":17},"end":{"line":150,"column":47}},"35":{"start":{"line":151,"column":4},"end":{"line":153,"column":5}},"36":{"start":{"line":152,"column":6},"end":{"line":152,"column":59}},"37":{"start":{"line":155,"column":19},"end":{"line":155,"column":64}},"38":{"start":{"line":157,"column":4},"end":{"line":164,"column":6}},"39":{"start":{"line":171,"column":4},"end":{"line":171,"column":61}},"40":{"start":{"line":172,"column":4},"end":{"line":172,"column":67}},"41":{"start":{"line":179,"column":4},"end":{"line":183,"column":6}},"42":{"start":{"line":195,"column":28},"end":{"line":195,"column":45}},"43":{"start":{"line":196,"column":4},"end":{"line":198,"column":5}},"44":{"start":{"line":197,"column":6},"end":{"line":197,"column":24}},"45":{"start":{"line":200,"column":4},"end":{"line":204,"column":6}}},"fnMap":{"0":{"name":"(anonymous_0)","decl":{"start":{"line":53,"column":2},"end":{"line":53,"column":null}},"loc":{"start":{"line":53,"column":2},"end":{"line":70,"column":3}}},"1":{"name":"(anonymous_1)","decl":{"start":{"line":75,"column":2},"end":{"line":75,"column":7}},"loc":{"start":{"line":75,"column":41},"end":{"line":118,"column":3}}},"2":{"name":"(anonymous_2)","decl":{"start":{"line":123,"column":10},"end":{"line":123,"column":15}},"loc":{"start":{"line":123,"column":32},"end":{"line":134,"column":3}}},"3":{"name":"(anonymous_3)","decl":{"start":{"line":139,"column":10},"end":{"line":139,"column":15}},"loc":{"start":{"line":139,"column":31},"end":{"line":142,"column":3}}},"4":{"name":"(anonymous_4)","decl":{"start":{"line":140,"column":54},"end":{"line":140,"column":55}},"loc":{"start":{"line":140,"column":59},"end":{"line":140,"column":71}}},"5":{"name":"(anonymous_5)","decl":{"start":{"line":147,"column":10},"end":{"line":147,"column":15}},"loc":{"start":{"line":147,"column":46},"end":{"line":165,"column":3}}},"6":{"name":"(anonymous_6)","decl":{"start":{"line":170,"column":2},"end":{"line":170,"column":14}},"loc":{"start":{"line":170,"column":63},"end":{"line":173,"column":3}}},"7":{"name":"(anonymous_7)","decl":{"start":{"line":178,"column":10},"end":{"line":178,"column":24}},"loc":{"start":{"line":178,"column":61},"end":{"line":184,"column":3}}},"8":{"name":"(anonymous_8)","decl":{"start":{"line":189,"column":10},"end":{"line":189,"column":29}},"loc":{"start":{"line":193,"column":18},"end":{"line":205,"column":3}}}},"branchMap":{"0":{"loc":{"start":{"line":81,"column":6},"end":{"line":97,"column":7}},"type":"switch","locations":[{"start":{"line":82,"column":8},"end":{"line":83,"column":80}},{"start":{"line":85,"column":8},"end":{"line":86,"column":79}},{"start":{"line":88,"column":8},"end":{"line":89,"column":92}},{"start":{"line":91,"column":8},"end":{"line":96,"column":12}}]},"1":{"loc":{"start":{"line":100,"column":6},"end":{"line":107,"column":7}},"type":"if","locations":[{"start":{"line":100,"column":6},"end":{"line":107,"column":7}}]},"2":{"loc":{"start":{"line":109,"column":27},"end":{"line":109,"column":83}},"type":"cond-expr","locations":[{"start":{"line":109,"column":52},"end":{"line":109,"column":65}},{"start":{"line":109,"column":68},"end":{"line":109,"column":83}}]},"3":{"loc":{"start":{"line":151,"column":4},"end":{"line":153,"column":5}},"type":"if","locations":[{"start":{"line":151,"column":4},"end":{"line":153,"column":5}}]},"4":{"loc":{"start":{"line":155,"column":38},"end":{"line":155,"column":63}},"type":"binary-expr","locations":[{"start":{"line":155,"column":38},"end":{"line":155,"column":57}},{"start":{"line":155,"column":61},"end":{"line":155,"column":63}}]},"5":{"loc":{"start":{"line":196,"column":4},"end":{"line":198,"column":5}},"type":"if","locations":[{"start":{"line":196,"column":4},"end":{"line":198,"column":5}}]},"6":{"loc":{"start":{"line":202,"column":10},"end":{"line":202,"column":17}},"type":"binary-expr","locations":[{"start":{"line":202,"column":10},"end":{"line":202,"column":12}},{"start":{"line":202,"column":16},"end":{"line":202,"column":17}}]}},"s":{"0":0,"1":0,"2":0,"3":0,"4":0,"5":0,"6":0,"7":0,"8":0,"9":0,"10":0,"11":0,"12":0,"13":0,"14":0,"15":0,"16":0,"17":0,"18":0,"19":0,"20":0,"21":0,"22":0,"23":0,"24":0,"25":0,"26":0,"27":0,"28":0,"29":0,"30":0,"31":0,"32":0,"33":0,"34":0,"35":0,"36":0,"37":0,"38":0,"39":0,"40":0,"41":0,"42":0,"43":0,"44":0,"45":0},"f":{"0":0,"1":0,"2":0,"3":0,"4":0,"5":0,"6":0,"7":0,"8":0},"b":{"0":[0,0,0,0],"1":[0],"2":[0,0],"3":[0],"4":[0,0],"5":[0],"6":[0,0]}}
,"/home/eric/Godot/ProtoBd/cts_mcp/src/artifacts/artifact_engine.ts": {"path":"/home/eric/Godot/ProtoBd/cts_mcp/src/artifacts/artifact_engine.ts","statementMap":{"0":{"start":{"line":11,"column":10},"end":{"line":11,"column":63}},"1":{"start":{"line":12,"column":10},"end":{"line":12,"column":61}},"2":{"start":{"line":13,"column":19},"end":{"line":13,"column":37}},"3":{"start":{"line":14,"column":10},"end":{"line":14,"column":76}},"4":{"start":{"line":20,"column":4},"end":{"line":20,"column":48}},"5":{"start":{"line":23,"column":4},"end":{"line":25,"column":5}},"6":{"start":{"line":24,"column":6},"end":{"line":24,"column":60}},"7":{"start":{"line":27,"column":4},"end":{"line":27,"column":110}},"8":{"start":{"line":34,"column":4},"end":{"line":34,"column":45}},"9":{"start":{"line":41,"column":4},"end":{"line":41,"column":36}},"10":{"start":{"line":52,"column":22},"end":{"line":52,"column":32}},"11":{"start":{"line":55,"column":21},"end":{"line":55,"column":45}},"12":{"start":{"line":56,"column":4},"end":{"line":58,"column":5}},"13":{"start":{"line":57,"column":6},"end":{"line":57,"column":75}},"14":{"start":{"line":61,"column":43},"end":{"line":66,"column":6}},"15":{"start":{"line":69,"column":20},"end":{"line":69,"column":50}},"16":{"start":{"line":70,"column":21},"end":{"line":70,"column":65}},"17":{"start":{"line":71,"column":19},"end":{"line":71,"column":43}},"18":{"start":{"line":73,"column":4},"end":{"line":80,"column":5}},"19":{"start":{"line":74,"column":6},"end":{"line":74,"column":92}},"20":{"start":{"line":75,"column":6},"end":{"line":79,"column":8}},"21":{"start":{"line":83,"column":4},"end":{"line":83,"column":59}},"22":{"start":{"line":84,"column":17},"end":{"line":84,"column":44}},"23":{"start":{"line":85,"column":23},"end":{"line":85,"column":45}},"24":{"start":{"line":87,"column":4},"end":{"line":87,"column":74}},"25":{"start":{"line":90,"column":21},"end":{"line":90,"column":40}},"26":{"start":{"line":91,"column":4},"end":{"line":96,"column":7}},"27":{"start":{"line":98,"column":4},"end":{"line":102,"column":6}},"28":{"start":{"line":109,"column":4},"end":{"line":109,"column":23}},"29":{"start":{"line":110,"column":4},"end":{"line":110,"column":52}},"30":{"start":{"line":117,"column":42},"end":{"line":117,"column":44}},"31":{"start":{"line":119,"column":4},"end":{"line":122,"column":5}},"32":{"start":{"line":120,"column":19},"end":{"line":120,"column":36}},"33":{"start":{"line":121,"column":6},"end":{"line":121,"column":43}},"34":{"start":{"line":124,"column":4},"end":{"line":128,"column":6}},"35":{"start":{"line":135,"column":4},"end":{"line":135,"column":25}},"36":{"start":{"line":143,"column":4},"end":{"line":148,"column":5}},"37":{"start":{"line":144,"column":23},"end":{"line":144,"column":53}},"38":{"start":{"line":145,"column":6},"end":{"line":147,"column":7}},"39":{"start":{"line":146,"column":8},"end":{"line":146,"column":36}},"40":{"start":{"line":150,"column":4},"end":{"line":150,"column":31}},"41":{"start":{"line":157,"column":17},"end":{"line":157,"column":37}},"42":{"start":{"line":158,"column":4},"end":{"line":158,"column":76}}},"fnMap":{"0":{"name":"(anonymous_0)","decl":{"start":{"line":10,"column":0},"end":{"line":10,"column":6}},"loc":{"start":{"line":10,"column":0},"end":{"line":160,"column":1}}},"1":{"name":"(anonymous_1)","decl":{"start":{"line":19,"column":2},"end":{"line":19,"column":18}},"loc":{"start":{"line":19,"column":63},"end":{"line":28,"column":3}}},"2":{"name":"(anonymous_2)","decl":{"start":{"line":33,"column":2},"end":{"line":33,"column":20}},"loc":{"start":{"line":33,"column":20},"end":{"line":35,"column":3}}},"3":{"name":"(anonymous_3)","decl":{"start":{"line":40,"column":2},"end":{"line":40,"column":13}},"loc":{"start":{"line":40,"column":26},"end":{"line":42,"column":3}}},"4":{"name":"(anonymous_4)","decl":{"start":{"line":47,"column":2},"end":{"line":47,"column":7}},"loc":{"start":{"line":50,"column":40},"end":{"line":103,"column":3}}},"5":{"name":"(anonymous_5)","decl":{"start":{"line":108,"column":2},"end":{"line":108,"column":12}},"loc":{"start":{"line":108,"column":12},"end":{"line":111,"column":3}}},"6":{"name":"(anonymous_6)","decl":{"start":{"line":116,"column":2},"end":{"line":116,"column":15}},"loc":{"start":{"line":116,"column":15},"end":{"line":129,"column":3}}},"7":{"name":"(anonymous_7)","decl":{"start":{"line":134,"column":2},"end":{"line":134,"column":20}},"loc":{"start":{"line":134,"column":20},"end":{"line":136,"column":3}}},"8":{"name":"(anonymous_8)","decl":{"start":{"line":141,"column":10},"end":{"line":141,"column":20}},"loc":{"start":{"line":141,"column":59},"end":{"line":151,"column":3}}},"9":{"name":"(anonymous_9)","decl":{"start":{"line":156,"column":10},"end":{"line":156,"column":18}},"loc":{"start":{"line":156,"column":32},"end":{"line":159,"column":3}}}},"branchMap":{"0":{"loc":{"start":{"line":23,"column":4},"end":{"line":25,"column":5}},"type":"if","locations":[{"start":{"line":23,"column":4},"end":{"line":25,"column":5}}]},"1":{"loc":{"start":{"line":27,"column":75},"end":{"line":27,"column":106}},"type":"cond-expr","locations":[{"start":{"line":27,"column":85},"end":{"line":27,"column":101}},{"start":{"line":27,"column":104},"end":{"line":27,"column":106}}]},"2":{"loc":{"start":{"line":56,"column":4},"end":{"line":58,"column":5}},"type":"if","locations":[{"start":{"line":56,"column":4},"end":{"line":58,"column":5}}]},"3":{"loc":{"start":{"line":63,"column":13},"end":{"line":63,"column":50}},"type":"binary-expr","locations":[{"start":{"line":63,"column":13},"end":{"line":63,"column":28}},{"start":{"line":63,"column":32},"end":{"line":63,"column":50}}]},"4":{"loc":{"start":{"line":73,"column":4},"end":{"line":80,"column":5}},"type":"if","locations":[{"start":{"line":73,"column":4},"end":{"line":80,"column":5}}]},"5":{"loc":{"start":{"line":121,"column":21},"end":{"line":121,"column":37}},"type":"binary-expr","locations":[{"start":{"line":121,"column":21},"end":{"line":121,"column":32}},{"start":{"line":121,"column":36},"end":{"line":121,"column":37}}]},"6":{"loc":{"start":{"line":143,"column":4},"end":{"line":148,"column":5}},"type":"if","locations":[{"start":{"line":143,"column":4},"end":{"line":148,"column":5}}]},"7":{"loc":{"start":{"line":145,"column":6},"end":{"line":147,"column":7}},"type":"if","locations":[{"start":{"line":145,"column":6},"end":{"line":147,"column":7}}]}},"s":{"0":0,"1":0,"2":0,"3":0,"4":0,"5":0,"6":0,"7":0,"8":0,"9":0,"10":0,"11":0,"12":0,"13":0,"14":0,"15":0,"16":0,"17":0,"18":0,"19":0,"20":0,"21":0,"22":0,"23":0,"24":0,"25":0,"26":0,"27":0,"28":0,"29":0,"30":0,"31":0,"32":0,"33":0,"34":0,"35":0,"36":0,"37":0,"38":0,"39":0,"40":0,"41":0,"42":0},"f":{"0":0,"1":0,"2":0,"3":0,"4":0,"5":0,"6":0,"7":0,"8":0,"9":0},"b":{"0":[0],"1":[0,0],"2":[0],"3":[0,0],"4":[0],"5":[0,0],"6":[0],"7":[0]}}
,"/home/eric/Godot/ProtoBd/cts_mcp/src/artifacts/artifact_metadata.ts": {"path":"/home/eric/Godot/ProtoBd/cts_mcp/src/artifacts/artifact_metadata.ts","statementMap":{"0":{"start":{"line":14,"column":0},"end":{"line":14,"column":36}},"1":{"start":{"line":32,"column":10},"end":{"line":32,"column":52}},"2":{"start":{"line":33,"column":19},"end":{"line":33,"column":44}},"3":{"start":{"line":47,"column":4},"end":{"line":49,"column":5}},"4":{"start":{"line":48,"column":6},"end":{"line":48,"column":55}},"5":{"start":{"line":51,"column":4},"end":{"line":55,"column":5}},"6":{"start":{"line":52,"column":6},"end":{"line":54,"column":8}},"7":{"start":{"line":57,"column":4},"end":{"line":57,"column":37}},"8":{"start":{"line":72,"column":4},"end":{"line":72,"column":58}},"9":{"start":{"line":82,"column":4},"end":{"line":82,"column":35}},"10":{"start":{"line":91,"column":4},"end":{"line":91,"column":34}},"11":{"start":{"line":98,"column":4},"end":{"line":98,"column":26}},"12":{"start":{"line":108,"column":24},"end":{"line":108,"column":41}},"13":{"start":{"line":109,"column":4},"end":{"line":109,"column":37}},"14":{"start":{"line":31,"column":0},"end":{"line":31,"column":13}},"15":{"start":{"line":140,"column":21},"end":{"line":140,"column":41}},"16":{"start":{"line":141,"column":27},"end":{"line":141,"column":60}},"17":{"start":{"line":143,"column":17},"end":{"line":146,"column":23}},"18":{"start":{"line":148,"column":4},"end":{"line":148,"column":29}},"19":{"start":{"line":161,"column":21},"end":{"line":161,"column":41}},"20":{"start":{"line":162,"column":17},"end":{"line":165,"column":23}},"21":{"start":{"line":167,"column":4},"end":{"line":167,"column":29}},"22":{"start":{"line":177,"column":4},"end":{"line":177,"column":32}},"23":{"start":{"line":119,"column":0},"end":{"line":119,"column":13}}},"fnMap":{"0":{"name":"(anonymous_0)","decl":{"start":{"line":31,"column":0},"end":{"line":31,"column":13}},"loc":{"start":{"line":31,"column":0},"end":{"line":111,"column":1}}},"1":{"name":"(anonymous_1)","decl":{"start":{"line":46,"column":2},"end":{"line":46,"column":17}},"loc":{"start":{"line":46,"column":47},"end":{"line":58,"column":3}}},"2":{"name":"(anonymous_2)","decl":{"start":{"line":71,"column":2},"end":{"line":71,"column":12}},"loc":{"start":{"line":71,"column":25},"end":{"line":73,"column":3}}},"3":{"name":"(anonymous_3)","decl":{"start":{"line":81,"column":2},"end":{"line":81,"column":12}},"loc":{"start":{"line":81,"column":25},"end":{"line":83,"column":3}}},"4":{"name":"(anonymous_4)","decl":{"start":{"line":90,"column":2},"end":{"line":90,"column":16}},"loc":{"start":{"line":90,"column":16},"end":{"line":92,"column":3}}},"5":{"name":"(anonymous_5)","decl":{"start":{"line":97,"column":2},"end":{"line":97,"column":7}},"loc":{"start":{"line":97,"column":7},"end":{"line":99,"column":3}}},"6":{"name":"(anonymous_6)","decl":{"start":{"line":106,"column":10},"end":{"line":106,"column":24}},"loc":{"start":{"line":106,"column":40},"end":{"line":110,"column":3}}},"7":{"name":"(anonymous_7)","decl":{"start":{"line":138,"column":2},"end":{"line":138,"column":8}},"loc":{"start":{"line":138,"column":65},"end":{"line":149,"column":3}}},"8":{"name":"(anonymous_8)","decl":{"start":{"line":160,"column":2},"end":{"line":160,"column":8}},"loc":{"start":{"line":160,"column":54},"end":{"line":168,"column":3}}},"9":{"name":"(anonymous_9)","decl":{"start":{"line":176,"column":2},"end":{"line":176,"column":8}},"loc":{"start":{"line":176,"column":34},"end":{"line":178,"column":3}}}},"branchMap":{"0":{"loc":{"start":{"line":47,"column":4},"end":{"line":49,"column":5}},"type":"if","locations":[{"start":{"line":47,"column":4},"end":{"line":49,"column":5}}]},"1":{"loc":{"start":{"line":47,"column":8},"end":{"line":47,"column":41}},"type":"binary-expr","locations":[{"start":{"line":47,"column":8},"end":{"line":47,"column":13}},{"start":{"line":47,"column":17},"end":{"line":47,"column":41}}]},"2":{"loc":{"start":{"line":51,"column":4},"end":{"line":55,"column":5}},"type":"if","locations":[{"start":{"line":51,"column":4},"end":{"line":55,"column":5}}]},"3":{"loc":{"start":{"line":72,"column":11},"end":{"line":72,"column":57}},"type":"binary-expr","locations":[{"start":{"line":72,"column":11},"end":{"line":72,"column":34}},{"start":{"line":72,"column":38},"end":{"line":72,"column":57}}]}},"s":{"0":3,"1":41,"2":41,"3":43,"4":0,"5":43,"6":0,"7":43,"8":0,"9":0,"10":0,"11":0,"12":43,"13":43,"14":3,"15":0,"16":0,"17":0,"18":0,"19":0,"20":0,"21":0,"22":0,"23":3},"f":{"0":41,"1":43,"2":0,"3":0,"4":0,"5":0,"6":43,"7":0,"8":0,"9":0},"b":{"0":[0],"1":[43,43],"2":[0],"3":[0,0]}}
,"/home/eric/Godot/ProtoBd/cts_mcp/src/artifacts/analysis/types.ts": {"path":"/home/eric/Godot/ProtoBd/cts_mcp/src/artifacts/analysis/types.ts","statementMap":{"0":{"start":{"line":12,"column":0},"end":{"line":12,"column":null}},"1":{"start":{"line":14,"column":2},"end":{"line":14,"column":null}},"2":{"start":{"line":16,"column":2},"end":{"line":16,"column":null}},"3":{"start":{"line":18,"column":2},"end":{"line":18,"column":null}}},"fnMap":{"0":{"name":"(anonymous_0)","decl":{"start":{"line":12,"column":0},"end":{"line":12,"column":12}},"loc":{"start":{"line":12,"column":25},"end":{"line":19,"column":1}}}},"branchMap":{"0":{"loc":{"start":{"line":12,"column":12},"end":{"line":12,"column":null}},"type":"binary-expr","locations":[{"start":{"line":12,"column":12},"end":{"line":12,"column":25}},{"start":{"line":12,"column":25},"end":{"line":12,"column":null}}]}},"s":{"0":1,"1":1,"2":1,"3":1},"f":{"0":1},"b":{"0":[1,1]}}
,"/home/eric/Godot/ProtoBd/cts_mcp/src/artifacts/analysis/unused_detector.ts": {"path":"/home/eric/Godot/ProtoBd/cts_mcp/src/artifacts/analysis/unused_detector.ts","statementMap":{"0":{"start":{"line":32,"column":0},"end":{"line":32,"column":null}},"1":{"start":{"line":55,"column":10},"end":{"line":63,"column":4}},"2":{"start":{"line":72,"column":22},"end":{"line":72,"column":39}},"3":{"start":{"line":73,"column":35},"end":{"line":73,"column":37}},"4":{"start":{"line":76,"column":4},"end":{"line":84,"column":6}},"5":{"start":{"line":87,"column":4},"end":{"line":106,"column":5}},"6":{"start":{"line":88,"column":6},"end":{"line":88,"column":35}},"7":{"start":{"line":90,"column":27},"end":{"line":90,"column":58}},"8":{"start":{"line":91,"column":29},"end":{"line":91,"column":62}},"9":{"start":{"line":93,"column":6},"end":{"line":105,"column":7}},"10":{"start":{"line":95,"column":31},"end":{"line":95,"column":74}},"11":{"start":{"line":96,"column":8},"end":{"line":96,"column":36}},"12":{"start":{"line":97,"column":8},"end":{"line":97,"column":35}},"13":{"start":{"line":98,"column":13},"end":{"line":105,"column":7}},"14":{"start":{"line":100,"column":29},"end":{"line":100,"column":70}},"15":{"start":{"line":101,"column":8},"end":{"line":104,"column":9}},"16":{"start":{"line":102,"column":10},"end":{"line":102,"column":36}},"17":{"start":{"line":103,"column":10},"end":{"line":103,"column":36}},"18":{"start":{"line":109,"column":4},"end":{"line":128,"column":5}},"19":{"start":{"line":110,"column":29},"end":{"line":110,"column":62}},"20":{"start":{"line":112,"column":6},"end":{"line":127,"column":7}},"21":{"start":{"line":114,"column":8},"end":{"line":116,"column":9}},"22":{"start":{"line":115,"column":10},"end":{"line":115,"column":19}},"23":{"start":{"line":118,"column":34},"end":{"line":118,"column":81}},"24":{"start":{"line":119,"column":8},"end":{"line":126,"column":9}},"25":{"start":{"line":121,"column":34},"end":{"line":121,"column":79}},"26":{"start":{"line":121,"column":51},"end":{"line":121,"column":78}},"27":{"start":{"line":122,"column":10},"end":{"line":125,"column":11}},"28":{"start":{"line":123,"column":12},"end":{"line":123,"column":43}},"29":{"start":{"line":124,"column":12},"end":{"line":124,"column":43}},"30":{"start":{"line":131,"column":4},"end":{"line":131,"column":55}},"31":{"start":{"line":131,"column":26},"end":{"line":131,"column":53}},"32":{"start":{"line":134,"column":4},"end":{"line":134,"column":43}},"33":{"start":{"line":135,"column":4},"end":{"line":135,"column":58}},"34":{"start":{"line":136,"column":4},"end":{"line":139,"column":5}},"35":{"start":{"line":137,"column":30},"end":{"line":137,"column":78}},"36":{"start":{"line":137,"column":56},"end":{"line":137,"column":74}},"37":{"start":{"line":138,"column":6},"end":{"line":138,"column":65}},"38":{"start":{"line":141,"column":4},"end":{"line":141,"column":18}},"39":{"start":{"line":153,"column":4},"end":{"line":164,"column":6}},"40":{"start":{"line":157,"column":32},"end":{"line":160,"column":8}},"41":{"start":{"line":176,"column":20},"end":{"line":176,"column":54}},"42":{"start":{"line":178,"column":4},"end":{"line":189,"column":6}},"43":{"start":{"line":182,"column":32},"end":{"line":185,"column":8}},"44":{"start":{"line":201,"column":20},"end":{"line":201,"column":60}},"45":{"start":{"line":203,"column":4},"end":{"line":214,"column":6}},"46":{"start":{"line":207,"column":33},"end":{"line":210,"column":8}},"47":{"start":{"line":229,"column":16},"end":{"line":229,"column":20}},"48":{"start":{"line":230,"column":31},"end":{"line":230,"column":32}},"49":{"start":{"line":231,"column":25},"end":{"line":231,"column":26}},"50":{"start":{"line":232,"column":29},"end":{"line":232,"column":30}},"51":{"start":{"line":235,"column":4},"end":{"line":238,"column":5}},"52":{"start":{"line":235,"column":23},"end":{"line":235,"column":45}},"53":{"start":{"line":236,"column":6},"end":{"line":236,"column":28}},"54":{"start":{"line":237,"column":6},"end":{"line":237,"column":30}},"55":{"start":{"line":241,"column":4},"end":{"line":244,"column":5}},"56":{"start":{"line":242,"column":6},"end":{"line":242,"column":32}},"57":{"start":{"line":243,"column":6},"end":{"line":243,"column":34}},"58":{"start":{"line":246,"column":4},"end":{"line":252,"column":6}},"59":{"start":{"line":265,"column":16},"end":{"line":265,"column":20}},"60":{"start":{"line":266,"column":31},"end":{"line":266,"column":32}},"61":{"start":{"line":267,"column":25},"end":{"line":267,"column":26}},"62":{"start":{"line":268,"column":29},"end":{"line":268,"column":30}},"63":{"start":{"line":271,"column":23},"end":{"line":271,"column":43}},"64":{"start":{"line":272,"column":4},"end":{"line":275,"column":5}},"65":{"start":{"line":273,"column":6},"end":{"line":273,"column":28}},"66":{"start":{"line":274,"column":6},"end":{"line":274,"column":30}},"67":{"start":{"line":278,"column":4},"end":{"line":281,"column":5}},"68":{"start":{"line":278,"column":24},"end":{"line":278,"column":83}},"69":{"start":{"line":279,"column":6},"end":{"line":279,"column":32}},"70":{"start":{"line":280,"column":6},"end":{"line":280,"column":34}},"71":{"start":{"line":284,"column":4},"end":{"line":287,"column":5}},"72":{"start":{"line":284,"column":24},"end":{"line":284,"column":57}},"73":{"start":{"line":285,"column":6},"end":{"line":285,"column":62}},"74":{"start":{"line":286,"column":6},"end":{"line":286,"column":20}},"75":{"start":{"line":289,"column":4},"end":{"line":295,"column":6}},"76":{"start":{"line":302,"column":30},"end":{"line":302,"column":32}},"77":{"start":{"line":304,"column":4},"end":{"line":306,"column":5}},"78":{"start":{"line":305,"column":6},"end":{"line":305,"column":40}},"79":{"start":{"line":307,"column":4},"end":{"line":309,"column":5}},"80":{"start":{"line":308,"column":6},"end":{"line":308,"column":58}},"81":{"start":{"line":310,"column":4},"end":{"line":312,"column":5}},"82":{"start":{"line":311,"column":6},"end":{"line":311,"column":52}},"83":{"start":{"line":314,"column":4},"end":{"line":316,"column":5}},"84":{"start":{"line":315,"column":6},"end":{"line":315,"column":45}},"85":{"start":{"line":318,"column":4},"end":{"line":318,"column":58}},"86":{"start":{"line":325,"column":4},"end":{"line":325,"column":29}},"87":{"start":{"line":332,"column":4},"end":{"line":340,"column":6}},"88":{"start":{"line":54,"column":0},"end":{"line":54,"column":13}}},"fnMap":{"0":{"name":"(anonymous_0)","decl":{"start":{"line":54,"column":0},"end":{"line":54,"column":13}},"loc":{"start":{"line":54,"column":0},"end":{"line":342,"column":1}}},"1":{"name":"(anonymous_1)","decl":{"start":{"line":71,"column":2},"end":{"line":71,"column":7}},"loc":{"start":{"line":71,"column":39},"end":{"line":142,"column":3}}},"2":{"name":"(anonymous_2)","decl":{"start":{"line":121,"column":46},"end":{"line":121,"column":47}},"loc":{"start":{"line":121,"column":51},"end":{"line":121,"column":78}}},"3":{"name":"(anonymous_3)","decl":{"start":{"line":131,"column":16},"end":{"line":131,"column":17}},"loc":{"start":{"line":131,"column":26},"end":{"line":131,"column":53}}},"4":{"name":"(anonymous_4)","decl":{"start":{"line":137,"column":44},"end":{"line":137,"column":45}},"loc":{"start":{"line":137,"column":56},"end":{"line":137,"column":74}}},"5":{"name":"(anonymous_5)","decl":{"start":{"line":149,"column":10},"end":{"line":149,"column":30}},"loc":{"start":{"line":151,"column":28},"end":{"line":165,"column":3}}},"6":{"name":"(anonymous_6)","decl":{"start":{"line":157,"column":26},"end":{"line":157,"column":27}},"loc":{"start":{"line":157,"column":32},"end":{"line":160,"column":8}}},"7":{"name":"(anonymous_7)","decl":{"start":{"line":172,"column":10},"end":{"line":172,"column":28}},"loc":{"start":{"line":174,"column":28},"end":{"line":190,"column":3}}},"8":{"name":"(anonymous_8)","decl":{"start":{"line":182,"column":26},"end":{"line":182,"column":27}},"loc":{"start":{"line":182,"column":32},"end":{"line":185,"column":8}}},"9":{"name":"(anonymous_9)","decl":{"start":{"line":197,"column":10},"end":{"line":197,"column":33}},"loc":{"start":{"line":199,"column":25},"end":{"line":215,"column":3}}},"10":{"name":"(anonymous_10)","decl":{"start":{"line":207,"column":27},"end":{"line":207,"column":28}},"loc":{"start":{"line":207,"column":33},"end":{"line":210,"column":8}}},"11":{"name":"(anonymous_11)","decl":{"start":{"line":228,"column":10},"end":{"line":228,"column":33}},"loc":{"start":{"line":228,"column":58},"end":{"line":253,"column":3}}},"12":{"name":"(anonymous_12)","decl":{"start":{"line":235,"column":18},"end":{"line":235,"column":19}},"loc":{"start":{"line":235,"column":23},"end":{"line":235,"column":45}}},"13":{"name":"(anonymous_13)","decl":{"start":{"line":264,"column":10},"end":{"line":264,"column":38}},"loc":{"start":{"line":264,"column":60},"end":{"line":296,"column":3}}},"14":{"name":"(anonymous_14)","decl":{"start":{"line":278,"column":19},"end":{"line":278,"column":20}},"loc":{"start":{"line":278,"column":24},"end":{"line":278,"column":83}}},"15":{"name":"(anonymous_15)","decl":{"start":{"line":284,"column":19},"end":{"line":284,"column":20}},"loc":{"start":{"line":284,"column":24},"end":{"line":284,"column":57}}},"16":{"name":"(anonymous_16)","decl":{"start":{"line":301,"column":10},"end":{"line":301,"column":31}},"loc":{"start":{"line":301,"column":58},"end":{"line":319,"column":3}}},"17":{"name":"(anonymous_17)","decl":{"start":{"line":324,"column":2},"end":{"line":324,"column":10}},"loc":{"start":{"line":324,"column":10},"end":{"line":326,"column":3}}},"18":{"name":"(anonymous_18)","decl":{"start":{"line":331,"column":2},"end":{"line":331,"column":12}},"loc":{"start":{"line":331,"column":12},"end":{"line":341,"column":3}}}},"branchMap":{"0":{"loc":{"start":{"line":93,"column":6},"end":{"line":105,"column":7}},"type":"if","locations":[{"start":{"line":93,"column":6},"end":{"line":105,"column":7}},{"start":{"line":98,"column":13},"end":{"line":105,"column":7}}]},"1":{"loc":{"start":{"line":93,"column":10},"end":{"line":93,"column":42}},"type":"binary-expr","locations":[{"start":{"line":93,"column":10},"end":{"line":93,"column":23}},{"start":{"line":93,"column":27},"end":{"line":93,"column":42}}]},"2":{"loc":{"start":{"line":98,"column":13},"end":{"line":105,"column":7}},"type":"if","locations":[{"start":{"line":98,"column":13},"end":{"line":105,"column":7}}]},"3":{"loc":{"start":{"line":101,"column":8},"end":{"line":104,"column":9}},"type":"if","locations":[{"start":{"line":101,"column":8},"end":{"line":104,"column":9}}]},"4":{"loc":{"start":{"line":112,"column":6},"end":{"line":127,"column":7}},"type":"if","locations":[{"start":{"line":112,"column":6},"end":{"line":127,"column":7}}]},"5":{"loc":{"start":{"line":114,"column":8},"end":{"line":116,"column":9}},"type":"if","locations":[{"start":{"line":114,"column":8},"end":{"line":116,"column":9}}]},"6":{"loc":{"start":{"line":119,"column":8},"end":{"line":126,"column":9}},"type":"if","locations":[{"start":{"line":119,"column":8},"end":{"line":126,"column":9}}]},"7":{"loc":{"start":{"line":122,"column":10},"end":{"line":125,"column":11}},"type":"if","locations":[{"start":{"line":122,"column":10},"end":{"line":125,"column":11}}]},"8":{"loc":{"start":{"line":136,"column":4},"end":{"line":139,"column":5}},"type":"if","locations":[{"start":{"line":136,"column":4},"end":{"line":139,"column":5}}]},"9":{"loc":{"start":{"line":235,"column":4},"end":{"line":238,"column":5}},"type":"if","locations":[{"start":{"line":235,"column":4},"end":{"line":238,"column":5}}]},"10":{"loc":{"start":{"line":241,"column":4},"end":{"line":244,"column":5}},"type":"if","locations":[{"start":{"line":241,"column":4},"end":{"line":244,"column":5}}]},"11":{"loc":{"start":{"line":272,"column":4},"end":{"line":275,"column":5}},"type":"if","locations":[{"start":{"line":272,"column":4},"end":{"line":275,"column":5}}]},"12":{"loc":{"start":{"line":278,"column":4},"end":{"line":281,"column":5}},"type":"if","locations":[{"start":{"line":278,"column":4},"end":{"line":281,"column":5}}]},"13":{"loc":{"start":{"line":278,"column":24},"end":{"line":278,"column":83}},"type":"binary-expr","locations":[{"start":{"line":278,"column":24},"end":{"line":278,"column":48}},{"start":{"line":278,"column":52},"end":{"line":278,"column":83}}]},"14":{"loc":{"start":{"line":284,"column":4},"end":{"line":287,"column":5}},"type":"if","locations":[{"start":{"line":284,"column":4},"end":{"line":287,"column":5}}]},"15":{"loc":{"start":{"line":304,"column":4},"end":{"line":306,"column":5}},"type":"if","locations":[{"start":{"line":304,"column":4},"end":{"line":306,"column":5}}]},"16":{"loc":{"start":{"line":307,"column":4},"end":{"line":309,"column":5}},"type":"if","locations":[{"start":{"line":307,"column":4},"end":{"line":309,"column":5}}]},"17":{"loc":{"start":{"line":310,"column":4},"end":{"line":312,"column":5}},"type":"if","locations":[{"start":{"line":310,"column":4},"end":{"line":312,"column":5}}]},"18":{"loc":{"start":{"line":314,"column":4},"end":{"line":316,"column":5}},"type":"if","locations":[{"start":{"line":314,"column":4},"end":{"line":316,"column":5}}]}},"s":{"0":1,"1":19,"2":18,"3":18,"4":18,"5":18,"6":327,"7":327,"8":327,"9":327,"10":9,"11":9,"12":9,"13":318,"14":158,"15":158,"16":154,"17":154,"18":18,"19":160,"20":160,"21":156,"22":0,"23":156,"24":156,"25":153,"26":33679,"27":153,"28":153,"29":153,"30":18,"31":308,"32":18,"33":18,"34":18,"35":10,"36":316,"37":10,"38":18,"39":9,"40":9,"41":158,"42":158,"43":160,"44":156,"45":156,"46":156,"47":158,"48":158,"49":158,"50":158,"51":158,"52":159,"53":3,"54":3,"55":158,"56":2,"57":2,"58":158,"59":156,"60":156,"61":156,"62":156,"63":156,"64":156,"65":1,"66":1,"67":156,"68":156,"69":2,"70":2,"71":156,"72":156,"73":2,"74":2,"75":156,"76":314,"77":314,"78":0,"79":314,"80":4,"81":314,"82":5,"83":314,"84":307,"85":7,"86":2,"87":1,"88":1},"f":{"0":19,"1":18,"2":33679,"3":308,"4":316,"5":9,"6":9,"7":158,"8":160,"9":156,"10":156,"11":158,"12":159,"13":156,"14":156,"15":156,"16":314,"17":2,"18":1},"b":{"0":[9,318],"1":[327,167],"2":[158],"3":[154],"4":[156],"5":[0],"6":[153],"7":[153],"8":[10],"9":[3],"10":[2],"11":[1],"12":[2],"13":[156,154],"14":[2],"15":[0],"16":[4],"17":[5],"18":[307]}}
,"/home/eric/Godot/ProtoBd/cts_mcp/src/artifacts/clustering/community_detection.ts": {"path":"/home/eric/Godot/ProtoBd/cts_mcp/src/artifacts/clustering/community_detection.ts","statementMap":{"0":{"start":{"line":31,"column":0},"end":{"line":31,"column":16}},"1":{"start":{"line":35,"column":20},"end":{"line":35,"column":37}},"2":{"start":{"line":38,"column":2},"end":{"line":44,"column":3}},"3":{"start":{"line":39,"column":4},"end":{"line":43,"column":6}},"4":{"start":{"line":47,"column":2},"end":{"line":54,"column":3}},"5":{"start":{"line":48,"column":19},"end":{"line":48,"column":30}},"6":{"start":{"line":49,"column":4},"end":{"line":53,"column":6}},"7":{"start":{"line":57,"column":26},"end":{"line":60,"column":5}},"8":{"start":{"line":57,"column":45},"end":{"line":60,"column":4}},"9":{"start":{"line":63,"column":20},"end":{"line":63,"column":50}},"10":{"start":{"line":64,"column":2},"end":{"line":64,"column":59}},"11":{"start":{"line":64,"column":24},"end":{"line":64,"column":57}},"12":{"start":{"line":66,"column":2},"end":{"line":69,"column":5}},"13":{"start":{"line":67,"column":4},"end":{"line":67,"column":49}},"14":{"start":{"line":68,"column":4},"end":{"line":68,"column":49}},"15":{"start":{"line":72,"column":18},"end":{"line":72,"column":43}},"16":{"start":{"line":73,"column":2},"end":{"line":75,"column":5}},"17":{"start":{"line":74,"column":4},"end":{"line":74,"column":60}},"18":{"start":{"line":77,"column":21},"end":{"line":77,"column":43}},"19":{"start":{"line":78,"column":13},"end":{"line":78,"column":27}},"20":{"start":{"line":81,"column":24},"end":{"line":81,"column":49}},"21":{"start":{"line":82,"column":19},"end":{"line":82,"column":49}},"22":{"start":{"line":84,"column":2},"end":{"line":87,"column":5}},"23":{"start":{"line":85,"column":4},"end":{"line":85,"column":38}},"24":{"start":{"line":86,"column":4},"end":{"line":86,"column":44}},"25":{"start":{"line":90,"column":17},"end":{"line":90,"column":21}},"26":{"start":{"line":91,"column":19},"end":{"line":91,"column":20}},"27":{"start":{"line":92,"column":24},"end":{"line":92,"column":27}},"28":{"start":{"line":94,"column":2},"end":{"line":152,"column":3}},"29":{"start":{"line":95,"column":4},"end":{"line":95,"column":21}},"30":{"start":{"line":96,"column":4},"end":{"line":96,"column":17}},"31":{"start":{"line":98,"column":4},"end":{"line":151,"column":5}},"32":{"start":{"line":99,"column":21},"end":{"line":99,"column":28}},"33":{"start":{"line":100,"column":29},"end":{"line":100,"column":55}},"34":{"start":{"line":101,"column":24},"end":{"line":101,"column":58}},"35":{"start":{"line":104,"column":31},"end":{"line":104,"column":48}},"36":{"start":{"line":105,"column":6},"end":{"line":110,"column":9}},"37":{"start":{"line":106,"column":24},"end":{"line":106,"column":53}},"38":{"start":{"line":107,"column":8},"end":{"line":109,"column":9}},"39":{"start":{"line":108,"column":10},"end":{"line":108,"column":40}},"40":{"start":{"line":113,"column":24},"end":{"line":113,"column":38}},"41":{"start":{"line":114,"column":21},"end":{"line":114,"column":22}},"42":{"start":{"line":116,"column":6},"end":{"line":132,"column":7}},"43":{"start":{"line":117,"column":21},"end":{"line":125,"column":null}},"44":{"start":{"line":128,"column":8},"end":{"line":131,"column":9}},"45":{"start":{"line":129,"column":10},"end":{"line":129,"column":26}},"46":{"start":{"line":130,"column":10},"end":{"line":130,"column":38}},"47":{"start":{"line":135,"column":6},"end":{"line":150,"column":7}},"48":{"start":{"line":136,"column":8},"end":{"line":136,"column":53}},"49":{"start":{"line":139,"column":8},"end":{"line":141,"column":9}},"50":{"start":{"line":140,"column":10},"end":{"line":140,"column":42}},"51":{"start":{"line":143,"column":8},"end":{"line":145,"column":9}},"52":{"start":{"line":144,"column":10},"end":{"line":144,"column":47}},"53":{"start":{"line":146,"column":8},"end":{"line":146,"column":47}},"54":{"start":{"line":147,"column":8},"end":{"line":147,"column":47}},"55":{"start":{"line":149,"column":8},"end":{"line":149,"column":24}},"56":{"start":{"line":155,"column":21},"end":{"line":159,"column":null}},"57":{"start":{"line":162,"column":19},"end":{"line":162,"column":48}},"58":{"start":{"line":163,"column":2},"end":{"line":163,"column":77}},"59":{"start":{"line":164,"column":2},"end":{"line":164,"column":104}},"60":{"start":{"line":166,"column":2},"end":{"line":166,"column":49}},"61":{"start":{"line":182,"column":20},"end":{"line":182,"column":54}},"62":{"start":{"line":183,"column":21},"end":{"line":183,"column":45}},"63":{"start":{"line":186,"column":22},"end":{"line":186,"column":23}},"64":{"start":{"line":187,"column":2},"end":{"line":191,"column":5}},"65":{"start":{"line":188,"column":4},"end":{"line":190,"column":5}},"66":{"start":{"line":189,"column":6},"end":{"line":189,"column":22}},"67":{"start":{"line":194,"column":24},"end":{"line":194,"column":25}},"68":{"start":{"line":195,"column":2},"end":{"line":199,"column":5}},"69":{"start":{"line":196,"column":4},"end":{"line":198,"column":5}},"70":{"start":{"line":197,"column":6},"end":{"line":197,"column":24}},"71":{"start":{"line":202,"column":29},"end":{"line":202,"column":65}},"72":{"start":{"line":203,"column":24},"end":{"line":203,"column":25}},"73":{"start":{"line":204,"column":2},"end":{"line":206,"column":5}},"74":{"start":{"line":205,"column":4},"end":{"line":205,"column":44}},"75":{"start":{"line":209,"column":29},"end":{"line":209,"column":67}},"76":{"start":{"line":210,"column":24},"end":{"line":210,"column":25}},"77":{"start":{"line":211,"column":2},"end":{"line":213,"column":5}},"78":{"start":{"line":212,"column":4},"end":{"line":212,"column":44}},"79":{"start":{"line":217,"column":4},"end":{"line":218,"column":79}},"80":{"start":{"line":220,"column":2},"end":{"line":220,"column":14}},"81":{"start":{"line":232,"column":2},"end":{"line":232,"column":33}},"82":{"start":{"line":232,"column":24},"end":{"line":232,"column":33}},"83":{"start":{"line":234,"column":13},"end":{"line":234,"column":27}},"84":{"start":{"line":235,"column":19},"end":{"line":235,"column":20}},"85":{"start":{"line":237,"column":2},"end":{"line":257,"column":5}},"86":{"start":{"line":238,"column":24},"end":{"line":238,"column":25}},"87":{"start":{"line":239,"column":20},"end":{"line":239,"column":21}},"88":{"start":{"line":241,"column":4},"end":{"line":250,"column":7}},"89":{"start":{"line":242,"column":6},"end":{"line":242,"column":44}},"90":{"start":{"line":244,"column":24},"end":{"line":244,"column":58}},"91":{"start":{"line":245,"column":6},"end":{"line":249,"column":9}},"92":{"start":{"line":246,"column":8},"end":{"line":248,"column":9}},"93":{"start":{"line":247,"column":10},"end":{"line":247,"column":26}},"94":{"start":{"line":253,"column":4},"end":{"line":253,"column":23}},"95":{"start":{"line":256,"column":4},"end":{"line":256,"column":75}},"96":{"start":{"line":259,"column":2},"end":{"line":259,"column":20}}},"fnMap":{"0":{"name":"detectCommunities","decl":{"start":{"line":31,"column":16},"end":{"line":31,"column":33}},"loc":{"start":{"line":33,"column":20},"end":{"line":167,"column":1}}},"1":{"name":"(anonymous_1)","decl":{"start":{"line":57,"column":36},"end":{"line":57,"column":40}},"loc":{"start":{"line":57,"column":45},"end":{"line":60,"column":4}}},"2":{"name":"(anonymous_2)","decl":{"start":{"line":64,"column":16},"end":{"line":64,"column":20}},"loc":{"start":{"line":64,"column":24},"end":{"line":64,"column":57}}},"3":{"name":"(anonymous_3)","decl":{"start":{"line":66,"column":26},"end":{"line":66,"column":30}},"loc":{"start":{"line":66,"column":33},"end":{"line":69,"column":3}}},"4":{"name":"(anonymous_4)","decl":{"start":{"line":73,"column":16},"end":{"line":73,"column":20}},"loc":{"start":{"line":73,"column":23},"end":{"line":75,"column":3}}},"5":{"name":"(anonymous_5)","decl":{"start":{"line":84,"column":16},"end":{"line":84,"column":17}},"loc":{"start":{"line":84,"column":32},"end":{"line":87,"column":3}}},"6":{"name":"(anonymous_6)","decl":{"start":{"line":105,"column":24},"end":{"line":105,"column":34}},"loc":{"start":{"line":105,"column":37},"end":{"line":110,"column":7}}},"7":{"name":"calculateModularityGain","decl":{"start":{"line":172,"column":9},"end":{"line":172,"column":32}},"loc":{"start":{"line":180,"column":12},"end":{"line":221,"column":1}}},"8":{"name":"(anonymous_8)","decl":{"start":{"line":187,"column":20},"end":{"line":187,"column":30}},"loc":{"start":{"line":187,"column":33},"end":{"line":191,"column":3}}},"9":{"name":"(anonymous_9)","decl":{"start":{"line":195,"column":20},"end":{"line":195,"column":30}},"loc":{"start":{"line":195,"column":33},"end":{"line":199,"column":3}}},"10":{"name":"(anonymous_10)","decl":{"start":{"line":204,"column":29},"end":{"line":204,"column":31}},"loc":{"start":{"line":204,"column":34},"end":{"line":206,"column":3}}},"11":{"name":"(anonymous_11)","decl":{"start":{"line":211,"column":29},"end":{"line":211,"column":31}},"loc":{"start":{"line":211,"column":34},"end":{"line":213,"column":3}}},"12":{"name":"calculateModularity","decl":{"start":{"line":226,"column":9},"end":{"line":226,"column":28}},"loc":{"start":{"line":230,"column":20},"end":{"line":260,"column":1}}},"13":{"name":"(anonymous_13)","decl":{"start":{"line":237,"column":19},"end":{"line":237,"column":31}},"loc":{"start":{"line":237,"column":34},"end":{"line":257,"column":3}}},"14":{"name":"(anonymous_14)","decl":{"start":{"line":241,"column":25},"end":{"line":241,"column":31}},"loc":{"start":{"line":241,"column":34},"end":{"line":250,"column":5}}},"15":{"name":"(anonymous_15)","decl":{"start":{"line":245,"column":24},"end":{"line":245,"column":34}},"loc":{"start":{"line":245,"column":37},"end":{"line":249,"column":7}}}},"branchMap":{"0":{"loc":{"start":{"line":38,"column":2},"end":{"line":44,"column":3}},"type":"if","locations":[{"start":{"line":38,"column":2},"end":{"line":44,"column":3}}]},"1":{"loc":{"start":{"line":47,"column":2},"end":{"line":54,"column":3}},"type":"if","locations":[{"start":{"line":47,"column":2},"end":{"line":54,"column":3}}]},"2":{"loc":{"start":{"line":58,"column":12},"end":{"line":58,"column":74}},"type":"cond-expr","locations":[{"start":{"line":58,"column":46},"end":{"line":58,"column":57}},{"start":{"line":58,"column":60},"end":{"line":58,"column":74}}]},"3":{"loc":{"start":{"line":59,"column":12},"end":{"line":59,"column":74}},"type":"cond-expr","locations":[{"start":{"line":59,"column":46},"end":{"line":59,"column":57}},{"start":{"line":59,"column":60},"end":{"line":59,"column":74}}]},"4":{"loc":{"start":{"line":74,"column":25},"end":{"line":74,"column":58}},"type":"binary-expr","locations":[{"start":{"line":74,"column":25},"end":{"line":74,"column":53}},{"start":{"line":74,"column":57},"end":{"line":74,"column":58}}]},"5":{"loc":{"start":{"line":94,"column":9},"end":{"line":94,"column":47}},"type":"binary-expr","locations":[{"start":{"line":94,"column":9},"end":{"line":94,"column":17}},{"start":{"line":94,"column":21},"end":{"line":94,"column":47}}]},"6":{"loc":{"start":{"line":101,"column":24},"end":{"line":101,"column":58}},"type":"binary-expr","locations":[{"start":{"line":101,"column":24},"end":{"line":101,"column":45}},{"start":{"line":101,"column":49},"end":{"line":101,"column":58}}]},"7":{"loc":{"start":{"line":107,"column":8},"end":{"line":109,"column":9}},"type":"if","locations":[{"start":{"line":107,"column":8},"end":{"line":109,"column":9}}]},"8":{"loc":{"start":{"line":107,"column":12},"end":{"line":107,"column":63}},"type":"binary-expr","locations":[{"start":{"line":107,"column":12},"end":{"line":107,"column":33}},{"start":{"line":107,"column":37},"end":{"line":107,"column":63}}]},"9":{"loc":{"start":{"line":128,"column":8},"end":{"line":131,"column":9}},"type":"if","locations":[{"start":{"line":128,"column":8},"end":{"line":131,"column":9}}]},"10":{"loc":{"start":{"line":135,"column":6},"end":{"line":150,"column":7}},"type":"if","locations":[{"start":{"line":135,"column":6},"end":{"line":150,"column":7}}]},"11":{"loc":{"start":{"line":135,"column":10},"end":{"line":135,"column":59}},"type":"binary-expr","locations":[{"start":{"line":135,"column":10},"end":{"line":135,"column":40}},{"start":{"line":135,"column":44},"end":{"line":135,"column":59}}]},"12":{"loc":{"start":{"line":139,"column":8},"end":{"line":141,"column":9}},"type":"if","locations":[{"start":{"line":139,"column":8},"end":{"line":141,"column":9}}]},"13":{"loc":{"start":{"line":143,"column":8},"end":{"line":145,"column":9}},"type":"if","locations":[{"start":{"line":143,"column":8},"end":{"line":145,"column":9}}]},"14":{"loc":{"start":{"line":182,"column":20},"end":{"line":182,"column":54}},"type":"binary-expr","locations":[{"start":{"line":182,"column":20},"end":{"line":182,"column":41}},{"start":{"line":182,"column":45},"end":{"line":182,"column":54}}]},"15":{"loc":{"start":{"line":183,"column":21},"end":{"line":183,"column":45}},"type":"binary-expr","locations":[{"start":{"line":183,"column":21},"end":{"line":183,"column":40}},{"start":{"line":183,"column":44},"end":{"line":183,"column":45}}]},"16":{"loc":{"start":{"line":188,"column":4},"end":{"line":190,"column":5}},"type":"if","locations":[{"start":{"line":188,"column":4},"end":{"line":190,"column":5}}]},"17":{"loc":{"start":{"line":196,"column":4},"end":{"line":198,"column":5}},"type":"if","locations":[{"start":{"line":196,"column":4},"end":{"line":198,"column":5}}]},"18":{"loc":{"start":{"line":202,"column":29},"end":{"line":202,"column":65}},"type":"binary-expr","locations":[{"start":{"line":202,"column":29},"end":{"line":202,"column":52}},{"start":{"line":202,"column":56},"end":{"line":202,"column":65}}]},"19":{"loc":{"start":{"line":205,"column":23},"end":{"line":205,"column":43}},"type":"binary-expr","locations":[{"start":{"line":205,"column":23},"end":{"line":205,"column":38}},{"start":{"line":205,"column":42},"end":{"line":205,"column":43}}]},"20":{"loc":{"start":{"line":209,"column":29},"end":{"line":209,"column":67}},"type":"binary-expr","locations":[{"start":{"line":209,"column":29},"end":{"line":209,"column":54}},{"start":{"line":209,"column":58},"end":{"line":209,"column":67}}]},"21":{"loc":{"start":{"line":212,"column":23},"end":{"line":212,"column":43}},"type":"binary-expr","locations":[{"start":{"line":212,"column":23},"end":{"line":212,"column":38}},{"start":{"line":212,"column":42},"end":{"line":212,"column":43}}]},"22":{"loc":{"start":{"line":232,"column":2},"end":{"line":232,"column":33}},"type":"if","locations":[{"start":{"line":232,"column":2},"end":{"line":232,"column":33}}]},"23":{"loc":{"start":{"line":242,"column":19},"end":{"line":242,"column":43}},"type":"binary-expr","locations":[{"start":{"line":242,"column":19},"end":{"line":242,"column":38}},{"start":{"line":242,"column":42},"end":{"line":242,"column":43}}]},"24":{"loc":{"start":{"line":244,"column":24},"end":{"line":244,"column":58}},"type":"binary-expr","locations":[{"start":{"line":244,"column":24},"end":{"line":244,"column":45}},{"start":{"line":244,"column":49},"end":{"line":244,"column":58}}]},"25":{"loc":{"start":{"line":246,"column":8},"end":{"line":248,"column":9}},"type":"if","locations":[{"start":{"line":246,"column":8},"end":{"line":248,"column":9}}]}},"s":{"0":1,"1":16,"2":16,"3":1,"4":15,"5":1,"6":1,"7":14,"8":0,"9":14,"10":14,"11":408,"12":14,"13":0,"14":0,"15":14,"16":14,"17":408,"18":14,"19":14,"20":14,"21":14,"22":14,"23":408,"24":408,"25":14,"26":14,"27":14,"28":14,"29":14,"30":14,"31":14,"32":408,"33":408,"34":408,"35":408,"36":408,"37":0,"38":0,"39":0,"40":408,"41":408,"42":408,"43":0,"44":0,"45":0,"46":0,"47":408,"48":0,"49":0,"50":0,"51":0,"52":0,"53":0,"54":0,"55":0,"56":14,"57":14,"58":14,"59":14,"60":14,"61":0,"62":0,"63":0,"64":0,"65":0,"66":0,"67":0,"68":0,"69":0,"70":0,"71":0,"72":0,"73":0,"74":0,"75":0,"76":0,"77":0,"78":0,"79":0,"80":0,"81":14,"82":14,"83":0,"84":0,"85":0,"86":0,"87":0,"88":0,"89":0,"90":0,"91":0,"92":0,"93":0,"94":0,"95":0,"96":0},"f":{"0":16,"1":0,"2":408,"3":0,"4":408,"5":408,"6":0,"7":0,"8":0,"9":0,"10":0,"11":0,"12":14,"13":0,"14":0,"15":0},"b":{"0":[1],"1":[1],"2":[0,0],"3":[0,0],"4":[408,408],"5":[28,14],"6":[408,0],"7":[0],"8":[0,0],"9":[0],"10":[0],"11":[408,0],"12":[0],"13":[0],"14":[0,0],"15":[0,0],"16":[0],"17":[0],"18":[0,0],"19":[0,0],"20":[0,0],"21":[0,0],"22":[14],"23":[0,0],"24":[0,0],"25":[0]}}
,"/home/eric/Godot/ProtoBd/cts_mcp/src/artifacts/clustering/hierarchical_clusterer.ts": {"path":"/home/eric/Godot/ProtoBd/cts_mcp/src/artifacts/clustering/hierarchical_clusterer.ts","statementMap":{"0":{"start":{"line":22,"column":0},"end":{"line":22,"column":61}},"1":{"start":{"line":23,"column":0},"end":{"line":23,"column":50}},"2":{"start":{"line":30,"column":4},"end":{"line":30,"column":38}},"3":{"start":{"line":31,"column":4},"end":{"line":39,"column":6}},"4":{"start":{"line":55,"column":22},"end":{"line":55,"column":39}},"5":{"start":{"line":57,"column":4},"end":{"line":57,"column":57}},"6":{"start":{"line":58,"column":4},"end":{"line":58,"column":105}},"7":{"start":{"line":61,"column":27},"end":{"line":61,"column":63}},"8":{"start":{"line":62,"column":4},"end":{"line":62,"column":45}},"9":{"start":{"line":64,"column":24},"end":{"line":64,"column":53}},"10":{"start":{"line":65,"column":4},"end":{"line":65,"column":113}},"11":{"start":{"line":68,"column":29},"end":{"line":68,"column":60}},"12":{"start":{"line":70,"column":4},"end":{"line":70,"column":97}},"13":{"start":{"line":73,"column":27},"end":{"line":73,"column":58}},"14":{"start":{"line":75,"column":4},"end":{"line":75,"column":150}},"15":{"start":{"line":78,"column":28},"end":{"line":78,"column":61}},"16":{"start":{"line":79,"column":4},"end":{"line":89,"column":5}},"17":{"start":{"line":80,"column":26},"end":{"line":80,"column":47}},"18":{"start":{"line":81,"column":34},"end":{"line":81,"column":86}},"19":{"start":{"line":83,"column":6},"end":{"line":88,"column":9}},"20":{"start":{"line":87,"column":37},"end":{"line":87,"column":69}},"21":{"start":{"line":92,"column":24},"end":{"line":92,"column":59}},"22":{"start":{"line":93,"column":27},"end":{"line":93,"column":28}},"23":{"start":{"line":95,"column":4},"end":{"line":124,"column":5}},"24":{"start":{"line":96,"column":6},"end":{"line":123,"column":7}},"25":{"start":{"line":97,"column":28},"end":{"line":97,"column":53}},"26":{"start":{"line":100,"column":8},"end":{"line":103,"column":9}},"27":{"start":{"line":101,"column":10},"end":{"line":101,"column":149}},"28":{"start":{"line":102,"column":10},"end":{"line":102,"column":19}},"29":{"start":{"line":106,"column":25},"end":{"line":106,"column":65}},"30":{"start":{"line":109,"column":26},"end":{"line":109,"column":75}},"31":{"start":{"line":112,"column":8},"end":{"line":122,"column":9}},"32":{"start":{"line":113,"column":10},"end":{"line":117,"column":13}},"33":{"start":{"line":119,"column":10},"end":{"line":119,"column":54}},"34":{"start":{"line":121,"column":10},"end":{"line":121,"column":164}},"35":{"start":{"line":127,"column":21},"end":{"line":127,"column":50}},"36":{"start":{"line":129,"column":25},"end":{"line":129,"column":86}},"37":{"start":{"line":129,"column":79},"end":{"line":129,"column":85}},"38":{"start":{"line":130,"column":27},"end":{"line":130,"column":88}},"39":{"start":{"line":130,"column":57},"end":{"line":130,"column":62}},"40":{"start":{"line":131,"column":27},"end":{"line":131,"column":52}},"41":{"start":{"line":132,"column":27},"end":{"line":132,"column":52}},"42":{"start":{"line":134,"column":4},"end":{"line":142,"column":6}},"43":{"start":{"line":144,"column":4},"end":{"line":144,"column":83}},"44":{"start":{"line":145,"column":4},"end":{"line":145,"column":138}},"45":{"start":{"line":147,"column":4},"end":{"line":159,"column":6}},"46":{"start":{"line":167,"column":31},"end":{"line":167,"column":33}},"47":{"start":{"line":168,"column":31},"end":{"line":168,"column":33}},"48":{"start":{"line":171,"column":4},"end":{"line":173,"column":5}},"49":{"start":{"line":172,"column":6},"end":{"line":172,"column":37}},"50":{"start":{"line":176,"column":4},"end":{"line":201,"column":5}},"51":{"start":{"line":178,"column":25},"end":{"line":178,"column":60}},"52":{"start":{"line":179,"column":6},"end":{"line":184,"column":7}},"53":{"start":{"line":180,"column":8},"end":{"line":182,"column":9}},"54":{"start":{"line":181,"column":10},"end":{"line":181,"column":48}},"55":{"start":{"line":183,"column":8},"end":{"line":183,"column":58}},"56":{"start":{"line":187,"column":6},"end":{"line":200,"column":7}},"57":{"start":{"line":188,"column":8},"end":{"line":199,"column":9}},"58":{"start":{"line":189,"column":10},"end":{"line":198,"column":11}},"59":{"start":{"line":189,"column":23},"end":{"line":189,"column":24}},"60":{"start":{"line":190,"column":12},"end":{"line":197,"column":13}},"61":{"start":{"line":190,"column":25},"end":{"line":190,"column":30}},"62":{"start":{"line":191,"column":27},"end":{"line":191,"column":54}},"63":{"start":{"line":192,"column":27},"end":{"line":192,"column":54}},"64":{"start":{"line":194,"column":14},"end":{"line":196,"column":15}},"65":{"start":{"line":195,"column":16},"end":{"line":195,"column":59}},"66":{"start":{"line":204,"column":4},"end":{"line":226,"column":5}},"67":{"start":{"line":206,"column":28},"end":{"line":206,"column":58}},"68":{"start":{"line":208,"column":6},"end":{"line":214,"column":7}},"69":{"start":{"line":209,"column":27},"end":{"line":209,"column":60}},"70":{"start":{"line":210,"column":8},"end":{"line":212,"column":9}},"71":{"start":{"line":211,"column":10},"end":{"line":211,"column":51}},"72":{"start":{"line":213,"column":8},"end":{"line":213,"column":55}},"73":{"start":{"line":216,"column":6},"end":{"line":225,"column":7}},"74":{"start":{"line":217,"column":24},"end":{"line":217,"column":45}},"75":{"start":{"line":218,"column":8},"end":{"line":224,"column":9}},"76":{"start":{"line":219,"column":10},"end":{"line":223,"column":11}},"77":{"start":{"line":219,"column":23},"end":{"line":219,"column":24}},"78":{"start":{"line":220,"column":12},"end":{"line":222,"column":13}},"79":{"start":{"line":220,"column":25},"end":{"line":220,"column":30}},"80":{"start":{"line":221,"column":14},"end":{"line":221,"column":69}},"81":{"start":{"line":229,"column":24},"end":{"line":229,"column":52}},"82":{"start":{"line":230,"column":4},"end":{"line":233,"column":5}},"83":{"start":{"line":231,"column":18},"end":{"line":231,"column":62}},"84":{"start":{"line":232,"column":6},"end":{"line":232,"column":33}},"85":{"start":{"line":235,"column":4},"end":{"line":235,"column":62}},"86":{"start":{"line":246,"column":20},"end":{"line":246,"column":36}},"87":{"start":{"line":247,"column":18},"end":{"line":247,"column":45}},"88":{"start":{"line":247,"column":37},"end":{"line":247,"column":43}},"89":{"start":{"line":249,"column":18},"end":{"line":254,"column":6}},"90":{"start":{"line":250,"column":23},"end":{"line":250,"column":85}},"91":{"start":{"line":251,"column":23},"end":{"line":251,"column":85}},"92":{"start":{"line":253,"column":6},"end":{"line":253,"column":60}},"93":{"start":{"line":256,"column":4},"end":{"line":256,"column":28}},"94":{"start":{"line":263,"column":4},"end":{"line":263,"column":29}},"95":{"start":{"line":270,"column":4},"end":{"line":278,"column":6}},"96":{"start":{"line":25,"column":0},"end":{"line":25,"column":13}}},"fnMap":{"0":{"name":"(anonymous_0)","decl":{"start":{"line":29,"column":2},"end":{"line":29,"column":null}},"loc":{"start":{"line":29,"column":2},"end":{"line":40,"column":3}}},"1":{"name":"(anonymous_1)","decl":{"start":{"line":50,"column":2},"end":{"line":50,"column":7}},"loc":{"start":{"line":53,"column":33},"end":{"line":160,"column":3}}},"2":{"name":"(anonymous_2)","decl":{"start":{"line":87,"column":31},"end":{"line":87,"column":32}},"loc":{"start":{"line":87,"column":37},"end":{"line":87,"column":69}}},"3":{"name":"(anonymous_3)","decl":{"start":{"line":129,"column":74},"end":{"line":129,"column":75}},"loc":{"start":{"line":129,"column":79},"end":{"line":129,"column":85}}},"4":{"name":"(anonymous_4)","decl":{"start":{"line":130,"column":47},"end":{"line":130,"column":48}},"loc":{"start":{"line":130,"column":57},"end":{"line":130,"column":62}}},"5":{"name":"(anonymous_5)","decl":{"start":{"line":166,"column":10},"end":{"line":166,"column":29}},"loc":{"start":{"line":166,"column":48},"end":{"line":236,"column":3}}},"6":{"name":"(anonymous_6)","decl":{"start":{"line":242,"column":10},"end":{"line":242,"column":25}},"loc":{"start":{"line":244,"column":25},"end":{"line":257,"column":3}}},"7":{"name":"(anonymous_7)","decl":{"start":{"line":247,"column":30},"end":{"line":247,"column":32}},"loc":{"start":{"line":247,"column":37},"end":{"line":247,"column":43}}},"8":{"name":"(anonymous_8)","decl":{"start":{"line":249,"column":34},"end":{"line":249,"column":38}},"loc":{"start":{"line":249,"column":41},"end":{"line":254,"column":5}}},"9":{"name":"(anonymous_9)","decl":{"start":{"line":262,"column":2},"end":{"line":262,"column":10}},"loc":{"start":{"line":262,"column":10},"end":{"line":264,"column":3}}},"10":{"name":"(anonymous_10)","decl":{"start":{"line":269,"column":2},"end":{"line":269,"column":12}},"loc":{"start":{"line":269,"column":12},"end":{"line":279,"column":3}}}},"branchMap":{"0":{"loc":{"start":{"line":52,"column":4},"end":{"line":52,"column":21}},"type":"default-arg","locations":[{"start":{"line":52,"column":20},"end":{"line":52,"column":21}}]},"1":{"loc":{"start":{"line":53,"column":4},"end":{"line":53,"column":33}},"type":"default-arg","locations":[{"start":{"line":53,"column":32},"end":{"line":53,"column":33}}]},"2":{"loc":{"start":{"line":95,"column":4},"end":{"line":124,"column":5}},"type":"if","locations":[{"start":{"line":95,"column":4},"end":{"line":124,"column":5}}]},"3":{"loc":{"start":{"line":100,"column":8},"end":{"line":103,"column":9}},"type":"if","locations":[{"start":{"line":100,"column":8},"end":{"line":103,"column":9}}]},"4":{"loc":{"start":{"line":112,"column":8},"end":{"line":122,"column":9}},"type":"if","locations":[{"start":{"line":112,"column":8},"end":{"line":122,"column":9}}]},"5":{"loc":{"start":{"line":152,"column":19},"end":{"line":152,"column":65}},"type":"cond-expr","locations":[{"start":{"line":152,"column":42},"end":{"line":152,"column":53}},{"start":{"line":152,"column":56},"end":{"line":152,"column":65}}]},"6":{"loc":{"start":{"line":180,"column":8},"end":{"line":182,"column":9}},"type":"if","locations":[{"start":{"line":180,"column":8},"end":{"line":182,"column":9}}]},"7":{"loc":{"start":{"line":188,"column":8},"end":{"line":199,"column":9}},"type":"if","locations":[{"start":{"line":188,"column":8},"end":{"line":199,"column":9}}]},"8":{"loc":{"start":{"line":194,"column":14},"end":{"line":196,"column":15}},"type":"if","locations":[{"start":{"line":194,"column":14},"end":{"line":196,"column":15}}]},"9":{"loc":{"start":{"line":210,"column":8},"end":{"line":212,"column":9}},"type":"if","locations":[{"start":{"line":210,"column":8},"end":{"line":212,"column":9}}]},"10":{"loc":{"start":{"line":218,"column":8},"end":{"line":224,"column":9}},"type":"if","locations":[{"start":{"line":218,"column":8},"end":{"line":224,"column":9}}]},"11":{"loc":{"start":{"line":250,"column":23},"end":{"line":250,"column":85}},"type":"cond-expr","locations":[{"start":{"line":250,"column":57},"end":{"line":250,"column":68}},{"start":{"line":250,"column":71},"end":{"line":250,"column":85}}]},"12":{"loc":{"start":{"line":251,"column":23},"end":{"line":251,"column":85}},"type":"cond-expr","locations":[{"start":{"line":251,"column":57},"end":{"line":251,"column":68}},{"start":{"line":251,"column":71},"end":{"line":251,"column":85}}]},"13":{"loc":{"start":{"line":253,"column":13},"end":{"line":253,"column":59}},"type":"binary-expr","locations":[{"start":{"line":253,"column":13},"end":{"line":253,"column":34}},{"start":{"line":253,"column":38},"end":{"line":253,"column":59}}]}},"s":{"0":1,"1":1,"2":16,"3":16,"4":16,"5":16,"6":16,"7":16,"8":16,"9":16,"10":16,"11":16,"12":16,"13":16,"14":16,"15":16,"16":16,"17":409,"18":409,"19":409,"20":0,"21":16,"22":16,"23":16,"24":4,"25":366,"26":366,"27":366,"28":366,"29":0,"30":0,"31":0,"32":0,"33":0,"34":0,"35":16,"36":16,"37":409,"38":16,"39":409,"40":16,"41":16,"42":16,"43":16,"44":16,"45":16,"46":16,"47":16,"48":16,"49":409,"50":16,"51":8,"52":8,"53":8,"54":8,"55":8,"56":8,"57":8,"58":0,"59":0,"60":0,"61":0,"62":0,"63":0,"64":0,"65":0,"66":16,"67":2,"68":2,"69":2,"70":2,"71":2,"72":2,"73":2,"74":2,"75":2,"76":0,"77":0,"78":0,"79":0,"80":0,"81":16,"82":16,"83":0,"84":0,"85":16,"86":0,"87":0,"88":0,"89":0,"90":0,"91":0,"92":0,"93":0,"94":2,"95":1,"96":1},"f":{"0":16,"1":16,"2":0,"3":409,"4":409,"5":16,"6":0,"7":0,"8":0,"9":2,"10":1},"b":{"0":[0],"1":[12],"2":[4],"3":[366],"4":[0],"5":[0,16],"6":[8],"7":[0],"8":[0],"9":[2],"10":[0],"11":[0,0],"12":[0,0],"13":[0,0]}}
,"/home/eric/Godot/ProtoBd/cts_mcp/src/artifacts/clustering/tfidf_labeler.ts": {"path":"/home/eric/Godot/ProtoBd/cts_mcp/src/artifacts/clustering/tfidf_labeler.ts","statementMap":{"0":{"start":{"line":21,"column":4},"end":{"line":21,"column":34}},"1":{"start":{"line":22,"column":4},"end":{"line":22,"column":26}},"2":{"start":{"line":30,"column":4},"end":{"line":30,"column":30}},"3":{"start":{"line":31,"column":4},"end":{"line":31,"column":46}},"4":{"start":{"line":33,"column":4},"end":{"line":43,"column":5}},"5":{"start":{"line":34,"column":21},"end":{"line":34,"column":46}},"6":{"start":{"line":37,"column":6},"end":{"line":42,"column":7}},"7":{"start":{"line":38,"column":8},"end":{"line":40,"column":9}},"8":{"start":{"line":39,"column":10},"end":{"line":39,"column":50}},"9":{"start":{"line":41,"column":8},"end":{"line":41,"column":54}},"10":{"start":{"line":54,"column":4},"end":{"line":56,"column":5}},"11":{"start":{"line":55,"column":6},"end":{"line":55,"column":29}},"12":{"start":{"line":58,"column":4},"end":{"line":61,"column":5}},"13":{"start":{"line":60,"column":6},"end":{"line":60,"column":28}},"14":{"start":{"line":64,"column":36},"end":{"line":64,"column":38}},"15":{"start":{"line":65,"column":4},"end":{"line":67,"column":5}},"16":{"start":{"line":66,"column":6},"end":{"line":66,"column":49}},"17":{"start":{"line":70,"column":21},"end":{"line":70,"column":46}},"18":{"start":{"line":71,"column":4},"end":{"line":73,"column":5}},"19":{"start":{"line":72,"column":6},"end":{"line":72,"column":58}},"20":{"start":{"line":76,"column":36},"end":{"line":76,"column":38}},"21":{"start":{"line":77,"column":4},"end":{"line":83,"column":5}},"22":{"start":{"line":78,"column":17},"end":{"line":78,"column":44}},"23":{"start":{"line":79,"column":18},"end":{"line":79,"column":41}},"24":{"start":{"line":80,"column":20},"end":{"line":80,"column":28}},"25":{"start":{"line":82,"column":6},"end":{"line":82,"column":48}},"26":{"start":{"line":86,"column":4},"end":{"line":86,"column":49}},"27":{"start":{"line":86,"column":30},"end":{"line":86,"column":47}},"28":{"start":{"line":89,"column":21},"end":{"line":89,"column":63}},"29":{"start":{"line":89,"column":56},"end":{"line":89,"column":62}},"30":{"start":{"line":92,"column":4},"end":{"line":92,"column":30}},"31":{"start":{"line":103,"column":4},"end":{"line":105,"column":5}},"32":{"start":{"line":104,"column":6},"end":{"line":104,"column":54}},"33":{"start":{"line":107,"column":4},"end":{"line":109,"column":5}},"34":{"start":{"line":108,"column":6},"end":{"line":108,"column":53}},"35":{"start":{"line":111,"column":36},"end":{"line":111,"column":38}},"36":{"start":{"line":112,"column":4},"end":{"line":114,"column":5}},"37":{"start":{"line":113,"column":6},"end":{"line":113,"column":49}},"38":{"start":{"line":116,"column":21},"end":{"line":116,"column":46}},"39":{"start":{"line":117,"column":4},"end":{"line":119,"column":5}},"40":{"start":{"line":118,"column":6},"end":{"line":118,"column":58}},"41":{"start":{"line":121,"column":36},"end":{"line":121,"column":38}},"42":{"start":{"line":122,"column":4},"end":{"line":128,"column":5}},"43":{"start":{"line":123,"column":17},"end":{"line":123,"column":44}},"44":{"start":{"line":124,"column":18},"end":{"line":124,"column":41}},"45":{"start":{"line":125,"column":20},"end":{"line":125,"column":28}},"46":{"start":{"line":127,"column":6},"end":{"line":127,"column":48}},"47":{"start":{"line":130,"column":4},"end":{"line":130,"column":49}},"48":{"start":{"line":130,"column":30},"end":{"line":130,"column":47}},"49":{"start":{"line":132,"column":21},"end":{"line":132,"column":46}},"50":{"start":{"line":133,"column":18},"end":{"line":133,"column":53}},"51":{"start":{"line":133,"column":36},"end":{"line":133,"column":42}},"52":{"start":{"line":135,"column":4},"end":{"line":135,"column":31}},"53":{"start":{"line":143,"column":19},"end":{"line":143,"column":66}},"54":{"start":{"line":143,"column":53},"end":{"line":143,"column":65}},"55":{"start":{"line":146,"column":23},"end":{"line":146,"column":82}},"56":{"start":{"line":147,"column":4},"end":{"line":147,"column":72}},"57":{"start":{"line":147,"column":34},"end":{"line":147,"column":70}},"58":{"start":{"line":157,"column":28},"end":{"line":157,"column":55}},"59":{"start":{"line":159,"column":4},"end":{"line":162,"column":5}},"60":{"start":{"line":161,"column":6},"end":{"line":161,"column":15}},"61":{"start":{"line":164,"column":15},"end":{"line":164,"column":35}},"62":{"start":{"line":165,"column":4},"end":{"line":165,"column":44}},"63":{"start":{"line":176,"column":22},"end":{"line":176,"column":23}},"64":{"start":{"line":177,"column":23},"end":{"line":177,"column":40}},"65":{"start":{"line":179,"column":4},"end":{"line":181,"column":5}},"66":{"start":{"line":180,"column":6},"end":{"line":180,"column":50}},"67":{"start":{"line":180,"column":29},"end":{"line":180,"column":48}},"68":{"start":{"line":183,"column":4},"end":{"line":185,"column":5}},"69":{"start":{"line":184,"column":6},"end":{"line":184,"column":54}},"70":{"start":{"line":187,"column":4},"end":{"line":191,"column":6}},"71":{"start":{"line":16,"column":0},"end":{"line":16,"column":13}}},"fnMap":{"0":{"name":"(anonymous_0)","decl":{"start":{"line":20,"column":2},"end":{"line":20,"column":null}},"loc":{"start":{"line":20,"column":2},"end":{"line":23,"column":3}}},"1":{"name":"(anonymous_1)","decl":{"start":{"line":29,"column":2},"end":{"line":29,"column":13}},"loc":{"start":{"line":29,"column":38},"end":{"line":44,"column":3}}},"2":{"name":"(anonymous_2)","decl":{"start":{"line":53,"column":2},"end":{"line":53,"column":15}},"loc":{"start":{"line":53,"column":55},"end":{"line":93,"column":3}}},"3":{"name":"(anonymous_3)","decl":{"start":{"line":86,"column":20},"end":{"line":86,"column":21}},"loc":{"start":{"line":86,"column":30},"end":{"line":86,"column":47}}},"4":{"name":"(anonymous_4)","decl":{"start":{"line":89,"column":51},"end":{"line":89,"column":52}},"loc":{"start":{"line":89,"column":56},"end":{"line":89,"column":62}}},"5":{"name":"(anonymous_5)","decl":{"start":{"line":99,"column":2},"end":{"line":99,"column":25}},"loc":{"start":{"line":101,"column":20},"end":{"line":136,"column":3}}},"6":{"name":"(anonymous_6)","decl":{"start":{"line":130,"column":20},"end":{"line":130,"column":21}},"loc":{"start":{"line":130,"column":30},"end":{"line":130,"column":47}}},"7":{"name":"(anonymous_7)","decl":{"start":{"line":133,"column":31},"end":{"line":133,"column":32}},"loc":{"start":{"line":133,"column":36},"end":{"line":133,"column":42}}},"8":{"name":"(anonymous_8)","decl":{"start":{"line":142,"column":10},"end":{"line":142,"column":18}},"loc":{"start":{"line":142,"column":37},"end":{"line":148,"column":3}}},"9":{"name":"(anonymous_9)","decl":{"start":{"line":143,"column":48},"end":{"line":143,"column":49}},"loc":{"start":{"line":143,"column":53},"end":{"line":143,"column":65}}},"10":{"name":"(anonymous_10)","decl":{"start":{"line":147,"column":25},"end":{"line":147,"column":30}},"loc":{"start":{"line":147,"column":34},"end":{"line":147,"column":70}}},"11":{"name":"(anonymous_11)","decl":{"start":{"line":156,"column":10},"end":{"line":156,"column":22}},"loc":{"start":{"line":156,"column":35},"end":{"line":166,"column":3}}},"12":{"name":"(anonymous_12)","decl":{"start":{"line":171,"column":2},"end":{"line":171,"column":16}},"loc":{"start":{"line":171,"column":16},"end":{"line":192,"column":3}}},"13":{"name":"(anonymous_13)","decl":{"start":{"line":180,"column":22},"end":{"line":180,"column":25}},"loc":{"start":{"line":180,"column":29},"end":{"line":180,"column":48}}}},"branchMap":{"0":{"loc":{"start":{"line":38,"column":8},"end":{"line":40,"column":9}},"type":"if","locations":[{"start":{"line":38,"column":8},"end":{"line":40,"column":9}}]},"1":{"loc":{"start":{"line":53,"column":39},"end":{"line":53,"column":55}},"type":"default-arg","locations":[{"start":{"line":53,"column":54},"end":{"line":53,"column":55}}]},"2":{"loc":{"start":{"line":54,"column":4},"end":{"line":56,"column":5}},"type":"if","locations":[{"start":{"line":54,"column":4},"end":{"line":56,"column":5}}]},"3":{"loc":{"start":{"line":58,"column":4},"end":{"line":61,"column":5}},"type":"if","locations":[{"start":{"line":58,"column":4},"end":{"line":61,"column":5}}]},"4":{"loc":{"start":{"line":72,"column":27},"end":{"line":72,"column":51}},"type":"binary-expr","locations":[{"start":{"line":72,"column":27},"end":{"line":72,"column":46}},{"start":{"line":72,"column":50},"end":{"line":72,"column":51}}]},"5":{"loc":{"start":{"line":101,"column":4},"end":{"line":101,"column":20}},"type":"default-arg","locations":[{"start":{"line":101,"column":19},"end":{"line":101,"column":20}}]},"6":{"loc":{"start":{"line":103,"column":4},"end":{"line":105,"column":5}},"type":"if","locations":[{"start":{"line":103,"column":4},"end":{"line":105,"column":5}}]},"7":{"loc":{"start":{"line":107,"column":4},"end":{"line":109,"column":5}},"type":"if","locations":[{"start":{"line":107,"column":4},"end":{"line":109,"column":5}}]},"8":{"loc":{"start":{"line":118,"column":27},"end":{"line":118,"column":51}},"type":"binary-expr","locations":[{"start":{"line":118,"column":27},"end":{"line":118,"column":46}},{"start":{"line":118,"column":50},"end":{"line":118,"column":51}}]},"9":{"loc":{"start":{"line":159,"column":4},"end":{"line":162,"column":5}},"type":"if","locations":[{"start":{"line":159,"column":4},"end":{"line":162,"column":5}}]},"10":{"loc":{"start":{"line":159,"column":8},"end":{"line":159,"column":54}},"type":"binary-expr","locations":[{"start":{"line":159,"column":8},"end":{"line":159,"column":24}},{"start":{"line":159,"column":28},"end":{"line":159,"column":54}}]},"11":{"loc":{"start":{"line":190,"column":40},"end":{"line":190,"column":60}},"type":"binary-expr","locations":[{"start":{"line":190,"column":40},"end":{"line":190,"column":55}},{"start":{"line":190,"column":59},"end":{"line":190,"column":60}}]}},"s":{"0":33,"1":33,"2":33,"3":33,"4":33,"5":499,"6":499,"7":995,"8":328,"9":995,"10":11,"11":1,"12":10,"13":1,"14":9,"15":9,"16":19,"17":9,"18":9,"19":45,"20":9,"21":9,"22":28,"23":28,"24":28,"25":28,"26":9,"27":35,"28":9,"29":22,"30":9,"31":412,"32":0,"33":412,"34":410,"35":2,"36":2,"37":4,"38":2,"39":2,"40":8,"41":2,"42":2,"43":6,"44":6,"45":6,"46":6,"47":2,"48":8,"49":2,"50":2,"51":6,"52":2,"53":941,"54":2645,"55":941,"56":941,"57":2645,"58":34,"59":34,"60":0,"61":34,"62":34,"63":21,"64":21,"65":21,"66":231,"67":827,"68":21,"69":419,"70":21,"71":2},"f":{"0":33,"1":33,"2":11,"3":35,"4":22,"5":412,"6":8,"7":6,"8":941,"9":2645,"10":2645,"11":34,"12":21,"13":827},"b":{"0":[328],"1":[4],"2":[1],"3":[1],"4":[45,28],"5":[0],"6":[0],"7":[410],"8":[8,6],"9":[0],"10":[34,34],"11":[21,3]}}
,"/home/eric/Godot/ProtoBd/cts_mcp/src/artifacts/graph/graph_serializer.ts": {"path":"/home/eric/Godot/ProtoBd/cts_mcp/src/artifacts/graph/graph_serializer.ts","statementMap":{"0":{"start":{"line":19,"column":0},"end":{"line":19,"column":58}},"1":{"start":{"line":20,"column":0},"end":{"line":20,"column":24}},"2":{"start":{"line":41,"column":30},"end":{"line":54,"column":2}},"3":{"start":{"line":75,"column":19},"end":{"line":75,"column":45}},"4":{"start":{"line":91,"column":22},"end":{"line":91,"column":32}},"5":{"start":{"line":93,"column":4},"end":{"line":116,"column":5}},"6":{"start":{"line":95,"column":42},"end":{"line":100,"column":8}},"7":{"start":{"line":103,"column":6},"end":{"line":105,"column":7}},"8":{"start":{"line":104,"column":8},"end":{"line":104,"column":69}},"9":{"start":{"line":108,"column":19},"end":{"line":108,"column":54}},"10":{"start":{"line":109,"column":6},"end":{"line":109,"column":47}},"11":{"start":{"line":111,"column":25},"end":{"line":111,"column":47}},"12":{"start":{"line":112,"column":6},"end":{"line":112,"column":72}},"13":{"start":{"line":114,"column":6},"end":{"line":114,"column":72}},"14":{"start":{"line":115,"column":6},"end":{"line":115,"column":18}},"15":{"start":{"line":134,"column":22},"end":{"line":134,"column":32}},"16":{"start":{"line":136,"column":4},"end":{"line":176,"column":5}},"17":{"start":{"line":138,"column":6},"end":{"line":142,"column":7}},"18":{"start":{"line":139,"column":8},"end":{"line":139,"column":31}},"19":{"start":{"line":141,"column":8},"end":{"line":141,"column":20}},"20":{"start":{"line":145,"column":19},"end":{"line":145,"column":52}},"21":{"start":{"line":146,"column":19},"end":{"line":146,"column":35}},"22":{"start":{"line":149,"column":24},"end":{"line":149,"column":57}},"23":{"start":{"line":152,"column":6},"end":{"line":157,"column":7}},"24":{"start":{"line":153,"column":8},"end":{"line":155,"column":10}},"25":{"start":{"line":156,"column":8},"end":{"line":156,"column":20}},"26":{"start":{"line":160,"column":33},"end":{"line":167,"column":8}},"27":{"start":{"line":169,"column":25},"end":{"line":169,"column":47}},"28":{"start":{"line":170,"column":6},"end":{"line":170,"column":76}},"29":{"start":{"line":172,"column":6},"end":{"line":172,"column":19}},"30":{"start":{"line":174,"column":6},"end":{"line":174,"column":76}},"31":{"start":{"line":175,"column":6},"end":{"line":175,"column":18}},"32":{"start":{"line":187,"column":4},"end":{"line":195,"column":5}},"33":{"start":{"line":188,"column":20},"end":{"line":188,"column":46}},"34":{"start":{"line":189,"column":6},"end":{"line":189,"column":30}},"35":{"start":{"line":189,"column":18},"end":{"line":189,"column":30}},"36":{"start":{"line":192,"column":6},"end":{"line":192,"column":58}},"37":{"start":{"line":194,"column":6},"end":{"line":194,"column":18}},"38":{"start":{"line":204,"column":38},"end":{"line":204,"column":40}},"39":{"start":{"line":205,"column":4},"end":{"line":207,"column":5}},"40":{"start":{"line":206,"column":6},"end":{"line":206,"column":23}},"41":{"start":{"line":208,"column":4},"end":{"line":208,"column":15}},"42":{"start":{"line":217,"column":16},"end":{"line":217,"column":36}},"43":{"start":{"line":218,"column":4},"end":{"line":220,"column":5}},"44":{"start":{"line":219,"column":6},"end":{"line":219,"column":26}},"45":{"start":{"line":221,"column":4},"end":{"line":221,"column":15}},"46":{"start":{"line":231,"column":4},"end":{"line":240,"column":5}},"47":{"start":{"line":232,"column":23},"end":{"line":232,"column":50}},"48":{"start":{"line":233,"column":20},"end":{"line":233,"column":40}},"49":{"start":{"line":234,"column":6},"end":{"line":237,"column":8}},"50":{"start":{"line":239,"column":6},"end":{"line":239,"column":18}},"51":{"start":{"line":74,"column":0},"end":{"line":74,"column":13}}},"fnMap":{"0":{"
[...]
"line":85,"column":28}},"5":{"start":{"line":83,"column":56},"end":{"line":83,"column":64}},"6":{"start":{"line":87,"column":30},"end":{"line":98,"column":30}},"7":{"start":{"line":94,"column":60},"end":{"line":94,"column":113}},"8":{"start":{"line":100,"column":31},"end":{"line":107,"column":14}},"9":{"start":{"line":109,"column":38},"end":{"line":115,"column":4}},"10":{"start":{"line":117,"column":2},"end":{"line":125,"column":4}},"11":{"start":{"line":122,"column":46},"end":{"line":122,"column":58}},"12":{"start":{"line":132,"column":19},"end":{"line":132,"column":64}},"13":{"start":{"line":134,"column":22},"end":{"line":139,"column":28}},"14":{"start":{"line":137,"column":59},"end":{"line":137,"column":67}},"15":{"start":{"line":141,"column":30},"end":{"line":149,"column":14}},"16":{"start":{"line":151,"column":31},"end":{"line":157,"column":14}},"17":{"start":{"line":153,"column":64},"end":{"line":153,"column":72}},"18":{"start":{"line":159,"column":2},"end":{"line":172,"column":4}},"19":{"start":{"line":178,"column":53},"end":{"line":223,"column":1}},"20":{"start":{"line":179,"column":20},"end":{"line":179,"column":30}},"21":{"start":{"line":181,"column":2},"end":{"line":222,"column":3}},"22":{"start":{"line":183,"column":19},"end":{"line":183,"column":49}},"23":{"start":{"line":184,"column":54},"end":{"line":184,"column":60}},"24":{"start":{"line":187,"column":32},"end":{"line":187,"column":34}},"25":{"start":{"line":190,"column":4},"end":{"line":190,"column":48}},"26":{"start":{"line":193,"column":4},"end":{"line":197,"column":5}},"27":{"start":{"line":194,"column":6},"end":{"line":196,"column":7}},"28":{"start":{"line":195,"column":8},"end":{"line":195,"column":63}},"29":{"start":{"line":199,"column":27},"end":{"line":199,"column":49}},"30":{"start":{"line":202,"column":28},"end":{"line":202,"column":49}},"31":{"start":{"line":204,"column":4},"end":{"line":216,"column":6}},"32":{"start":{"line":218,"column":4},"end":{"line":220,"column":5}},"33":{"start":{"line":219,"column":6},"end":{"line":219,"column":116}},"34":{"start":{"line":219,"column":65},"end":{"line":219,"column":100}},"35":{"start":{"line":221,"column":4},"end":{"line":221,"column":16}},"36":{"start":{"line":228,"column":53},"end":{"line":277,"column":2}}},"fnMap":{"0":{"name":"convertHopToShrimpTask","decl":{"start":{"line":77,"column":16},"end":{"line":77,"column":38}},"loc":{"start":{"line":77,"column":51},"end":{"line":126,"column":1}}},"1":{"name":"(anonymous_1)","decl":{"start":{"line":83,"column":51},"end":{"line":83,"column":52}},"loc":{"start":{"line":83,"column":56},"end":{"line":83,"column":64}}},"2":{"name":"(anonymous_2)","decl":{"start":{"line":94,"column":54},"end":{"line":94,"column":56}},"loc":{"start":{"line":94,"column":60},"end":{"line":94,"column":113}}},"3":{"name":"(anonymous_3)","decl":{"start":{"line":122,"column":39},"end":{"line":122,"column":42}},"loc":{"start":{"line":122,"column":46},"end":{"line":122,"column":58}}},"4":{"name":"convertSubHopToTask","decl":{"start":{"line":131,"column":16},"end":{"line":131,"column":35}},"loc":{"start":{"line":131,"column":71},"end":{"line":173,"column":1}}},"5":{"name":"(anonymous_5)","decl":{"start":{"line":137,"column":54},"end":{"line":137,"column":55}},"loc":{"start":{"line":137,"column":59},"end":{"line":137,"column":67}}},"6":{"name":"(anonymous_6)","decl":{"start":{"line":153,"column":59},"end":{"line":153,"column":60}},"loc":{"start":{"line":153,"column":64},"end":{"line":153,"column":72}}},"7":{"name":"(anonymous_7)","decl":{"start":{"line":178,"column":53},"end":{"line":178,"column":58}},"loc":{"start":{"line":178,"column":93},"end":{"line":223,"column":1}}},"8":{"name":"(anonymous_8)","decl":{"start":{"line":219,"column":60},"end":{"line":219,"column":61}},"loc":{"start":{"line":219,"column":65},"end":{"line":219,"column":100}}}},"branchMap":{"0":{"loc":{"start":{"line":82,"column":4},"end":{"line":84,"column":10}},"type":"cond-expr","locations":[{"start":{"line":83,"column":8},"end":{"line":83,"column":78}},{"start":{"line":84,"column":8},"end":{"line":84,"column":10}}]},"1":{"loc":{"start":{"line":82,"column":4},"end":{"line":82,"column":51}},"type":"binary-expr","locations":[{"start":{"line":82,"column":4},"end":{"line":82,"column":20}},{"start":{"line":82,"column":24},"end":{"line":82,"column":51}}]},"2":{"loc":{"start":{"line":92,"column":4},"end":{"line":92,"column":73}},"type":"cond-expr","locations":[{"start":{"line":92,"column":25},"end":{"line":92,"column":68}},{"start":{"line":92,"column":71},"end":{"line":92,"column":73}}]},"3":{"loc":{"start":{"line":93,"column":4},"end":{"line":95,"column":10}},"type":"cond-expr","locations":[{"start":{"line":94,"column":8},"end":{"line":94,"column":127}},{"start":{"line":95,"column":8},"end":{"line":95,"column":10}}]},"4":{"loc":{"start":{"line":93,"column":4},"end":{"line":93,"column":41}},"type":"binary-expr","locations":[{"start":{"line":93,"column":4},"end":{"line":93,"column":15}},{"start":{"line":93,"column":19},"end":{"line":93,"column":41}}]},"5":{"loc":{"start":{"line":101,"column":4},"end":{"line":103,"column":69}},"type":"cond-expr","locations":[{"start":{"line":102,"column":8},"end":{"line":102,"column":41}},{"start":{"line":103,"column":8},"end":{"line":103,"column":69}}]},"6":{"loc":{"start":{"line":101,"column":4},"end":{"line":101,"column":63}},"type":"binary-expr","locations":[{"start":{"line":101,"column":4},"end":{"line":101,"column":26}},{"start":{"line":101,"column":30},"end":{"line":101,"column":63}}]},"7":{"loc":{"start":{"line":136,"column":4},"end":{"line":138,"column":10}},"type":"cond-expr","locations":[{"start":{"line":137,"column":8},"end":{"line":137,"column":81}},{"start":{"line":138,"column":8},"end":{"line":138,"column":10}}]},"8":{"loc":{"start":{"line":136,"column":4},"end":{"line":136,"column":57}},"type":"binary-expr","locations":[{"start":{"line":136,"column":4},"end":{"line":136,"column":23}},{"start":{"line":136,"column":27},"end":{"line":136,"column":57}}]},"9":{"loc":{"start":{"line":152,"column":4},"end":{"line":154,"column":38}},"type":"cond-expr","locations":[{"start":{"line":153,"column":8},"end":{"line":153,"column":86}},{"start":{"line":154,"column":8},"end":{"line":154,"column":38}}]},"10":{"loc":{"start":{"line":152,"column":4},"end":{"line":152,"column":57}},"type":"binary-expr","locations":[{"start":{"line":152,"column":4},"end":{"line":152,"column":23}},{"start":{"line":152,"column":27},"end":{"line":152,"column":57}}]},"11":{"loc":{"start":{"line":193,"column":4},"end":{"line":197,"column":5}},"type":"if","locations":[{"start":{"line":193,"column":4},"end":{"line":197,"column":5}}]},"12":{"loc":{"start":{"line":193,"column":8},"end":{"line":193,"column":73}},"type":"binary-expr","locations":[{"start":{"line":193,"column":8},"end":{"line":193,"column":24}},{"start":{"line":193,"column":28},"end":{"line":193,"column":43}},{"start":{"line":193,"column":47},"end":{"line":193,"column":73}}]},"13":{"loc":{"start":{"line":218,"column":4},"end":{"line":220,"column":5}},"type":"if","locations":[{"start":{"line":218,"column":4},"end":{"line":220,"column":5}}]}},"s":{"0":0,"1":0,"2":0,"3":0,"4":0,"5":0,"6":0,"7":0,"8":0,"9":0,"10":0,"11":0,"12":0,"13":0,"14":0,"15":0,"16":0,"17":0,"18":0,"19":0,"20":0,"21":0,"22":0,"23":0,"24":0,"25":0,"26":0,"27":0,"28":0,"29":0,"30":0,"31":0,"32":0,"33":0,"34":0,"35":0,"36":0},"f":{"0":0,"1":0,"2":0,"3":0,"4":0,"5":0,"6":0,"7":0,"8":0},"b":{"0":[0,0],"1":[0,0],"2":[0,0],"3":[0,0],"4":[0,0],"5":[0,0],"6":[0,0],"7":[0,0],"8":[0,0],"9":[0,0],"10":[0,0],"11":[0],"12":[0,0,0],"13":[0]}}
,"/home/eric/Godot/ProtoBd/cts_mcp/src/tools/render_artifact.ts": {"path":"/home/eric/Godot/ProtoBd/cts_mcp/src/tools/render_artifact.ts","statementMap":{"0":{"start":{"line":10,"column":35},"end":{"line":17,"column":2}},"1":{"start":{"line":23,"column":2},"end":{"line":44,"column":4}},"2":{"start":{"line":24,"column":19},"end":{"line":24,"column":57}},"3":{"start":{"line":26,"column":19},"end":{"line":29,"column":null}},"4":{"start":{"line":32,"column":4},"end":{"line":43,"column":6}},"5":{"start":{"line":50,"column":50},"end":{"line":76,"column":2}}},"fnMap":{"0":{"name":"createRenderArtifactHandler","decl":{"start":{"line":22,"column":16},"end":{"line":22,"column":43}},"loc":{"start":{"line":22,"column":66},"end":{"line":45,"column":1}}},"1":{"name":"(anonymous_1)","decl":{"start":{"line":23,"column":9},"end":{"line":23,"column":14}},"loc":{"start":{"line":23,"column":49},"end":{"line":44,"column":3}}}},"branchMap":{},"s":{"0":0,"1":0,"2":0,"3":0,"4":0,"5":0},"f":{"0":0,"1":0},"b":{}}
,"/home/eric/Godot/ProtoBd/cts_mcp/src/tools/scan_project_signals.ts": {"path":"/home/eric/Godot/ProtoBd/cts_mcp/src/tools/scan_project_signals.ts","statementMap":{"0":{"start":{"line":11,"column":32},"end":{"line":14,"column":2}},"1":{"start":{"line":20,"column":2},"end":{"line":80,"column":4}},"2":{"start":{"line":21,"column":19},"end":{"line":21,"column":54}},"3":{"start":{"line":24,"column":19},"end":{"line":24,"column":58}},"4":{"start":{"line":26,"column":23},"end":{"line":29,"column":6}},"5":{"start":{"line":33,"column":17},"end":{"line":33,"column":22}},"6":{"start":{"line":35,"column":4},"end":{"line":54,"column":5}},"7":{"start":{"line":36,"column":27},"end":{"line":49,"column":null}},"8":{"start":{"line":52,"column":6},"end":{"line":52,"column":31}},"9":{"start":{"line":53,"column":6},"end":{"line":53,"column":35}},"10":{"start":{"line":56,"column":4},"end":{"line":79,"column":6}},"11":{"start":{"line":62,"column":36},"end":{"line":68,"column":8}},"12":{"start":{"line":86,"column":54},"end":{"line":104,"column":2}}},"fnMap":{"0":{"name":"createScanSignalsHandler","decl":{"start":{"line":19,"column":16},"end":{"line":19,"column":40}},"loc":{"start":{"line":19,"column":63},"end":{"line":81,"column":1}}},"1":{"name":"(anonymous_1)","decl":{"start":{"line":20,"column":9},"end":{"line":20,"column":14}},"loc":{"start":{"line":20,"column":49},"end":{"line":80,"column":3}}},"2":{"name":"(anonymous_2)","decl":{"start":{"line":62,"column":30},"end":{"line":62,"column":31}},"loc":{"start":{"line":62,"column":36},"end":{"line":68,"column":8}}}},"branchMap":{"0":{"loc":{"start":{"line":35,"column":4},"end":{"line":54,"column":5}},"type":"if","locations":[{"start":{"line":35,"column":4},"end":{"line":54,"column":5}}]},"1":{"loc":{"start":{"line":72,"column":20},"end":{"line":78,"column":81}},"type":"cond-expr","locations":[{"start":{"line":73,"column":10},"end":{"line":77,"column":null}},{"start":{"line":78,"column":10},"end":{"line":78,"column":81}}]}},"s":{"0":0,"1":0,"2":0,"3":0,"4":0,"5":0,"6":0,"7":0,"8":0,"9":0,"10":0,"11":0,"12":0},"f":{"0":0,"1":0,"2":0},"b":{"0":[0],"1":[0,0]}}
,"/home/eric/Godot/ProtoBd/cts_mcp/src/tools/suggest_refactoring.ts": {"path":"/home/eric/Godot/ProtoBd/cts_mcp/src/tools/suggest_refactoring.ts","statementMap":{"0":{"start":{"line":15,"column":39},"end":{"line":22,"column":2}},"1":{"start":{"line":24,"column":54},"end":{"line":66,"column":2}},"2":{"start":{"line":72,"column":18},"end":{"line":72,"column":42}},"3":{"start":{"line":75,"column":21},"end":{"line":75,"column":73}},"4":{"start":{"line":76,"column":20},"end":{"line":76,"column":33}},"5":{"start":{"line":78,"column":2},"end":{"line":178,"column":4}},"6":{"start":{"line":79,"column":19},"end":{"line":79,"column":61}},"7":{"start":{"line":81,"column":4},"end":{"line":81,"column":85}},"8":{"start":{"line":82,"column":4},"end":{"line":82,"column":119}},"9":{"start":{"line":85,"column":19},"end":{"line":85,"column":53}},"10":{"start":{"line":86,"column":16},"end":{"line":86,"column":26}},"11":{"start":{"line":89,"column":4},"end":{"line":112,"column":5}},"12":{"start":{"line":90,"column":6},"end":{"line":90,"column":64}},"13":{"start":{"line":91,"column":6},"end":{"line":91,"column":27}},"14":{"start":{"line":94,"column":6},"end":{"line":94,"column":63}},"15":{"start":{"line":96,"column":21},"end":{"line":96,"column":43}},"16":{"start":{"line":97,"column":24},"end":{"line":97,"column":45}},"17":{"start":{"line":98,"column":22},"end":{"line":98,"column":48}},"18":{"start":{"line":99,"column":22},"end":{"line":99,"column":55}},"19":{"start":{"line":101,"column":25},"end":{"line":103,"column":8}},"20":{"start":{"line":102,"column":8},"end":{"line":102,"column":61}},"21":{"start":{"line":105,"column":6},"end":{"line":107,"column":9}},"22":{"start":{"line":106,"column":8},"end":{"line":106,"column":56}},"23":{"start":{"line":110,"column":6},"end":{"line":110,"column":68}},"24":{"start":{"line":111,"column":6},"end":{"line":111,"column":77}},"25":{"start":{"line":115,"column":4},"end":{"line":115,"column":74}},"26":{"start":{"line":116,"column":19},"end":{"line":116,"column":42}},"27":{"start":{"line":118,"column":27},"end":{"line":120,"column":6}},"28":{"start":{"line":119,"column":6},"end":{"line":119,"column":53}},"29":{"start":{"line":123,"column":30},"end":{"line":123,"column":94}},"30":{"start":{"line":123,"column":57},"end":{"line":123,"column":93}},"31":{"start":{"line":125,"column":4},"end":{"line":127,"column":5}},"32":{"start":{"line":126,"column":6},"end":{"line":126,"column":81}},"33":{"start":{"line":126,"column":60},"end":{"line":126,"column":79}},"34":{"start":{"line":129,"column":4},"end":{"line":131,"column":5}},"35":{"start":{"line":130,"column":6},"end":{"line":130,"column":80}},"36":{"start":{"line":130,"column":60},"end":{"line":130,"column":78}},"37":{"start":{"line":133,"column":4},"end":{"line":135,"column":5}},"38":{"start":{"line":134,"column":6},"end":{"line":134,"column":84}},"39":{"start":{"line":134,"column":60},"end":{"line":134,"column":82}},"40":{"start":{"line":138,"column":27},"end":{"line":140,"column":38}},"41":{"start":{"line":139,"column":22},"end":{"line":139,"column":49}},"42":{"start":{"line":142,"column":4},"end":{"line":142,"column":124}},"43":{"start":{"line":145,"column":20},"end":{"line":175,"column":6}},"44":{"start":{"line":147,"column":51},"end":{"line":155,"column":8}},"45":{"start":{"line":161,"column":51},"end":{"line":161,"column":69}},"46":{"start":{"line":162,"column":52},"end":{"line":162,"column":71}},"47":{"start":{"line":163,"column":55},"end":{"line":163,"column":77}},"48":{"start":{"line":166,"column":59},"end":{"line":166,"column":77}},"49":{"start":{"line":177,"column":4},"end":{"line":177,"column":19}}},"fnMap":{"0":{"name":"createSuggestRefactoringHandler","decl":{"start":{"line":71,"column":16},"end":{"line":71,"column":47}},"loc":{"start":{"line":71,"column":47},"end":{"line":179,"column":1}}},"1":{"name":"(anonymous_1)","decl":{"start":{"line":78,"column":9},"end":{"line":78,"column":14}},"loc":{"start":{"line":78,"column":49},"end":{"line":178,"column":3}}},"2":{"name":"(anonymous_2)","decl":{"start":{"line":101,"column":73},"end":{"line":101,"column":78}},"loc":{"start":{"line":101,"column":84},"end":{"line":103,"column":7}}},"3":{"name":"(anonymous_3)","decl":{"start":{"line":105,"column":63},"end":{"line":105,"column":68}},"loc":{"start":{"line":105,"column":74},"end":{"line":107,"column":7}}},"4":{"name":"(anonymous_4)","decl":{"start":{"line":118,"column":82},"end":{"line":118,"column":87}},"loc":{"start":{"line":118,"column":93},"end":{"line":120,"column":5}}},"5":{"name":"(anonymous_5)","decl":{"start":{"line":123,"column":52},"end":{"line":123,"column":53}},"loc":{"start":{"line":123,"column":57},"end":{"line":123,"column":93}}},"6":{"name":"(anonymous_6)","decl":{"start":{"line":126,"column":55},"end":{"line":126,"column":56}},"loc":{"start":{"line":126,"column":60},"end":{"line":126,"column":79}}},"7":{"name":"(anonymous_7)","decl":{"start":{"line":130,"column":55},"end":{"line":130,"column":56}},"loc":{"start":{"line":130,"column":60},"end":{"line":130,"column":78}}},"8":{"name":"(anonymous_8)","decl":{"start":{"line":134,"column":55},"end":{"line":134,"column":56}},"loc":{"start":{"line":134,"column":60},"end":{"line":134,"column":82}}},"9":{"name":"(anonymous_9)","decl":{"start":{"line":139,"column":12},"end":{"line":139,"column":13}},"loc":{"start":{"line":139,"column":22},"end":{"line":139,"column":49}}},"10":{"name":"(anonymous_10)","decl":{"start":{"line":147,"column":38},"end":{"line":147,"column":39}},"loc":{"start":{"line":147,"column":51},"end":{"line":155,"column":8}}},"11":{"name":"(anonymous_11)","decl":{"start":{"line":161,"column":39},"end":{"line":161,"column":40}},"loc":{"start":{"line":161,"column":51},"end":{"line":161,"column":69}}},"12":{"name":"(anonymous_12)","decl":{"start":{"line":162,"column":40},"end":{"line":162,"column":41}},"loc":{"start":{"line":162,"column":52},"end":{"line":162,"column":71}}},"13":{"name":"(anonymous_13)","decl":{"start":{"line":163,"column":43},"end":{"line":163,"column":44}},"loc":{"start":{"line":163,"column":55},"end":{"line":163,"column":77}}},"14":{"name":"(anonymous_14)","decl":{"start":{"line":166,"column":34},"end":{"line":166,"column":35}},"loc":{"start":{"line":166,"column":59},"end":{"line":166,"column":77}}}},"branchMap":{"0":{"loc":{"start":{"line":89,"column":4},"end":{"line":112,"column":5}},"type":"if","locations":[{"start":{"line":89,"column":4},"end":{"line":112,"column":5}},{"start":{"line":92,"column":11},"end":{"line":112,"column":5}}]},"1":{"loc":{"start":{"line":89,"column":8},"end":{"line":89,"column":54}},"type":"binary-expr","locations":[{"start":{"line":89,"column":8},"end":{"line":89,"column":14}},{"start":{"line":89,"column":18},"end":{"line":89,"column":54}}]},"2":{"loc":{"start":{"line":125,"column":4},"end":{"line":127,"column":5}},"type":"if","locations":[{"start":{"line":125,"column":4},"end":{"line":127,"column":5}}]},"3":{"loc":{"start":{"line":129,"column":4},"end":{"line":131,"column":5}},"type":"if","locations":[{"start":{"line":129,"column":4},"end":{"line":131,"column":5}}]},"4":{"loc":{"start":{"line":133,"column":4},"end":{"line":135,"column":5}},"type":"if","locations":[{"start":{"line":133,"column":4},"end":{"line":135,"column":5}}]},"5":{"loc":{"start":{"line":153,"column":23},"end":{"line":153,"column":44}},"type":"binary-expr","locations":[{"start":{"line":153,"column":23},"end":{"line":153,"column":38}},{"start":{"line":153,"column":42},"end":{"line":153,"column":44}}]},"6":{"loc":{"start":{"line":154,"column":25},"end":{"line":154,"column":54}},"type":"binary-expr","locations":[{"start":{"line":154,"column":25},"end":{"line":154,"column":42}},{"start":{"line":154,"column":46},"end":{"line":154,"column":54}}]},"7":{"loc":{"start":{"line":165,"column":23},"end":{"line":167,"column":13}},"type":"cond-expr","locations":[{"start":{"line":166,"column":12},"end":{"line":166,"column":105}},{"start":{"line":167,"column":12},"end":{"line":167,"column":13}}]},"8":{"loc":{"start":{"line":170,"column":18},"end":{"line":170,"column":83}},"type":"binary-expr","locations":[{"start":{"line":170,"column":18},"end":{"line":170,"column":78}},{"start":{"line":170,"column":82},"end":{"line":170,"column":83}}]},"9":{"loc":{"start":{"line":171,"column":19},"end":{"line":171,"column":85}},"type":"binary-expr","locations":[{"start":{"line":171,"column":19},"end":{"line":171,"column":80}},{"start":{"line":171,"column":84},"end":{"line":171,"column":85}}]},"10":{"loc":{"start":{"line":172,"column":24},"end":{"line":172,"column":96}},"type":"binary-expr","locations":[{"start":{"line":172,"column":24},"end":{"line":172,"column":91}},{"start":{"line":172,"column":95},"end":{"line":172,"column":96}}]}},"s":{"0":0,"1":0,"2":0,"3":0,"4":0,"5":0,"6":0,"7":0,"8":0,"9":0,"10":0,"11":0,"12":0,"13":0,"14":0,"15":0,"16":0,"17":0,"18":0,"19":0,"20":0,"21":0,"22":0,"23":0,"24":0,"25":0,"26":0,"27":0,"28":0,"29":0,"30":0,"31":0,"32":0,"33":0,"34":0,"35":0,"36":0,"37":0,"38":0,"39":0,"40":0,"41":0,"42":0,"43":0,"44":0,"45":0,"46":0,"47":0,"48":0,"49":0},"f":{"0":0,"1":0,"2":0,"3":0,"4":0,"5":0,"6":0,"7":0,"8":0,"9":0,"10":0,"11":0,"12":0,"13":0,"14":0},"b":{"0":[0,0],"1":[0,0],"2":[0],"3":[0],"4":[0],"5":[0,0],"6":[0,0],"7":[0,0],"8":[0,0],"9":[0,0],"10":[0,0]}}
}
