TN:
SF:src/config.ts
FN:28,loadConfig
FN:52,validateConfig
FN:79,isDevelopment
FN:86,isDebugEnabled
FN:93,formatConfig
FN:111,getConfig
FN:119,resetConfig
FNF:7
FNH:0
FNDA:0,loadConfig
FNDA:0,validateConfig
FNDA:0,isDevelopment
FNDA:0,isDebugEnabled
FNDA:0,formatConfig
FNDA:0,getConfig
FNDA:0,resetConfig
DA:29,0
DA:53,0
DA:55,0
DA:56,0
DA:59,0
DA:60,0
DA:63,0
DA:64,0
DA:67,0
DA:68,0
DA:71,0
DA:72,0
DA:80,0
DA:87,0
DA:94,0
DA:109,0
DA:112,0
DA:113,0
DA:114,0
DA:116,0
DA:120,0
LF:21
LH:0
BRDA:31,0,0,0
BRDA:31,0,1,0
BRDA:32,1,0,0
BRDA:32,1,1,0
BRDA:33,2,0,0
BRDA:33,2,1,0
BRDA:36,3,0,0
BRDA:36,3,1,0
BRDA:37,4,0,0
BRDA:37,4,1,0
BRDA:38,5,0,0
BRDA:38,5,1,0
BRDA:42,6,0,0
BRDA:42,6,1,0
BRDA:44,7,0,0
BRDA:44,7,1,0
BRDA:55,8,0,0
BRDA:59,9,0,0
BRDA:63,10,0,0
BRDA:63,11,0,0
BRDA:63,11,1,0
BRDA:67,12,0,0
BRDA:71,13,0,0
BRDA:87,14,0,0
BRDA:87,14,1,0
BRDA:112,15,0,0
BRF:26
BRH:0
end_of_record
TN:
SF:src/enhanced_errors.ts
FN:9,(anonymous_0)
FN:23,(anonymous_1)
FN:54,createEnhancedError
FN:167,createValidationError
FN:189,createParsingError
FN:206,createFilesystemError
FN:223,createConfigurationError
FN:240,createResourceError
FN:261,formatEnhancedError
FN:275,(anonymous_9)
FNF:10
FNH:8
FNDA:1,(anonymous_0)
FNDA:1,(anonymous_1)
FNDA:5,createEnhancedError
FNDA:2,createValidationError
FNDA:2,createParsingError
FNDA:1,createFilesystemError
FNDA:0,createConfigurationError
FNDA:0,createResourceError
FNDA:3,formatEnhancedError
FNDA:4,(anonymous_9)
DA:9,1
DA:10,1
DA:11,1
DA:12,1
DA:13,1
DA:14,1
DA:15,1
DA:16,1
DA:17,1
DA:23,1
DA:24,1
DA:25,1
DA:26,1
DA:54,1
DA:61,5
DA:73,1
DA:167,1
DA:172,2
DA:176,2
DA:177,2
DA:180,2
DA:189,1
DA:194,2
DA:206,1
DA:211,1
DA:223,1
DA:228,0
DA:240,1
DA:246,0
DA:261,1
DA:262,3
DA:264,3
DA:266,3
DA:267,3
DA:268,3
DA:269,7
DA:273,3
DA:274,3
DA:275,3
DA:276,4
DA:277,4
DA:278,4
DA:279,4
DA:281,4
DA:282,0
DA:287,3
LF:46
LH:43
BRDA:9,0,0,1
BRDA:9,0,1,1
BRDA:23,1,0,1
BRDA:23,1,1,1
BRDA:59,2,0,0
BRDA:176,3,0,2
BRDA:266,4,0,3
BRDA:266,5,0,3
BRDA:266,5,1,3
BRDA:273,6,0,3
BRDA:278,7,0,4
BRDA:281,8,0,0
BRF:12
BRH:10
end_of_record
TN:
SF:src/errors.ts
FN:18,(anonymous_0)
FN:46,(anonymous_1)
FN:67,(anonymous_2)
FN:96,(anonymous_3)
FN:106,(anonymous_4)
FN:125,(anonymous_5)
FN:131,(anonymous_6)
FN:137,(anonymous_7)
FN:143,(anonymous_8)
FN:149,(anonymous_9)
FN:155,(anonymous_10)
FN:161,(anonymous_11)
FN:167,(anonymous_12)
FN:173,(anonymous_13)
FN:179,(anonymous_14)
FN:185,(anonymous_15)
FN:208,(anonymous_16)
FN:235,(anonymous_17)
FNF:18
FNH:7
FNDA:1,(anonymous_0)
FNDA:5,(anonymous_1)
FNDA:1,(anonymous_2)
FNDA:1,(anonymous_3)
FNDA:0,(anonymous_4)
FNDA:0,(anonymous_5)
FNDA:0,(anonymous_6)
FNDA:0,(anonymous_7)
FNDA:0,(anonymous_8)
FNDA:0,(anonymous_9)
FNDA:0,(anonymous_10)
FNDA:0,(anonymous_11)
FNDA:0,(anonymous_12)
FNDA:0,(anonymous_13)
FNDA:0,(anonymous_14)
FNDA:3,(anonymous_15)
FNDA:1,(anonymous_16)
FNDA:1,(anonymous_17)
DA:8,1
DA:18,1
DA:20,1
DA:21,1
DA:22,1
DA:23,1
DA:24,1
DA:27,1
DA:28,1
DA:29,1
DA:30,1
DA:31,1
DA:32,1
DA:33,1
DA:34,1
DA:35,1
DA:41,1
DA:52,5
DA:53,5
DA:54,5
DA:55,5
DA:56,5
DA:59,5
DA:60,5
DA:68,1
DA:75,1
DA:76,1
DA:90,0
DA:97,1
DA:98,1
DA:100,0
DA:107,0
DA:108,0
DA:111,0
DA:112,0
DA:114,0
DA:115,0
DA:117,0
DA:124,1
DA:125,0
DA:131,0
DA:137,0
DA:143,0
DA:149,0
DA:155,0
DA:161,0
DA:167,0
DA:173,0
DA:179,0
DA:186,3
DA:200,3
DA:209,1
DA:227,1
DA:236,1
DA:254,1
LF:55
LH:36
BRDA:18,0,0,1
BRDA:18,0,1,1
BRDA:59,1,0,5
BRDA:75,2,0,1
BRDA:79,3,0,1
BRDA:79,3,1,0
BRDA:79,4,0,1
BRDA:79,4,1,1
BRDA:97,5,0,1
BRDA:107,6,0,0
BRDA:111,7,0,0
BRDA:111,8,0,0
BRDA:111,8,1,0
BRDA:114,9,0,0
BRDA:114,10,0,0
BRDA:114,10,1,0
BRDA:127,11,0,0
BRDA:127,11,1,0
BRDA:133,12,0,0
BRDA:133,12,1,0
BRF:20
BRH:8
end_of_record
TN:
SF:src/index.ts
FN:19,(anonymous_0)
FN:24,(anonymous_1)
FN:36,initializeServer
FN:41,(anonymous_3)
FN:46,(anonymous_4)
FN:49,(anonymous_5)
FN:68,(anonymous_6)
FN:103,(anonymous_7)
FN:109,(anonymous_8)
FN:114,(anonymous_9)
FNF:10
FNH:0
FNDA:0,(anonymous_0)
FNDA:0,(anonymous_1)
FNDA:0,initializeServer
FNDA:0,(anonymous_3)
FNDA:0,(anonymous_4)
FNDA:0,(anonymous_5)
FNDA:0,(anonymous_6)
FNDA:0,(anonymous_7)
FNDA:0,(anonymous_8)
FNDA:0,(anonymous_9)
DA:15,0
DA:16,0
DA:19,0
DA:20,0
DA:21,0
DA:24,0
DA:25,0
DA:26,0
DA:30,0
DA:31,0
DA:34,0
DA:37,0
DA:38,0
DA:41,0
DA:42,0
DA:46,0
DA:49,0
DA:50,0
DA:53,0
DA:54,0
DA:55,0
DA:56,0
DA:57,0
DA:59,0
DA:60,0
DA:65,0
DA:68,0
DA:69,0
DA:70,0
DA:71,0
DA:73,0
DA:74,0
DA:76,0
DA:78,0
DA:80,0
DA:82,0
DA:83,0
DA:84,0
DA:85,0
DA:86,0
DA:90,0
DA:98,0
DA:103,0
DA:104,0
DA:105,0
DA:109,0
DA:110,0
DA:111,0
DA:114,0
DA:115,0
DA:116,0
DA:120,0
LF:52
LH:0
BRDA:71,0,0,0
BRDA:82,1,0,0
BRDA:82,1,1,0
BRDA:83,2,0,0
BRDA:83,2,1,0
BRDA:85,3,0,0
BRF:6
BRH:0
end_of_record
TN:
SF:src/logger.ts
FN:8,(anonymous_0)
FN:27,(anonymous_1)
FN:35,(anonymous_2)
FN:49,(anonymous_3)
FN:58,(anonymous_4)
FN:71,(anonymous_5)
FN:79,(anonymous_6)
FN:87,(anonymous_7)
FN:95,(anonymous_8)
FN:106,(anonymous_9)
FN:117,(anonymous_10)
FN:127,(anonymous_11)
FN:139,(anonymous_12)
FN:149,(anonymous_13)
FNF:14
FNH:0
FNDA:0,(anonymous_0)
FNDA:0,(anonymous_1)
FNDA:0,(anonymous_2)
FNDA:0,(anonymous_3)
FNDA:0,(anonymous_4)
FNDA:0,(anonymous_5)
FNDA:0,(anonymous_6)
FNDA:0,(anonymous_7)
FNDA:0,(anonymous_8)
FNDA:0,(anonymous_9)
FNDA:0,(anonymous_10)
FNDA:0,(anonymous_11)
FNDA:0,(anonymous_12)
FNDA:0,(anonymous_13)
DA:8,0
DA:9,0
DA:10,0
DA:11,0
DA:12,0
DA:28,0
DA:29,0
DA:36,0
DA:37,0
DA:38,0
DA:39,0
DA:40,0
DA:41,0
DA:42,0
DA:50,0
DA:51,0
DA:52,0
DA:59,0
DA:61,0
DA:65,0
DA:72,0
DA:73,0
DA:80,0
DA:81,0
DA:88,0
DA:89,0
DA:96,0
DA:107,0
DA:118,0
DA:128,0
DA:129,0
DA:140,0
DA:150,0
DA:155,0
LF:34
LH:0
BRDA:8,0,0,0
BRDA:8,0,1,0
BRDA:27,1,0,0
BRDA:29,2,0,0
BRDA:29,2,1,0
BRDA:37,3,0,0
BRDA:37,3,1,0
BRDA:37,3,2,0
BRDA:37,3,3,0
BRDA:37,3,4,0
BRDA:51,4,0,0
BRDA:51,4,1,0
BRDA:59,5,0,0
BRDA:61,6,0,0
BRDA:61,6,1,0
BRDA:72,7,0,0
BRDA:80,8,0,0
BRDA:88,9,0,0
BRDA:99,10,0,0
BRDA:99,10,1,0
BRDA:120,11,0,0
BRDA:120,11,1,0
BRDA:128,12,0,0
BRDA:128,12,1,0
BRDA:129,13,0,0
BRDA:129,13,1,0
BRF:26
BRH:0
end_of_record
TN:
SF:src/schemas.ts
FN:353,validateToolResponse
FNF:1
FNH:1
FNDA:12,validateToolResponse
DA:6,1
DA:11,1
DA:21,1
DA:41,1
DA:80,1
DA:104,1
DA:130,1
DA:190,1
DA:259,1
DA:296,1
DA:309,1
DA:339,1
DA:353,1
DA:357,12
DA:358,12
DA:359,0
DA:362,12
DA:363,12
LF:18
LH:17
BRDA:358,0,0,0
BRDA:365,1,0,7
BRDA:365,1,1,5
BRF:3
BRH:2
end_of_record
TN:
SF:src/server.ts
FN:80,(anonymous_0)
FN:115,(anonymous_1)
FN:231,(anonymous_2)
FN:249,(anonymous_3)
FN:250,(anonymous_4)
FN:257,(anonymous_5)
FN:321,(anonymous_6)
FN:329,(anonymous_7)
FN:337,(anonymous_8)
FN:344,(anonymous_9)
FN:352,(anonymous_10)
FN:353,(anonymous_11)
FN:364,(anonymous_12)
FN:380,(anonymous_13)
FN:388,(anonymous_14)
FN:407,(anonymous_15)
FN:433,(anonymous_16)
FN:444,(anonymous_17)
FNF:18
FNH:0
FNDA:0,(anonymous_0)
FNDA:0,(anonymous_1)
FNDA:0,(anonymous_2)
FNDA:0,(anonymous_3)
FNDA:0,(anonymous_4)
FNDA:0,(anonymous_5)
FNDA:0,(anonymous_6)
FNDA:0,(anonymous_7)
FNDA:0,(anonymous_8)
FNDA:0,(anonymous_9)
FNDA:0,(anonymous_10)
FNDA:0,(anonymous_11)
FNDA:0,(anonymous_12)
FNDA:0,(anonymous_13)
FNDA:0,(anonymous_14)
FNDA:0,(anonymous_15)
FNDA:0,(anonymous_16)
FNDA:0,(anonymous_17)
DA:49,0
DA:56,0
DA:61,0
DA:65,0
DA:71,0
DA:72,0
DA:73,0
DA:75,0
DA:76,0
DA:77,0
DA:82,0
DA:83,0
DA:88,0
DA:89,0
DA:90,0
DA:91,0
DA:92,0
DA:93,0
DA:96,0
DA:97,0
DA:98,0
DA:101,0
DA:102,0
DA:105,0
DA:106,0
DA:109,0
DA:116,0
DA:117,0
DA:120,0
DA:122,0
DA:123,0
DA:124,0
DA:127,0
DA:131,0
DA:133,0
DA:134,0
DA:137,0
DA:138,0
DA:141,0
DA:142,0
DA:145,0
DA:146,0
DA:149,0
DA:150,0
DA:153,0
DA:154,0
DA:157,0
DA:158,0
DA:161,0
DA:162,0
DA:165,0
DA:168,0
DA:169,0
DA:170,0
DA:173,0
DA:176,0
DA:177,0
DA:185,0
DA:194,0
DA:195,0
DA:201,0
DA:210,0
DA:211,0
DA:213,0
DA:219,0
DA:232,0
DA:250,0
DA:251,0
DA:258,0
DA:261,0
DA:262,0
DA:263,0
DA:265,0
DA:266,0
DA:267,0
DA:270,0
DA:272,0
DA:273,0
DA:275,0
DA:278,0
DA:280,0
DA:285,0
DA:294,0
DA:297,0
DA:298,0
DA:299,0
DA:301,0
DA:305,0
DA:306,0
DA:310,0
DA:311,0
DA:314,0
DA:322,0
DA:323,0
DA:330,0
DA:331,0
DA:338,0
DA:345,0
DA:346,0
DA:353,0
DA:358,0
DA:365,0
DA:367,0
DA:368,0
DA:369,0
DA:373,0
DA:374,0
DA:381,0
DA:382,0
DA:389,0
DA:391,0
DA:392,0
DA:393,0
DA:396,0
DA:397,0
DA:400,0
DA:401,0
DA:412,0
DA:418,0
DA:419,0
DA:420,0
DA:426,0
DA:434,0
DA:450,0
DA:451,0
DA:452,0
DA:455,0
LF:127
LH:0
BRDA:131,0,0,0
BRDA:131,0,1,0
BRDA:131,0,2,0
BRDA:131,0,3,0
BRDA:131,0,4,0
BRDA:131,0,5,0
BRDA:131,0,6,0
BRDA:131,0,7,0
BRDA:131,0,8,0
BRDA:176,1,0,0
BRDA:178,2,0,0
BRDA:178,2,1,0
BRDA:194,3,0,0
BRDA:196,4,0,0
BRDA:196,4,1,0
BRDA:210,5,0,0
BRDA:210,5,1,0
BRDA:211,6,0,0
BRDA:211,6,1,0
BRDA:214,7,0,0
BRDA:214,7,1,0
BRDA:266,8,0,0
BRDA:272,9,0,0
BRDA:272,9,1,0
BRDA:278,10,0,0
BRDA:278,11,0,0
BRDA:278,11,1,0
BRDA:278,11,2,0
BRDA:297,12,0,0
BRDA:298,13,0,0
BRDA:305,14,0,0
BRDA:305,14,1,0
BRDA:306,15,0,0
BRDA:306,15,1,0
BRDA:310,16,0,0
BRDA:368,17,0,0
BRDA:373,18,0,0
BRDA:373,18,1,0
BRDA:392,19,0,0
BRDA:396,20,0,0
BRDA:451,21,0,0
BRDA:457,22,0,0
BRDA:457,22,1,0
BRF:43
BRH:0
end_of_record
TN:
SF:src/artifacts/artifact_engine.ts
FN:53,(anonymous_0)
FN:67,(anonymous_1)
FN:74,(anonymous_2)
FN:81,(anonymous_3)
FN:158,(anonymous_4)
FN:166,(anonymous_5)
FN:184,(anonymous_6)
FN:203,(anonymous_7)
FN:212,(anonymous_8)
FN:230,(anonymous_9)
FN:235,(anonymous_10)
FN:236,(anonymous_11)
FN:259,(anonymous_12)
FN:273,(anonymous_13)
FN:289,(anonymous_14)
FN:322,(anonymous_15)
FN:329,(anonymous_16)
FN:344,(anonymous_17)
FNF:18
FNH:0
FNDA:0,(anonymous_0)
FNDA:0,(anonymous_1)
FNDA:0,(anonymous_2)
FNDA:0,(anonymous_3)
FNDA:0,(anonymous_4)
FNDA:0,(anonymous_5)
FNDA:0,(anonymous_6)
FNDA:0,(anonymous_7)
FNDA:0,(anonymous_8)
FNDA:0,(anonymous_9)
FNDA:0,(anonymous_10)
FNDA:0,(anonymous_11)
FNDA:0,(anonymous_12)
FNDA:0,(anonymous_13)
FNDA:0,(anonymous_14)
FNDA:0,(anonymous_15)
FNDA:0,(anonymous_16)
FNDA:0,(anonymous_17)
DA:26,0
DA:27,0
DA:28,0
DA:29,0
DA:34,0
DA:48,0
DA:54,0
DA:57,0
DA:58,0
DA:61,0
DA:68,0
DA:75,0
DA:86,0
DA:88,0
DA:90,0
DA:91,0
DA:95,0
DA:96,0
DA:97,0
DA:101,0
DA:109,0
DA:110,0
DA:111,0
DA:113,0
DA:114,0
DA:115,0
DA:116,0
DA:124,0
DA:125,0
DA:126,0
DA:128,0
DA:131,0
DA:132,0
DA:139,0
DA:141,0
DA:147,0
DA:148,0
DA:151,0
DA:159,0
DA:160,0
DA:167,0
DA:169,0
DA:170,0
DA:171,0
DA:174,0
DA:186,0
DA:191,0
DA:192,0
DA:197,0
DA:205,0
DA:206,0
DA:213,0
DA:214,0
DA:217,0
DA:218,0
DA:219,0
DA:222,0
DA:223,0
DA:235,0
DA:236,0
DA:237,0
DA:238,0
DA:242,0
DA:243,0
DA:247,0
DA:249,0
DA:250,0
DA:252,0
DA:260,0
DA:261,0
DA:263,0
DA:264,0
DA:266,0
DA:274,0
DA:281,0
DA:282,0
DA:294,0
DA:296,0
DA:307,0
DA:323,0
DA:331,0
DA:332,0
DA:333,0
DA:334,0
DA:338,0
DA:345,0
DA:346,0
LF:87
LH:0
BRDA:57,0,0,0
BRDA:61,1,0,0
BRDA:61,1,1,0
BRDA:90,2,0,0
BRDA:96,3,0,0
BRDA:103,4,0,0
BRDA:103,4,1,0
BRDA:113,5,0,0
BRDA:148,6,0,0
BRDA:148,6,1,0
BRDA:171,7,0,0
BRDA:171,7,1,0
BRDA:187,8,0,0
BRDA:187,8,1,0
BRDA:193,9,0,0
BRDA:193,9,1,0
BRDA:218,10,0,0
BRDA:223,11,0,0
BRDA:223,11,1,0
BRDA:249,12,0,0
BRDA:249,13,0,0
BRDA:249,13,1,0
BRDA:252,14,0,0
BRDA:252,14,1,0
BRDA:263,15,0,0
BRDA:263,15,1,0
BRDA:281,16,0,0
BRDA:294,17,0,0
BRDA:294,17,1,0
BRDA:312,18,0,0
BRDA:312,18,1,0
BRDA:331,19,0,0
BRDA:333,20,0,0
BRF:33
BRH:0
end_of_record
TN:
SF:src/artifacts/artifact_metadata.ts
FN:46,(anonymous_0)
FN:71,(anonymous_1)
FN:81,(anonymous_2)
FN:90,(anonymous_3)
FN:97,(anonymous_4)
FN:106,(anonymous_5)
FN:138,(anonymous_6)
FN:160,(anonymous_7)
FN:176,(anonymous_8)
FNF:9
FNH:0
FNDA:0,(anonymous_0)
FNDA:0,(anonymous_1)
FNDA:0,(anonymous_2)
FNDA:0,(anonymous_3)
FNDA:0,(anonymous_4)
FNDA:0,(anonymous_5)
FNDA:0,(anonymous_6)
FNDA:0,(anonymous_7)
FNDA:0,(anonymous_8)
DA:32,0
DA:33,0
DA:47,0
DA:48,0
DA:51,0
DA:52,0
DA:57,0
DA:72,0
DA:82,0
DA:91,0
DA:98,0
DA:108,0
DA:109,0
DA:140,0
DA:141,0
DA:143,0
DA:148,0
DA:161,0
DA:162,0
DA:167,0
DA:177,0
LF:21
LH:0
BRDA:47,0,0,0
BRDA:47,1,0,0
BRDA:47,1,1,0
BRDA:51,2,0,0
BRDA:72,3,0,0
BRDA:72,3,1,0
BRF:6
BRH:0
end_of_record
TN:
SF:src/artifacts/analysis/types.ts
FN:12,(anonymous_0)
FNF:1
FNH:0
FNDA:0,(anonymous_0)
DA:12,0
DA:14,0
DA:16,0
DA:18,0
LF:4
LH:0
BRDA:12,0,0,0
BRDA:12,0,1,0
BRF:2
BRH:0
end_of_record
TN:
SF:src/artifacts/analysis/unused_detector.ts
FN:71,(anonymous_0)
FN:121,(anonymous_1)
FN:131,(anonymous_2)
FN:137,(anonymous_3)
FN:149,(anonymous_4)
FN:157,(anonymous_5)
FN:172,(anonymous_6)
FN:182,(anonymous_7)
FN:197,(anonymous_8)
FN:207,(anonymous_9)
FN:228,(anonymous_10)
FN:235,(anonymous_11)
FN:264,(anonymous_12)
FN:278,(anonymous_13)
FN:284,(anonymous_14)
FN:301,(anonymous_15)
FN:324,(anonymous_16)
FN:331,(anonymous_17)
FNF:18
FNH:0
FNDA:0,(anonymous_0)
FNDA:0,(anonymous_1)
FNDA:0,(anonymous_2)
FNDA:0,(anonymous_3)
FNDA:0,(anonymous_4)
FNDA:0,(anonymous_5)
FNDA:0,(anonymous_6)
FNDA:0,(anonymous_7)
FNDA:0,(anonymous_8)
FNDA:0,(anonymous_9)
FNDA:0,(anonymous_10)
FNDA:0,(anonymous_11)
FNDA:0,(anonymous_12)
FNDA:0,(anonymous_13)
FNDA:0,(anonymous_14)
FNDA:0,(anonymous_15)
FNDA:0,(anonymous_16)
FNDA:0,(anonymous_17)
DA:55,0
DA:72,0
DA:73,0
DA:76,0
DA:87,0
DA:88,0
DA:90,0
DA:91,0
DA:93,0
DA:95,0
DA:96,0
DA:97,0
DA:98,0
DA:100,0
DA:101,0
DA:102,0
DA:103,0
DA:109,0
DA:110,0
DA:112,0
DA:114,0
DA:115,0
DA:118,0
DA:119,0
DA:121,0
DA:122,0
DA:123,0
DA:124,0
DA:131,0
DA:134,0
DA:135,0
DA:136,0
DA:137,0
DA:138,0
DA:141,0
DA:153,0
DA:157,0
DA:176,0
DA:178,0
DA:182,0
DA:201,0
DA:203,0
DA:207,0
DA:229,0
DA:230,0
DA:231,0
DA:232,0
DA:235,0
DA:236,0
DA:237,0
DA:241,0
DA:242,0
DA:243,0
DA:246,0
DA:265,0
DA:266,0
DA:267,0
DA:268,0
DA:271,0
DA:272,0
DA:273,0
DA:274,0
DA:278,0
DA:279,0
DA:280,0
DA:284,0
DA:285,0
DA:286,0
DA:289,0
DA:302,0
DA:304,0
DA:305,0
DA:307,0
DA:308,0
DA:310,0
DA:311,0
DA:314,0
DA:315,0
DA:318,0
DA:325,0
DA:332,0
LF:81
LH:0
BRDA:93,0,0,0
BRDA:93,0,1,0
BRDA:93,1,0,0
BRDA:93,1,1,0
BRDA:98,2,0,0
BRDA:101,3,0,0
BRDA:112,4,0,0
BRDA:114,5,0,0
BRDA:119,6,0,0
BRDA:122,7,0,0
BRDA:136,8,0,0
BRDA:235,9,0,0
BRDA:241,10,0,0
BRDA:272,11,0,0
BRDA:278,12,0,0
BRDA:278,13,0,0
BRDA:278,13,1,0
BRDA:284,14,0,0
BRDA:304,15,0,0
BRDA:307,16,0,0
BRDA:310,17,0,0
BRDA:314,18,0,0
BRF:22
BRH:0
end_of_record
TN:
SF:src/artifacts/clustering/community_detection.ts
FN:31,detectCommunities
FN:57,(anonymous_1)
FN:64,(anonymous_2)
FN:66,(anonymous_3)
FN:73,(anonymous_4)
FN:84,(anonymous_5)
FN:105,(anonymous_6)
FN:172,calculateModularityGain
FN:187,(anonymous_8)
FN:195,(anonymous_9)
FN:204,(anonymous_10)
FN:211,(anonymous_11)
FN:226,calculateModularity
FN:237,(anonymous_13)
FN:241,(anonymous_14)
FN:245,(anonymous_15)
FNF:16
FNH:0
FNDA:0,detectCommunities
FNDA:0,(anonymous_1)
FNDA:0,(anonymous_2)
FNDA:0,(anonymous_3)
FNDA:0,(anonymous_4)
FNDA:0,(anonymous_5)
FNDA:0,(anonymous_6)
FNDA:0,calculateModularityGain
FNDA:0,(anonymous_8)
FNDA:0,(anonymous_9)
FNDA:0,(anonymous_10)
FNDA:0,(anonymous_11)
FNDA:0,calculateModularity
FNDA:0,(anonymous_13)
FNDA:0,(anonymous_14)
FNDA:0,(anonymous_15)
DA:35,0
DA:38,0
DA:39,0
DA:47,0
DA:48,0
DA:49,0
DA:57,0
DA:63,0
DA:64,0
DA:66,0
DA:67,0
DA:68,0
DA:72,0
DA:73,0
DA:74,0
DA:77,0
DA:78,0
DA:81,0
DA:82,0
DA:84,0
DA:85,0
DA:86,0
DA:90,0
DA:91,0
DA:92,0
DA:94,0
DA:95,0
DA:96,0
DA:98,0
DA:99,0
DA:100,0
DA:101,0
DA:104,0
DA:105,0
DA:106,0
DA:107,0
DA:108,0
DA:113,0
DA:114,0
DA:116,0
DA:117,0
DA:128,0
DA:129,0
DA:130,0
DA:135,0
DA:136,0
DA:139,0
DA:140,0
DA:143,0
DA:144,0
DA:146,0
DA:147,0
DA:149,0
DA:155,0
DA:162,0
DA:163,0
DA:164,0
DA:166,0
DA:182,0
DA:183,0
DA:186,0
DA:187,0
DA:188,0
DA:189,0
DA:194,0
DA:195,0
DA:196,0
DA:197,0
DA:202,0
DA:203,0
DA:204,0
DA:205,0
DA:209,0
DA:210,0
DA:211,0
DA:212,0
DA:217,0
DA:220,0
DA:232,0
DA:234,0
DA:235,0
DA:237,0
DA:238,0
DA:239,0
DA:241,0
DA:242,0
DA:244,0
DA:245,0
DA:246,0
DA:247,0
DA:253,0
DA:256,0
DA:259,0
LF:93
LH:0
BRDA:38,0,0,0
BRDA:47,1,0,0
BRDA:58,2,0,0
BRDA:58,2,1,0
BRDA:59,3,0,0
BRDA:59,3,1,0
BRDA:74,4,0,0
BRDA:74,4,1,0
BRDA:94,5,0,0
BRDA:94,5,1,0
BRDA:101,6,0,0
BRDA:101,6,1,0
BRDA:107,7,0,0
BRDA:107,8,0,0
BRDA:107,8,1,0
BRDA:128,9,0,0
BRDA:135,10,0,0
BRDA:135,11,0,0
BRDA:135,11,1,0
BRDA:139,12,0,0
BRDA:143,13,0,0
BRDA:182,14,0,0
BRDA:182,14,1,0
BRDA:183,15,0,0
BRDA:183,15,1,0
BRDA:188,16,0,0
BRDA:196,17,0,0
BRDA:202,18,0,0
BRDA:202,18,1,0
BRDA:205,19,0,0
BRDA:205,19,1,0
BRDA:209,20,0,0
BRDA:209,20,1,0
BRDA:212,21,0,0
BRDA:212,21,1,0
BRDA:232,22,0,0
BRDA:242,23,0,0
BRDA:242,23,1,0
BRDA:244,24,0,0
BRDA:244,24,1,0
BRDA:246,25,0,0
BRF:41
BRH:0
end_of_record
TN:
SF:src/artifacts/clustering/hierarchical_clusterer.ts
FN:29,(anonymous_0)
FN:50,(anonymous_1)
FN:87,(anonymous_2)
FN:129,(anonymous_3)
FN:130,(anonymous_4)
FN:166,(anonymous_5)
FN:242,(anonymous_6)
FN:247,(anonymous_7)
FN:249,(anonymous_8)
FN:262,(anonymous_9)
FN:269,(anonymous_10)
FNF:11
FNH:0
FNDA:0,(anonymous_0)
FNDA:0,(anonymous_1)
FNDA:0,(anonymous_2)
FNDA:0,(anonymous_3)
FNDA:0,(anonymous_4)
FNDA:0,(anonymous_5)
FNDA:0,(anonymous_6)
FNDA:0,(anonymous_7)
FNDA:0,(anonymous_8)
FNDA:0,(anonymous_9)
FNDA:0,(anonymous_10)
DA:30,0
DA:31,0
DA:55,0
DA:57,0
DA:58,0
DA:61,0
DA:62,0
DA:64,0
DA:65,0
DA:68,0
DA:70,0
DA:73,0
DA:75,0
DA:78,0
DA:79,0
DA:80,0
DA:81,0
DA:83,0
DA:87,0
DA:92,0
DA:93,0
DA:95,0
DA:96,0
DA:97,0
DA:100,0
DA:101,0
DA:102,0
DA:106,0
DA:109,0
DA:112,0
DA:113,0
DA:119,0
DA:121,0
DA:127,0
DA:129,0
DA:130,0
DA:131,0
DA:132,0
DA:134,0
DA:144,0
DA:145,0
DA:147,0
DA:167,0
DA:168,0
DA:171,0
DA:172,0
DA:176,0
DA:178,0
DA:179,0
DA:180,0
DA:181,0
DA:183,0
DA:187,0
DA:188,0
DA:189,0
DA:190,0
DA:191,0
DA:192,0
DA:194,0
DA:195,0
DA:204,0
DA:206,0
DA:208,0
DA:209,0
DA:210,0
DA:211,0
DA:213,0
DA:216,0
DA:217,0
DA:218,0
DA:219,0
DA:220,0
DA:221,0
DA:229,0
DA:230,0
DA:231,0
DA:232,0
DA:235,0
DA:246,0
DA:247,0
DA:249,0
DA:250,0
DA:251,0
DA:253,0
DA:256,0
DA:263,0
DA:270,0
LF:87
LH:0
BRDA:52,0,0,0
BRDA:53,1,0,0
BRDA:95,2,0,0
BRDA:100,3,0,0
BRDA:112,4,0,0
BRDA:152,5,0,0
BRDA:152,5,1,0
BRDA:180,6,0,0
BRDA:188,7,0,0
BRDA:194,8,0,0
BRDA:210,9,0,0
BRDA:218,10,0,0
BRDA:250,11,0,0
BRDA:250,11,1,0
BRDA:251,12,0,0
BRDA:251,12,1,0
BRDA:253,13,0,0
BRDA:253,13,1,0
BRF:18
BRH:0
end_of_record
TN:
SF:src/artifacts/clustering/tfidf_labeler.ts
FN:20,(anonymous_0)
FN:29,(anonymous_1)
FN:53,(anonymous_2)
FN:86,(anonymous_3)
FN:89,(anonymous_4)
FN:99,(anonymous_5)
FN:130,(anonymous_6)
FN:133,(anonymous_7)
FN:142,(anonymous_8)
FN:143,(anonymous_9)
FN:147,(anonymous_10)
FN:156,(anonymous_11)
FN:171,(anonymous_12)
FN:180,(anonymous_13)
FNF:14
FNH:0
FNDA:0,(anonymous_0)
FNDA:0,(anonymous_1)
FNDA:0,(anonymous_2)
FNDA:0,(anonymous_3)
FNDA:0,(anonymous_4)
FNDA:0,(anonymous_5)
FNDA:0,(anonymous_6)
FNDA:0,(anonymous_7)
FNDA:0,(anonymous_8)
FNDA:0,(anonymous_9)
FNDA:0,(anonymous_10)
FNDA:0,(anonymous_11)
FNDA:0,(anonymous_12)
FNDA:0,(anonymous_13)
DA:21,0
DA:22,0
DA:30,0
DA:31,0
DA:33,0
DA:34,0
DA:37,0
DA:38,0
DA:39,0
DA:41,0
DA:54,0
DA:55,0
DA:58,0
DA:60,0
DA:64,0
DA:65,0
DA:66,0
DA:70,0
DA:71,0
DA:72,0
DA:76,0
DA:77,0
DA:78,0
DA:79,0
DA:80,0
DA:82,0
DA:86,0
DA:89,0
DA:92,0
DA:103,0
DA:104,0
DA:107,0
DA:108,0
DA:111,0
DA:112,0
DA:113,0
DA:116,0
DA:117,0
DA:118,0
DA:121,0
DA:122,0
DA:123,0
DA:124,0
DA:125,0
DA:127,0
DA:130,0
DA:132,0
DA:133,0
DA:135,0
DA:143,0
DA:146,0
DA:147,0
DA:157,0
DA:159,0
DA:161,0
DA:164,0
DA:165,0
DA:176,0
DA:177,0
DA:179,0
DA:180,0
DA:183,0
DA:184,0
DA:187,0
LF:64
LH:0
BRDA:38,0,0,0
BRDA:53,1,0,0
BRDA:54,2,0,0
BRDA:58,3,0,0
BRDA:72,4,0,0
BRDA:72,4,1,0
BRDA:101,5,0,0
BRDA:103,6,0,0
BRDA:107,7,0,0
BRDA:118,8,0,0
BRDA:118,8,1,0
BRDA:159,9,0,0
BRDA:159,10,0,0
BRDA:159,10,1,0
BRDA:190,11,0,0
BRDA:190,11,1,0
BRF:16
BRH:0
end_of_record
TN:
SF:src/artifacts/graph/graph_serializer.ts
FN:90,(anonymous_0)
FN:133,(anonymous_1)
FN:186,(anonymous_2)
FN:203,(anonymous_3)
FN:216,(anonymous_4)
FN:230,(anonymous_5)
FNF:6
FNH:0
FNDA:0,(anonymous_0)
FNDA:0,(anonymous_1)
FNDA:0,(anonymous_2)
FNDA:0,(anonymous_3)
FNDA:0,(anonymous_4)
FNDA:0,(anonymous_5)
DA:41,0
DA:75,0
DA:91,0
DA:93,0
DA:95,0
DA:103,0
DA:104,0
DA:108,0
DA:109,0
DA:111,0
DA:112,0
DA:114,0
DA:115,0
DA:134,0
DA:136,0
DA:138,0
DA:139,0
DA:141,0
DA:145,0
DA:146,0
DA:149,0
DA:152,0
DA:153,0
DA:156,0
DA:160,0
DA:169,0
DA:170,0
DA:172,0
DA:174,0
DA:175,0
DA:187,0
DA:188,0
DA:189,0
DA:192,0
DA:194,0
DA:204,0
DA:205,0
DA:206,0
DA:208,0
DA:217,0
DA:218,0
DA:219,0
DA:221,0
DA:231,0
DA:232,0
DA:233,0
DA:234,0
DA:239,0
LF:48
LH:0
BRDA:103,0,0,0
BRDA:152,1,0,0
BRDA:164,2,0,0
BRDA:164,2,1,0
BRDA:189,3,0,0
BRF:5
BRH:0
end_of_record
TN:
SF:src/artifacts/graph/signal_graph_builder.ts
FN:62,(anonymous_0)
FN:78,(anonymous_1)
FN:139,(anonymous_2)
FN:204,(anonymous_3)
FN:240,(anonymous_4)
FN:253,(anonymous_5)
FN:269,(anonymous_6)
FN:276,(anonymous_7)
FN:296,(anonymous_8)
FN:309,(anonymous_9)
FN:323,(anonymous_10)
FN:335,(anonymous_11)
FN:368,(anonymous_12)
FN:388,(anonymous_13)
FNF:14
FNH:0
FNDA:0,(anonymous_0)
FNDA:0,(anonymous_1)
FNDA:0,(anonymous_2)
FNDA:0,(anonymous_3)
FNDA:0,(anonymous_4)
FNDA:0,(anonymous_5)
FNDA:0,(anonymous_6)
FNDA:0,(anonymous_7)
FNDA:0,(anonymous_8)
FNDA:0,(anonymous_9)
FNDA:0,(anonymous_10)
FNDA:0,(anonymous_11)
FNDA:0,(anonymous_12)
FNDA:0,(anonymous_13)
DA:53,0
DA:62,0
DA:79,0
DA:80,0
DA:82,0
DA:84,0
DA:85,0
DA:87,0
DA:89,0
DA:90,0
DA:91,0
DA:95,0
DA:104,0
DA:105,0
DA:110,0
DA:112,0
DA:113,0
DA:140,0
DA:141,0
DA:143,0
DA:146,0
DA:149,0
DA:151,0
DA:152,0
DA:153,0
DA:155,0
DA:157,0
DA:159,0
DA:160,0
DA:161,0
DA:162,0
DA:165,0
DA:171,0
DA:181,0
DA:182,0
DA:187,0
DA:194,0
DA:195,0
DA:209,0
DA:211,0
DA:213,0
DA:215,0
DA:216,0
DA:217,0
DA:218,0
DA:222,0
DA:224,0
DA:225,0
DA:226,0
DA:227,0
DA:230,0
DA:241,0
DA:242,0
DA:243,0
DA:245,0
DA:254,0
DA:255,0
DA:256,0
DA:258,0
DA:270,0
DA:277,0
DA:297,0
DA:310,0
DA:324,0
DA:336,0
DA:338,0
DA:339,0
DA:342,0
DA:343,0
DA:347,0
DA:348,0
DA:349,0
DA:353,0
DA:369,0
DA:371,0
DA:372,0
DA:373,0
DA:377,0
DA:389,0
DA:391,0
DA:392,0
DA:393,0
DA:397,0
LF:83
LH:0
BRDA:160,0,0,0
BRDA:160,0,1,0
BRDA:216,1,0,0
BRDA:216,1,1,0
BRDA:225,2,0,0
BRDA:225,2,1,0
BRDA:297,3,0,0
BRDA:297,3,1,0
BRDA:310,4,0,0
BRDA:310,4,1,0
BRDA:324,5,0,0
BRDA:324,5,1,0
BRDA:347,6,0,0
BRDA:372,7,0,0
BRDA:392,8,0,0
BRF:15
BRH:0
end_of_record
TN:
SF:src/artifacts/monitoring/performance_monitor.ts
FN:42,(anonymous_0)
FN:99,(anonymous_1)
FN:144,(anonymous_2)
FN:153,(anonymous_3)
FN:155,(anonymous_4)
FN:163,(anonymous_5)
FN:164,(anonymous_6)
FN:166,(anonymous_7)
FN:167,(anonymous_8)
FN:169,(anonymous_9)
FN:185,(anonymous_10)
FN:222,(anonymous_11)
FN:256,(anonymous_12)
FN:273,(anonymous_13)
FN:283,(anonymous_14)
FN:290,(anonymous_15)
FN:291,(anonymous_16)
FN:297,(anonymous_17)
FN:304,(anonymous_18)
FN:314,(anonymous_19)
FN:329,(anonymous_20)
FNF:21
FNH:0
FNDA:0,(anonymous_0)
FNDA:0,(anonymous_1)
FNDA:0,(anonymous_2)
FNDA:0,(anonymous_3)
FNDA:0,(anonymous_4)
FNDA:0,(anonymous_5)
FNDA:0,(anonymous_6)
FNDA:0,(anonymous_7)
FNDA:0,(anonymous_8)
FNDA:0,(anonymous_9)
FNDA:0,(anonymous_10)
FNDA:0,(anonymous_11)
FNDA:0,(anonymous_12)
FNDA:0,(anonymous_13)
FNDA:0,(anonymous_14)
FNDA:0,(anonymous_15)
FNDA:0,(anonymous_16)
FNDA:0,(anonymous_17)
FNDA:0,(anonymous_18)
FNDA:0,(anonymous_19)
FNDA:0,(anonymous_20)
DA:24,0
DA:25,0
DA:26,0
DA:46,0
DA:47,0
DA:48,0
DA:50,0
DA:52,0
DA:55,0
DA:56,0
DA:59,0
DA:62,0
DA:70,0
DA:71,0
DA:72,0
DA:73,0
DA:75,0
DA:78,0
DA:86,0
DA:87,0
DA:100,0
DA:101,0
DA:102,0
DA:104,0
DA:105,0
DA:107,0
DA:108,0
DA:111,0
DA:113,0
DA:120,0
DA:121,0
DA:122,0
DA:123,0
DA:125,0
DA:127,0
DA:135,0
DA:136,0
DA:145,0
DA:146,0
DA:154,0
DA:155,0
DA:158,0
DA:160,0
DA:163,0
DA:164,0
DA:166,0
DA:167,0
DA:168,0
DA:169,0
DA:171,0
DA:186,0
DA:188,0
DA:190,0
DA:191,0
DA:192,0
DA:193,0
DA:195,0
DA:199,0
DA:200,0
DA:201,0
DA:203,0
DA:205,0
DA:214,0
DA:215,0
DA:223,0
DA:225,0
DA:226,0
DA:227,0
DA:228,0
DA:230,0
DA:233,0
DA:234,0
DA:235,0
DA:237,0
DA:239,0
DA:248,0
DA:249,0
DA:257,0
DA:260,0
DA:261,0
DA:264,0
DA:265,0
DA:274,0
DA:275,0
DA:276,0
DA:277,0
DA:284,0
DA:291,0
DA:298,0
DA:305,0
DA:315,0
DA:316,0
DA:317,0
DA:330,0
LF:94
LH:0
BRDA:83,0,0,0
BRDA:83,0,1,0
BRDA:132,1,0,0
BRDA:132,1,1,0
BRDA:153,2,0,0
BRDA:155,3,0,0
BRDA:155,3,1,0
BRDA:158,4,0,0
BRDA:188,5,0,0
BRDA:191,6,0,0
BRDA:200,7,0,0
BRDA:203,8,0,0
BRDA:203,8,1,0
BRDA:225,9,0,0
BRDA:227,10,0,0
BRDA:234,11,0,0
BRDA:237,12,0,0
BRDA:237,12,1,0
BRDA:260,13,0,0
BRDA:260,13,1,0
BRDA:264,14,0,0
BRDA:274,15,0,0
BRDA:274,15,1,0
BRF:23
BRH:0
end_of_record
TN:
SF:src/artifacts/parsers/gdscript_parser.ts
FN:34,parseGDScriptSignals
FN:47,(anonymous_1)
FN:67,parseGDScriptSignalsRegex
FN:91,(anonymous_3)
FN:126,findSignalConnections
FN:144,parseProjectSignals
FNF:6
FNH:0
FNDA:0,parseGDScriptSignals
FNDA:0,(anonymous_1)
FNDA:0,parseGDScriptSignalsRegex
FNDA:0,(anonymous_3)
FNDA:0,findSignalConnections
FNDA:0,parseProjectSignals
DA:35,0
DA:36,0
DA:39,0
DA:41,0
DA:43,0
DA:44,0
DA:47,0
DA:57,0
DA:58,0
DA:68,0
DA:69,0
DA:70,0
DA:74,0
DA:76,0
DA:78,0
DA:79,0
DA:80,0
DA:82,0
DA:83,0
DA:84,0
DA:87,0
DA:88,0
DA:90,0
DA:91,0
DA:92,0
DA:94,0
DA:95,0
DA:96,0
DA:97,0
DA:98,0
DA:99,0
DA:102,0
DA:107,0
DA:118,0
DA:130,0
DA:138,0
DA:149,0
DA:150,0
DA:152,0
DA:156,0
DA:160,0
LF:41
LH:0
BRDA:35,0,0,0
BRDA:82,1,0,0
BRDA:84,2,0,0
BRDA:84,2,1,0
BRDA:90,3,0,0
BRDA:95,4,0,0
BRDA:95,4,1,0
BRDA:152,5,0,0
BRDA:152,5,1,0
BRDA:156,6,0,0
BRDA:156,6,1,0
BRF:11
BRH:0
end_of_record
TN:
SF:src/artifacts/parsers/signal_extractor.ts
FN:91,(anonymous_0)
FN:104,(anonymous_1)
FN:115,(anonymous_2)
FN:150,(anonymous_3)
FN:174,(anonymous_4)
FN:187,(anonymous_5)
FN:194,(anonymous_6)
FN:227,(anonymous_7)
FN:249,(anonymous_8)
FN:305,(anonymous_9)
FN:326,(anonymous_10)
FN:342,(anonymous_11)
FN:362,(anonymous_12)
FN:393,(anonymous_13)
FN:415,(anonymous_14)
FN:468,(anonymous_15)
FN:491,(anonymous_16)
FN:555,(anonymous_17)
FN:574,(anonymous_18)
FN:580,traverse
FN:588,(anonymous_20)
FNF:21
FNH:0
FNDA:0,(anonymous_0)
FNDA:0,(anonymous_1)
FNDA:0,(anonymous_2)
FNDA:0,(anonymous_3)
FNDA:0,(anonymous_4)
FNDA:0,(anonymous_5)
FNDA:0,(anonymous_6)
FNDA:0,(anonymous_7)
FNDA:0,(anonymous_8)
FNDA:0,(anonymous_9)
FNDA:0,(anonymous_10)
FNDA:0,(anonymous_11)
FNDA:0,(anonymous_12)
FNDA:0,(anonymous_13)
FNDA:0,(anonymous_14)
FNDA:0,(anonymous_15)
FNDA:0,(anonymous_16)
FNDA:0,(anonymous_17)
FNDA:0,(anonymous_18)
FNDA:0,traverse
FNDA:0,(anonymous_20)
DA:28,0
DA:69,0
DA:92,0
DA:94,0
DA:95,0
DA:98,0
DA:100,0
DA:103,0
DA:104,0
DA:105,0
DA:106,0
DA:107,0
DA:108,0
DA:110,0
DA:115,0
DA:116,0
DA:117,0
DA:118,0
DA:125,0
DA:126,0
DA:127,0
DA:129,0
DA:131,0
DA:151,0
DA:152,0
DA:154,0
DA:155,0
DA:156,0
DA:157,0
DA:159,0
DA:163,0
DA:164,0
DA:178,0
DA:179,0
DA:188,0
DA:195,0
DA:228,0
DA:229,0
DA:230,0
DA:232,0
DA:234,0
DA:235,0
DA:237,0
DA:239,0
DA:240,0
DA:256,0
DA:257,0
DA:259,0
DA:260,0
DA:262,0
DA:264,0
DA:266,0
DA:267,0
DA:268,0
DA:269,0
DA:271,0
DA:272,0
DA:287,0
DA:288,0
DA:289,0
DA:290,0
DA:306,0
DA:307,0
DA:311,0
DA:312,0
DA:313,0
DA:314,0
DA:318,0
DA:327,0
DA:328,0
DA:329,0
DA:330,0
DA:334,0
DA:343,0
DA:344,0
DA:346,0
DA:347,0
DA:348,0
DA:349,0
DA:350,0
DA:354,0
DA:363,0
DA:364,0
DA:365,0
DA:367,0
DA:368,0
DA:394,0
DA:395,0
DA:396,0
DA:398,0
DA:400,0
DA:401,0
DA:403,0
DA:405,0
DA:406,0
DA:422,0
DA:423,0
DA:425,0
DA:426,0
DA:428,0
DA:430,0
DA:432,0
DA:433,0
DA:434,0
DA:435,0
DA:437,0
DA:438,0
DA:455,0
DA:456,0
DA:457,0
DA:458,0
DA:469,0
DA:470,0
DA:471,0
DA:472,0
DA:476,0
DA:496,0
DA:497,0
DA:499,0
DA:500,0
DA:501,0
DA:502,0
DA:503,0
DA:507,0
DA:510,0
DA:511,0
DA:512,0
DA:520,0
DA:521,0
DA:522,0
DA:523,0
DA:524,0
DA:525,0
DA:526,0
DA:527,0
DA:528,0
DA:529,0
DA:533,0
DA:535,0
DA:536,0
DA:537,0
DA:548,0
DA:550,0
DA:551,0
DA:552,0
DA:555,0
DA:557,0
DA:559,0
DA:560,0
DA:566,0
DA:578,0
DA:581,0
DA:583,0
DA:584,0
DA:585,0
DA:588,0
DA:589,0
DA:590,0
DA:593,0
DA:595,0
DA:596,0
DA:597,0
DA:598,0
DA:603,0
DA:604,0
LF:165
LH:0
BRDA:94,0,0,0
BRDA:105,1,0,0
BRDA:105,1,1,0
BRDA:105,2,0,0
BRDA:105,2,1,0
BRDA:107,3,0,0
BRDA:107,3,1,0
BRDA:107,4,0,0
BRDA:107,4,1,0
BRDA:117,5,0,0
BRDA:132,6,0,0
BRDA:132,6,1,0
BRDA:176,7,0,0
BRDA:256,8,0,0
BRDA:259,9,0,0
BRDA:259,10,0,0
BRDA:259,10,1,0
BRDA:262,11,0,0
BRDA:262,12,0,0
BRDA:262,12,1,0
BRDA:266,13,0,0
BRDA:271,14,0,0
BRDA:289,15,0,0
BRDA:306,16,0,0
BRDA:311,17,0,0
BRDA:313,18,0,0
BRDA:327,19,0,0
BRDA:329,20,0,0
BRDA:329,21,0,0
BRDA:329,21,1,0
BRDA:344,22,0,0
BRDA:349,23,0,0
BRDA:349,24,0,0
BRDA:349,24,1,0
BRDA:349,24,2,0
BRDA:349,24,3,0
BRDA:354,25,0,0
BRDA:354,25,1,0
BRDA:422,26,0,0
BRDA:425,27,0,0
BRDA:425,28,0,0
BRDA:425,28,1,0
BRDA:428,29,0,0
BRDA:428,30,0,0
BRDA:428,30,1,0
BRDA:432,31,0,0
BRDA:437,32,0,0
BRDA:437,33,0,0
BRDA:437,33,1,0
BRDA:457,34,0,0
BRDA:469,35,0,0
BRDA:471,36,0,0
BRDA:471,37,0,0
BRDA:471,37,1,0
BRDA:497,38,0,0
BRDA:502,39,0,0
BRDA:502,40,0,0
BRDA:502,40,1,0
BRDA:502,40,2,0
BRDA:502,40,3,0
BRDA:507,41,0,0
BRDA:511,42,0,0
BRDA:515,43,0,0
BRDA:515,43,1,0
BRDA:520,44,0,0
BRDA:522,45,0,0
BRDA:522,46,0,0
BRDA:522,46,1,0
BRDA:524,47,0,0
BRDA:528,48,0,0
BRDA:528,49,0,0
BRDA:528,49,1,0
BRDA:528,49,2,0
BRDA:528,49,3,0
BRDA:533,50,0,0
BRDA:540,51,0,0
BRDA:540,51,1,0
BRDA:548,52,0,0
BRDA:548,52,1,0
BRDA:555,53,0,0
BRDA:555,53,1,0
BRDA:557,54,0,0
BRDA:593,55,0,0
BRDA:595,56,0,0
BRDA:595,56,1,0
BRDA:597,57,0,0
BRDA:597,58,0,0
BRDA:597,58,1,0
BRF:88
BRH:0
end_of_record
TN:
SF:src/artifacts/parsers/tree_sitter_bridge.ts
FN:45,(anonymous_0)
FN:79,(anonymous_1)
FN:120,(anonymous_2)
FN:158,(anonymous_3)
FN:173,(anonymous_4)
FNF:5
FNH:0
FNDA:0,(anonymous_0)
FNDA:0,(anonymous_1)
FNDA:0,(anonymous_2)
FNDA:0,(anonymous_3)
FNDA:0,(anonymous_4)
DA:35,0
DA:36,0
DA:37,0
DA:46,0
DA:47,0
DA:50,0
DA:52,0
DA:56,0
DA:58,0
DA:59,0
DA:61,0
DA:63,0
DA:64,0
DA:65,0
DA:68,0
DA:80,0
DA:83,0
DA:88,0
DA:89,0
DA:90,0
DA:94,0
DA:97,0
DA:101,0
DA:102,0
DA:121,0
DA:122,0
DA:127,0
DA:129,0
DA:130,0
DA:131,0
DA:133,0
DA:134,0
DA:137,0
DA:138,0
DA:143,0
DA:145,0
DA:159,0
DA:160,0
DA:165,0
DA:174,0
LF:40
LH:0
BRDA:46,0,0,0
BRDA:64,1,0,0
BRDA:69,2,0,0
BRDA:69,2,1,0
BRDA:83,3,0,0
BRDA:83,3,1,0
BRDA:102,4,0,0
BRDA:102,4,1,0
BRDA:121,5,0,0
BRDA:121,6,0,0
BRDA:121,6,1,0
BRDA:137,7,0,0
BRDA:137,8,0,0
BRDA:137,8,1,0
BRDA:146,9,0,0
BRDA:146,9,1,0
BRDA:159,10,0,0
BRDA:159,11,0,0
BRDA:159,11,1,0
BRF:19
BRH:0
end_of_record
TN:
SF:src/artifacts/parsers/tree_sitter_diagnostics.ts
FN:106,(anonymous_0)
FN:111,(anonymous_1)
FN:200,(anonymous_2)
FN:201,(anonymous_3)
FN:202,(anonymous_4)
FN:203,(anonymous_5)
FN:216,(anonymous_6)
FN:235,(anonymous_7)
FNF:8
FNH:0
FNDA:0,(anonymous_0)
FNDA:0,(anonymous_1)
FNDA:0,(anonymous_2)
FNDA:0,(anonymous_3)
FNDA:0,(anonymous_4)
FNDA:0,(anonymous_5)
FNDA:0,(anonymous_6)
FNDA:0,(anonymous_7)
DA:22,0
DA:34,0
DA:107,0
DA:108,0
DA:111,0
DA:118,0
DA:119,0
DA:122,0
DA:123,0
DA:124,0
DA:126,0
DA:127,0
DA:128,0
DA:130,0
DA:131,0
DA:133,0
DA:136,0
DA:137,0
DA:138,0
DA:139,0
DA:145,0
DA:146,0
DA:147,0
DA:148,0
DA:158,0
DA:159,0
DA:160,0
DA:161,0
DA:171,0
DA:174,0
DA:177,0
DA:181,0
DA:201,0
DA:202,0
DA:203,0
DA:205,0
DA:208,0
DA:211,0
DA:216,0
DA:218,0
DA:236,0
DA:238,0
DA:239,0
DA:240,0
DA:241,0
DA:243,0
DA:244,0
DA:245,0
DA:246,0
DA:247,0
DA:249,0
DA:251,0
DA:252,0
DA:253,0
DA:254,0
DA:255,0
DA:256,0
DA:257,0
DA:258,0
DA:259,0
DA:261,0
DA:262,0
DA:263,0
DA:264,0
DA:266,0
DA:270,0
LF:66
LH:0
BRDA:128,0,0,0
BRDA:133,1,0,0
BRDA:133,2,0,0
BRDA:133,2,1,0
BRDA:133,2,2,0
BRDA:147,3,0,0
BRDA:160,4,0,0
BRDA:171,5,0,0
BRDA:171,5,1,0
BRDA:174,6,0,0
BRDA:174,6,1,0
BRDA:177,7,0,0
BRDA:177,7,1,0
BRDA:205,8,0,0
BRDA:205,8,1,0
BRDA:208,9,0,0
BRDA:208,9,1,0
BRDA:211,10,0,0
BRDA:211,10,1,0
BRDA:247,11,0,0
BRDA:247,11,1,0
BRDA:252,12,0,0
BRDA:252,12,1,0
BRDA:261,13,0,0
BRF:24
BRH:0
end_of_record
TN:
SF:src/artifacts/parsers/tree_sitter_types.ts
FN:106,findSignalNodes
FN:110,traverse
FN:135,extractParameter
FN:138,(anonymous_3)
FN:139,(anonymous_4)
FNF:5
FNH:0
FNDA:0,findSignalNodes
FNDA:0,traverse
FNDA:0,extractParameter
FNDA:0,(anonymous_3)
FNDA:0,(anonymous_4)
DA:66,0
DA:74,0
DA:85,0
DA:107,0
DA:108,0
DA:111,0
DA:112,0
DA:114,0
DA:115,0
DA:119,0
DA:120,0
DA:138,0
DA:139,0
DA:141,0
LF:14
LH:0
BRDA:111,0,0,0
BRDA:138,1,0,0
BRDA:138,1,1,0
BRDA:139,2,0,0
BRDA:139,2,1,0
BRDA:142,3,0,0
BRDA:142,3,1,0
BRDA:143,4,0,0
BRDA:143,4,1,0
BRF:9
BRH:0
end_of_record
TN:
SF:src/artifacts/pipelines/trend_data_pipeline.ts
FN:18,(anonymous_0)
FN:63,(anonymous_1)
FN:99,(anonymous_2)
FN:116,(anonymous_3)
FN:128,(anonymous_4)
FN:142,(anonymous_5)
FN:155,(anonymous_6)
FN:169,(anonymous_7)
FN:189,(anonymous_8)
FN:222,(anonymous_9)
FN:229,(anonymous_10)
FN:239,(anonymous_11)
FN:251,(anonymous_12)
FN:275,(anonymous_13)
FN:288,(anonymous_14)
FN:320,(anonymous_15)
FNF:16
FNH:0
FNDA:0,(anonymous_0)
FNDA:0,(anonymous_1)
FNDA:0,(anonymous_2)
FNDA:0,(anonymous_3)
FNDA:0,(anonymous_4)
FNDA:0,(anonymous_5)
FNDA:0,(anonymous_6)
FNDA:0,(anonymous_7)
FNDA:0,(anonymous_8)
FNDA:0,(anonymous_9)
FNDA:0,(anonymous_10)
FNDA:0,(anonymous_11)
FNDA:0,(anonymous_12)
FNDA:0,(anonymous_13)
FNDA:0,(anonymous_14)
FNDA:0,(anonymous_15)
DA:19,0
DA:20,0
DA:23,0
DA:24,0
DA:27,0
DA:28,0
DA:29,0
DA:31,0
DA:33,0
DA:37,0
DA:40,0
DA:47,0
DA:49,0
DA:70,0
DA:71,0
DA:72,0
DA:75,0
DA:76,0
DA:77,0
DA:79,0
DA:80,0
DA:81,0
DA:82,0
DA:85,0
DA:100,0
DA:101,0
DA:104,0
DA:106,0
DA:107,0
DA:110,0
DA:117,0
DA:118,0
DA:119,0
DA:120,0
DA:121,0
DA:122,0
DA:129,0
DA:130,0
DA:131,0
DA:133,0
DA:138,0
DA:139,0
DA:142,0
DA:143,0
DA:144,0
DA:147,0
DA:148,0
DA:160,0
DA:163,0
DA:164,0
DA:165,0
DA:168,0
DA:169,0
DA:172,0
DA:173,0
DA:177,0
DA:178,0
DA:180,0
DA:183,0
DA:193,0
DA:195,0
DA:200,0
DA:201,0
DA:204,0
DA:205,0
DA:206,0
DA:209,0
DA:210,0
DA:212,0
DA:214,0
DA:215,0
DA:223,0
DA:224,0
DA:225,0
DA:228,0
DA:229,0
DA:230,0
DA:231,0
DA:232,0
DA:233,0
DA:235,0
DA:236,0
DA:237,0
DA:238,0
DA:239,0
DA:244,0
DA:245,0
DA:252,0
DA:253,0
DA:254,0
DA:257,0
DA:258,0
DA:260,0
DA:261,0
DA:262,0
DA:264,0
DA:265,0
DA:269,0
DA:276,0
DA:279,0
DA:280,0
DA:282,0
DA:292,0
DA:293,0
DA:294,0
DA:296,0
DA:297,0
DA:298,0
DA:300,0
DA:302,0
DA:303,0
DA:304,0
DA:307,0
DA:308,0
DA:309,0
DA:310,0
DA:314,0
DA:326,0
DA:327,0
DA:328,0
DA:331,0
DA:332,0
DA:333,0
DA:336,0
DA:338,0
DA:339,0
DA:341,0
DA:342,0
DA:344,0
DA:347,0
DA:348,0
DA:349,0
DA:351,0
LF:133
LH:0
BRDA:18,0,0,0
BRDA:19,1,0,0
BRDA:31,2,0,0
BRDA:118,3,0,0
BRDA:118,3,1,0
BRDA:138,4,0,0
BRDA:169,5,0,0
BRDA:169,5,1,0
BRDA:172,6,0,0
BRDA:224,7,0,0
BRDA:235,8,0,0
BRDA:235,8,1,0
BRDA:235,9,0,0
BRDA:235,9,1,0
BRDA:235,9,2,0
BRDA:237,10,0,0
BRDA:237,11,0,0
BRDA:237,11,1,0
BRDA:237,11,2,0
BRDA:253,12,0,0
BRDA:261,13,0,0
BRDA:265,14,0,0
BRDA:265,14,1,0
BRDA:276,15,0,0
BRDA:300,16,0,0
BRDA:300,16,1,0
BRDA:327,17,0,0
BRDA:327,17,1,0
BRDA:332,18,0,0
BRDA:332,18,1,0
BRDA:336,19,0,0
BRDA:336,19,1,0
BRDA:336,20,0,0
BRDA:336,20,1,0
BRDA:339,21,0,0
BRDA:339,21,1,0
BRDA:342,22,0,0
BRDA:342,22,1,0
BRF:38
BRH:0
end_of_record
TN:
SF:src/artifacts/refactoring/levenshtein.ts
FN:29,levenshtein
FN:81,normalizedLevenshtein
FN:96,levenshteinSimilarity
FNF:3
FNH:0
FNDA:0,levenshtein
FNDA:0,normalizedLevenshtein
FNDA:0,levenshteinSimilarity
DA:31,0
DA:32,0
DA:35,0
DA:36,0
DA:39,0
DA:40,0
DA:43,0
DA:44,0
DA:47,0
DA:48,0
DA:52,0
DA:53,0
DA:55,0
DA:56,0
DA:58,0
DA:66,0
DA:69,0
DA:82,0
DA:83,0
DA:84,0
DA:97,0
LF:21
LH:0
BRDA:31,0,0,0
BRDA:39,1,0,0
BRDA:40,2,0,0
BRDA:56,3,0,0
BRDA:56,3,1,0
BRDA:84,4,0,0
BRDA:84,4,1,0
BRF:7
BRH:0
end_of_record
TN:
SF:src/artifacts/refactoring/naming_validator.ts
FN:23,isSnakeCase
FN:35,toSnakeCase
FN:56,validateNaming
FN:107,hasCommonPattern
FN:122,(anonymous_4)
FN:131,extractSuffix
FN:142,extractPrefix
FNF:7
FNH:0
FNDA:0,isSnakeCase
FNDA:0,toSnakeCase
FNDA:0,validateNaming
FNDA:0,hasCommonPattern
FNDA:0,(anonymous_4)
FNDA:0,extractSuffix
FNDA:0,extractPrefix
DA:26,0
DA:36,0
DA:61,0
DA:62,0
DA:71,0
DA:72,0
DA:73,0
DA:82,0
DA:83,0
DA:91,0
DA:108,0
DA:122,0
DA:132,0
DA:133,0
DA:143,0
DA:144,0
LF:16
LH:0
BRDA:44,0,0,0
BRDA:44,0,1,0
BRDA:61,1,0,0
BRDA:72,2,0,0
BRDA:72,3,0,0
BRDA:72,3,1,0
BRDA:82,4,0,0
BRDA:133,5,0,0
BRDA:133,5,1,0
BRDA:144,6,0,0
BRDA:144,6,1,0
BRF:11
BRH:0
end_of_record
TN:
SF:src/artifacts/refactoring/suggestion_engine.ts
FN:66,(anonymous_0)
FN:87,(anonymous_1)
FN:104,(anonymous_2)
FN:110,(anonymous_3)
FN:127,(anonymous_4)
FN:189,(anonymous_5)
FN:206,(anonymous_6)
FN:222,(anonymous_7)
FN:229,(anonymous_8)
FNF:9
FNH:0
FNDA:0,(anonymous_0)
FNDA:0,(anonymous_1)
FNDA:0,(anonymous_2)
FNDA:0,(anonymous_3)
FNDA:0,(anonymous_4)
FNDA:0,(anonymous_5)
FNDA:0,(anonymous_6)
FNDA:0,(anonymous_7)
FNDA:0,(anonymous_8)
DA:44,0
DA:67,0
DA:68,0
DA:71,0
DA:73,0
DA:74,0
DA:77,0
DA:78,0
DA:79,0
DA:80,0
DA:81,0
DA:84,0
DA:85,0
DA:87,0
DA:90,0
DA:91,0
DA:99,0
DA:104,0
DA:107,0
DA:108,0
DA:109,0
DA:110,0
DA:111,0
DA:114,0
DA:128,0
DA:129,0
DA:131,0
DA:132,0
DA:133,0
DA:134,0
DA:137,0
DA:138,0
DA:139,0
DA:143,0
DA:144,0
DA:145,0
DA:149,0
DA:150,0
DA:153,0
DA:154,0
DA:156,0
DA:158,0
DA:159,0
DA:172,0
DA:190,0
DA:192,0
DA:193,0
DA:196,0
DA:197,0
DA:200,0
DA:207,0
DA:209,0
DA:211,0
DA:213,0
DA:215,0
DA:223,0
DA:230,0
LF:57
LH:0
BRDA:90,0,0,0
BRDA:109,1,0,0
BRDA:137,2,0,0
BRDA:143,3,0,0
BRDA:153,4,0,0
BRDA:158,5,0,0
BRDA:190,6,0,0
BRDA:190,6,1,0
BRDA:192,7,0,0
BRDA:193,8,0,0
BRDA:193,8,1,0
BRDA:196,9,0,0
BRDA:197,10,0,0
BRDA:197,10,1,0
BRDA:207,11,0,0
BRDA:207,11,1,0
BRDA:207,11,2,0
BRDA:207,11,3,0
BRF:18
BRH:0
end_of_record
TN:
SF:src/artifacts/refactoring/types.ts
FN:12,(anonymous_0)
FNF:1
FNH:0
FNDA:0,(anonymous_0)
DA:12,0
DA:14,0
DA:16,0
DA:18,0
LF:4
LH:0
BRDA:12,0,0,0
BRDA:12,0,1,0
BRF:2
BRH:0
end_of_record
TN:
SF:src/artifacts/renderers/d3_signal_map.ts
FN:21,(anonymous_0)
FN:26,(anonymous_1)
FNF:2
FNH:0
FNDA:0,(anonymous_0)
FNDA:0,(anonymous_1)
DA:19,0
DA:22,0
DA:23,0
DA:26,0
DA:38,0
DA:40,0
LF:6
LH:0
BRDA:23,0,0,0
BRDA:23,0,1,0
BRDA:33,1,0,0
BRDA:33,1,1,0
BRDA:187,2,0,0
BRDA:187,2,1,0
BRDA:188,3,0,0
BRDA:188,3,1,0
BRF:8
BRH:0
end_of_record
TN:
SF:src/artifacts/renderers/d3_signal_map_v2.ts
FN:22,(anonymous_0)
FN:27,(anonymous_1)
FN:42,(anonymous_2)
FN:50,(anonymous_3)
FN:64,(anonymous_4)
FN:65,(anonymous_5)
FN:641,(anonymous_6)
FNF:7
FNH:0
FNDA:0,(anonymous_0)
FNDA:0,(anonymous_1)
FNDA:0,(anonymous_2)
FNDA:0,(anonymous_3)
FNDA:0,(anonymous_4)
FNDA:0,(anonymous_5)
FNDA:0,(anonymous_6)
DA:20,0
DA:23,0
DA:24,0
DA:27,0
DA:39,0
DA:40,0
DA:42,0
DA:43,0
DA:44,0
DA:46,0
DA:50,0
DA:51,0
DA:52,0
DA:53,0
DA:63,0
DA:64,0
DA:65,0
DA:68,0
DA:642,0
LF:19
LH:0
BRDA:24,0,0,0
BRDA:24,0,1,0
BRDA:34,1,0,0
BRDA:34,1,1,0
BRDA:43,2,0,0
BRF:5
BRH:0
end_of_record
TN:
SF:src/artifacts/renderers/dependency_graph.ts
FN:13,(anonymous_0)
FNF:1
FNH:0
FNDA:0,(anonymous_0)
DA:11,0
DA:15,0
DA:16,0
DA:19,0
DA:20,0
DA:24,0
DA:25,0
DA:27,0
LF:8
LH:0
BRDA:19,0,0,0
BRF:1
BRH:0
end_of_record
TN:
SF:src/artifacts/renderers/performance_trends.ts
FN:12,(anonymous_0)
FNF:1
FNH:0
FNDA:0,(anonymous_0)
DA:10,0
DA:14,0
DA:17,0
DA:19,0
LF:4
LH:0
BRF:0
BRH:0
end_of_record
TN:
SF:src/artifacts/renderers/placeholder_hop_dashboard.ts
FN:11,(anonymous_0)
FN:106,(anonymous_1)
FNF:2
FNH:0
FNDA:0,(anonymous_0)
FNDA:0,(anonymous_1)
DA:9,0
DA:12,0
DA:14,0
DA:107,0
DA:108,0
LF:5
LH:0
BRDA:12,0,0,0
BRDA:12,0,1,0
BRDA:107,1,0,0
BRDA:107,1,1,0
BRDA:111,2,0,0
BRDA:111,2,1,0
BRDA:112,3,0,0
BRDA:112,3,1,0
BRDA:114,4,0,0
BRDA:114,4,1,0
BRDA:115,5,0,0
BRDA:115,5,1,0
BRDA:124,6,0,0
BRDA:124,6,1,0
BRF:14
BRH:0
end_of_record
TN:
SF:src/artifacts/renderers/placeholder_signal_map.ts
FN:11,(anonymous_0)
FN:81,(anonymous_1)
FNF:2
FNH:0
FNDA:0,(anonymous_0)
FNDA:0,(anonymous_1)
DA:9,0
DA:12,0
DA:14,0
DA:81,0
LF:4
LH:0
BRDA:12,0,0,0
BRDA:12,0,1,0
BRDA:86,1,0,0
BRDA:86,1,1,0
BRDA:91,2,0,0
BRDA:91,2,1,0
BRF:6
BRH:0
end_of_record
TN:
SF:src/artifacts/renderers/react_hop_dashboard.ts
FN:44,(anonymous_0)
FNF:1
FNH:0
FNDA:0,(anonymous_0)
DA:42,0
DA:45,0
DA:47,0
LF:3
LH:0
BRF:0
BRH:0
end_of_record
TN:
SF:src/artifacts/scanner/cache_manager.ts
FN:38,(anonymous_0)
FN:61,(anonymous_1)
FN:111,(anonymous_2)
FN:125,(anonymous_3)
FN:134,(anonymous_4)
FN:143,(anonymous_5)
FN:152,(anonymous_6)
FNF:7
FNH:0
FNDA:0,(anonymous_0)
FNDA:0,(anonymous_1)
FNDA:0,(anonymous_2)
FNDA:0,(anonymous_3)
FNDA:0,(anonymous_4)
FNDA:0,(anonymous_5)
FNDA:0,(anonymous_6)
DA:34,0
DA:36,0
DA:39,0
DA:40,0
DA:62,0
DA:65,0
DA:66,0
DA:70,0
DA:71,0
DA:75,0
DA:77,0
DA:78,0
DA:81,0
DA:82,0
DA:83,0
DA:85,0
DA:87,0
DA:90,0
DA:93,0
DA:94,0
DA:112,0
DA:126,0
DA:135,0
DA:144,0
DA:153,0
LF:25
LH:0
BRDA:39,0,0,0
BRDA:39,0,1,0
BRDA:65,1,0,0
BRDA:70,2,0,0
BRDA:75,3,0,0
BRDA:85,4,0,0
BRF:6
BRH:0
end_of_record
TN:
SF:src/artifacts/scanner/parse_worker.ts
FN:25,main
FN:90,(anonymous_1)
FNF:2
FNH:0
FNDA:0,main
FNDA:0,(anonymous_1)
DA:26,0
DA:27,0
DA:28,0
DA:31,0
DA:32,0
DA:34,0
DA:35,0
DA:38,0
DA:39,0
DA:40,0
DA:42,0
DA:50,0
DA:54,0
DA:55,0
DA:56,0
DA:57,0
DA:58,0
DA:61,0
DA:63,0
DA:72,0
DA:80,0
DA:86,0
DA:90,0
DA:91,0
DA:92,0
DA:101,0
LF:26
LH:0
BRDA:26,0,0,0
BRDA:47,1,0,0
BRDA:47,1,1,0
BRDA:74,2,0,0
BRDA:74,2,1,0
BRDA:91,3,0,0
BRDA:94,4,0,0
BRDA:94,4,1,0
BRDA:97,5,0,0
BRDA:97,5,1,0
BRF:10
BRH:0
end_of_record
TN:
SF:src/artifacts/scanner/project_scanner.ts
FN:60,(anonymous_0)
FN:85,(anonymous_1)
FN:169,(anonymous_2)
FN:205,(anonymous_3)
FN:229,(anonymous_4)
FN:270,(anonymous_5)
FN:313,(anonymous_6)
FN:318,(anonymous_7)
FN:355,(anonymous_8)
FN:356,(anonymous_9)
FN:372,(anonymous_10)
FN:376,(anonymous_11)
FN:380,(anonymous_12)
FN:395,(anonymous_13)
FN:415,(anonymous_14)
FN:431,(anonymous_15)
FN:438,(anonymous_16)
FNF:17
FNH:0
FNDA:0,(anonymous_0)
FNDA:0,(anonymous_1)
FNDA:0,(anonymous_2)
FNDA:0,(anonymous_3)
FNDA:0,(anonymous_4)
FNDA:0,(anonymous_5)
FNDA:0,(anonymous_6)
FNDA:0,(anonymous_7)
FNDA:0,(anonymous_8)
FNDA:0,(anonymous_9)
FNDA:0,(anonymous_10)
FNDA:0,(anonymous_11)
FNDA:0,(anonymous_12)
FNDA:0,(anonymous_13)
FNDA:0,(anonymous_14)
FNDA:0,(anonymous_15)
FNDA:0,(anonymous_16)
DA:61,0
DA:62,0
DA:63,0
DA:64,0
DA:86,0
DA:87,0
DA:90,0
DA:92,0
DA:98,0
DA:100,0
DA:103,0
DA:104,0
DA:106,0
DA:107,0
DA:111,0
DA:115,0
DA:116,0
DA:117,0
DA:118,0
DA:121,0
DA:124,0
DA:127,0
DA:128,0
DA:129,0
DA:133,0
DA:134,0
DA:136,0
DA:142,0
DA:144,0
DA:146,0
DA:153,0
DA:170,0
DA:172,0
DA:173,0
DA:175,0
DA:176,0
DA:179,0
DA:180,0
DA:181,0
DA:182,0
DA:186,0
DA:187,0
DA:188,0
DA:189,0
DA:193,0
DA:196,0
DA:206,0
DA:208,0
DA:209,0
DA:210,0
DA:211,0
DA:215,0
DA:230,0
DA:231,0
DA:236,0
DA:237,0
DA:271,0
DA:273,0
DA:274,0
DA:276,0
DA:277,0
DA:278,0
DA:279,0
DA:281,0
DA:283,0
DA:292,0
DA:293,0
DA:299,0
DA:303,0
DA:315,0
DA:318,0
DA:319,0
DA:323,0
DA:326,0
DA:327,0
DA:329,0
DA:330,0
DA:331,0
DA:335,0
DA:336,0
DA:337,0
DA:338,0
DA:340,0
DA:341,0
DA:345,0
DA:356,0
DA:359,0
DA:363,0
DA:368,0
DA:372,0
DA:373,0
DA:376,0
DA:377,0
DA:380,0
DA:381,0
DA:382,0
DA:396,0
DA:397,0
DA:399,0
DA:400,0
DA:401,0
DA:402,0
DA:404,0
DA:405,0
DA:409,0
DA:416,0
DA:432,0
DA:439,0
LF:108
LH:0
BRDA:62,0,0,0
BRDA:62,0,1,0
BRDA:63,1,0,0
BRDA:63,1,1,0
BRDA:85,2,0,0
BRDA:106,3,0,0
BRDA:116,4,0,0
BRDA:127,5,0,0
BRDA:144,6,0,0
BRDA:144,6,1,0
BRDA:179,7,0,0
BRDA:179,7,1,0
BRDA:181,8,0,0
BRDA:181,9,0,0
BRDA:181,9,1,0
BRDA:188,10,0,0
BRDA:188,11,0,0
BRDA:188,11,1,0
BRDA:210,12,0,0
BRDA:230,13,0,0
BRDA:292,14,0,0
BRDA:335,15,0,0
BRDA:340,16,0,0
BRDA:359,17,0,0
BRDA:359,17,1,0
BRDA:381,18,0,0
BRDA:404,19,0,0
BRF:27
BRH:0
end_of_record
TN:
SF:src/artifacts/schemas/dependency_graph_schema.ts
FNF:0
FNH:0
DA:11,0
DA:16,0
DA:26,0
DA:35,0
LF:4
LH:0
BRF:0
BRH:0
end_of_record
TN:
SF:src/artifacts/schemas/trend_data_schema.ts
FNF:0
FNH:0
DA:11,0
DA:20,0
LF:2
LH:0
BRF:0
BRH:0
end_of_record
TN:
SF:src/cache/result_cache.ts
FN:62,(anonymous_1)
FN:72,(anonymous_2)
FN:81,(anonymous_3)
FN:89,(anonymous_4)
FN:107,(anonymous_5)
FN:114,(anonymous_6)
FN:127,(anonymous_7)
FN:166,(anonymous_8)
FN:199,(anonymous_9)
FN:216,(anonymous_10)
FN:245,(anonymous_11)
FN:259,(anonymous_12)
FN:275,(anonymous_13)
FN:316,cached
FN:317,(anonymous_15)
FN:324,(anonymous_16)
FNF:16
FNH:13
FNDA:38,(anonymous_1)
FNDA:218,(anonymous_2)
FNDA:173,(anonymous_3)
FNDA:100,(anonymous_4)
FNDA:31,(anonymous_5)
FNDA:192,(anonymous_6)
FNDA:28,(anonymous_7)
FNDA:173,(anonymous_8)
FNDA:17,(anonymous_9)
FNDA:1,(anonymous_10)
FNDA:4,(anonymous_11)
FNDA:18,(anonymous_12)
FNDA:1,(anonymous_13)
FNDA:0,cached
FNDA:0,(anonymous_15)
FNDA:0,(anonymous_16)
DA:8,2
DA:46,2
DA:47,38
DA:48,38
DA:50,38
DA:60,38
DA:63,38
DA:64,38
DA:65,38
DA:66,38
DA:73,218
DA:74,218
DA:75,218
DA:82,173
DA:83,173
DA:90,100
DA:92,100
DA:93,100
DA:95,100
DA:96,100
DA:97,100
DA:98,100
DA:99,100
DA:108,31
DA:116,192
DA:117,192
DA:118,21
DA:121,192
DA:128,28
DA:129,28
DA:131,28
DA:132,8
DA:133,8
DA:135,8
DA:139,20
DA:140,1
DA:141,1
DA:142,1
DA:143,1
DA:144,1
DA:146,1
DA:147,1
DA:149,1
DA:153,19
DA:154,19
DA:156,19
DA:157,19
DA:160,19
DA:167,173
DA:168,173
DA:171,173
DA:172,173
DA:173,2
DA:177,173
DA:181,100
DA:185,173
DA:192,173
DA:193,173
DA:200,17
DA:201,17
DA:203,17
DA:204,11
DA:205,2
DA:206,2
DA:207,2
DA:210,9
DA:217,1
DA:218,1
DA:220,1
DA:221,3
DA:222,2
DA:226,1
DA:227,2
DA:228,2
DA:229,2
DA:231,2
DA:232,2
DA:233,2
DA:234,2
DA:236,2
DA:239,1
DA:246,4
DA:247,4
DA:248,4
DA:249,4
DA:250,4
DA:251,4
DA:252,4
DA:260,18
DA:261,18
DA:276,1
DA:277,1
DA:278,1
DA:280,1
DA:281,3
DA:282,3
DA:286,1
DA:287,3
DA:288,3
DA:289,3
DA:291,3
DA:292,3
DA:293,3
DA:294,3
DA:296,3
DA:299,1
DA:306,2
DA:316,2
DA:317,0
DA:322,0
DA:324,0
DA:325,0
DA:328,0
DA:329,0
DA:330,0
DA:334,0
DA:335,0
DA:337,0
DA:340,0
LF:119
LH:108
BRDA:62,0,0,1
BRDA:63,1,0,38
BRDA:63,1,1,2
BRDA:64,2,0,38
BRDA:64,2,1,20
BRDA:65,3,0,38
BRDA:65,3,1,5
BRDA:66,4,0,38
BRDA:66,4,1,25
BRDA:90,5,0,0
BRDA:95,6,0,100
BRDA:98,7,0,100
BRDA:117,8,0,21
BRDA:131,9,0,8
BRDA:132,10,0,8
BRDA:139,11,0,1
BRDA:143,12,0,1
BRDA:146,13,0,1
BRDA:156,14,0,19
BRDA:172,15,0,2
BRDA:178,16,0,273
BRDA:178,16,1,174
BRDA:178,16,2,101
BRDA:203,17,0,6
BRDA:204,18,0,2
BRDA:221,19,0,2
BRDA:228,20,0,2
BRDA:233,21,0,2
BRDA:249,22,0,4
BRDA:265,23,0,4
BRDA:265,23,1,14
BRDA:281,24,0,3
BRDA:288,25,0,3
BRDA:293,26,0,3
BRDA:316,27,0,0
BRDA:329,28,0,0
BRF:36
BRH:33
end_of_record
TN:
SF:src/config/tool_config.ts
FN:133,(anonymous_0)
FN:149,(anonymous_1)
FN:153,(anonymous_2)
FN:157,(anonymous_3)
FN:161,(anonymous_4)
FN:165,(anonymous_5)
FN:169,(anonymous_6)
FN:176,(anonymous_7)
FN:191,(anonymous_8)
FN:205,(anonymous_9)
FN:212,(anonymous_10)
FN:219,(anonymous_11)
FNF:12
FNH:8
FNDA:21,(anonymous_0)
FNDA:12,(anonymous_1)
FNDA:4,(anonymous_2)
FNDA:0,(anonymous_3)
FNDA:0,(anonymous_4)
FNDA:0,(anonymous_5)
FNDA:0,(anonymous_6)
FNDA:5,(anonymous_7)
FNDA:1,(anonymous_8)
FNDA:1,(anonymous_9)
FNDA:3,(anonymous_10)
FNDA:2,(anonymous_11)
DA:11,2
DA:16,2
DA:29,2
DA:42,2
DA:55,2
DA:68,2
DA:81,2
DA:99,2
DA:100,2
DA:101,2
DA:102,2
DA:103,2
DA:104,2
DA:109,2
DA:123,2
DA:135,21
DA:136,21
DA:150,12
DA:154,4
DA:158,0
DA:162,0
DA:166,0
DA:170,0
DA:177,5
DA:178,4
DA:192,1
DA:206,1
DA:213,3
DA:214,3
DA:215,1
DA:217,2
DA:219,2
DA:227,2
LF:33
LH:29
BRDA:133,0,0,13
BRDA:137,1,0,21
BRDA:137,1,1,13
BRDA:138,2,0,21
BRDA:138,2,1,20
BRDA:139,3,0,21
BRDA:139,3,1,21
BRDA:140,4,0,21
BRDA:140,4,1,21
BRDA:141,5,0,21
BRDA:141,5,1,21
BRDA:142,6,0,21
BRDA:142,6,1,21
BRDA:214,7,0,1
BRF:14
BRH:14
end_of_record
TN:
SF:src/integrations/webview_manager_template.ts
FNF:0
FNH:0
DA:129,0
LF:1
LH:0
BRF:0
BRH:0
end_of_record
TN:
SF:src/prompts/template_renderer.ts
FN:11,(anonymous_0)
FN:26,(anonymous_1)
FN:29,(anonymous_2)
FN:42,(anonymous_3)
FN:45,(anonymous_4)
FN:60,(anonymous_5)
FN:72,(anonymous_6)
FN:99,(anonymous_7)
FNF:8
FNH:0
FNDA:0,(anonymous_0)
FNDA:0,(anonymous_1)
FNDA:0,(anonymous_2)
FNDA:0,(anonymous_3)
FNDA:0,(anonymous_4)
FNDA:0,(anonymous_5)
FNDA:0,(anonymous_6)
FNDA:0,(anonymous_7)
DA:12,0
DA:15,0
DA:18,0
DA:20,0
DA:27,0
DA:29,0
DA:30,0
DA:32,0
DA:33,0
DA:35,0
DA:43,0
DA:45,0
DA:46,0
DA:48,0
DA:49,0
DA:53,0
DA:61,0
DA:73,0
DA:75,0
DA:76,0
DA:78,0
DA:79,0
DA:83,0
DA:84,0
DA:85,0
DA:86,0
DA:90,0
DA:92,0
DA:100,0
DA:103,0
DA:104,0
DA:105,0
DA:109,0
DA:110,0
DA:111,0
DA:114,0
LF:36
LH:0
BRDA:32,0,0,0
BRDA:48,1,0,0
BRDA:48,2,0,0
BRDA:48,2,1,0
BRDA:75,3,0,0
BRDA:75,3,1,0
BRDA:76,4,0,0
BRDA:76,4,1,0
BRDA:78,5,0,0
BRDA:83,6,0,0
BRDA:83,6,1,0
BRDA:85,7,0,0
BRF:12
BRH:0
end_of_record
TN:
SF:src/prompts/tool_prompts.ts
FN:22,(anonymous_0)
FN:59,(anonymous_1)
FN:96,(anonymous_2)
FN:129,(anonymous_3)
FN:166,(anonymous_4)
FN:201,(anonymous_5)
FNF:6
FNH:0
FNDA:0,(anonymous_0)
FNDA:0,(anonymous_1)
FNDA:0,(anonymous_2)
FNDA:0,(anonymous_3)
FNDA:0,(anonymous_4)
FNDA:0,(anonymous_5)
DA:9,0
DA:14,0
DA:23,0
DA:24,0
DA:25,0
DA:27,0
DA:28,0
DA:30,0
DA:44,0
DA:51,0
DA:60,0
DA:61,0
DA:62,0
DA:64,0
DA:65,0
DA:67,0
DA:81,0
DA:88,0
DA:97,0
DA:98,0
DA:99,0
DA:101,0
DA:102,0
DA:104,0
DA:114,0
DA:121,0
DA:130,0
DA:131,0
DA:132,0
DA:134,0
DA:135,0
DA:137,0
DA:151,0
DA:158,0
DA:167,0
DA:168,0
DA:169,0
DA:171,0
DA:172,0
DA:174,0
DA:186,0
DA:193,0
DA:202,0
DA:203,0
DA:204,0
DA:206,0
DA:207,0
DA:209,0
DA:219,0
DA:224,0
LF:50
LH:0
BRDA:23,0,0,0
BRDA:23,0,1,0
BRDA:24,1,0,0
BRDA:24,1,1,0
BRDA:25,2,0,0
BRDA:25,2,1,0
BRDA:36,3,0,0
BRDA:36,3,1,0
BRDA:60,4,0,0
BRDA:60,4,1,0
BRDA:61,5,0,0
BRDA:61,5,1,0
BRDA:62,6,0,0
BRDA:62,6,1,0
BRDA:73,7,0,0
BRDA:73,7,1,0
BRDA:97,8,0,0
BRDA:97,8,1,0
BRDA:98,9,0,0
BRDA:98,9,1,0
BRDA:99,10,0,0
BRDA:99,10,1,0
BRDA:130,11,0,0
BRDA:130,11,1,0
BRDA:131,12,0,0
BRDA:131,12,1,0
BRDA:132,13,0,0
BRDA:132,13,1,0
BRDA:143,14,0,0
BRDA:143,14,1,0
BRDA:145,15,0,0
BRDA:145,15,1,0
BRDA:167,16,0,0
BRDA:167,16,1,0
BRDA:168,17,0,0
BRDA:168,17,1,0
BRDA:169,18,0,0
BRDA:169,18,1,0
BRDA:179,19,0,0
BRDA:179,19,1,0
BRDA:202,20,0,0
BRDA:202,20,1,0
BRDA:203,21,0,0
BRDA:203,21,1,0
BRDA:204,22,0,0
BRDA:204,22,1,0
BRF:46
BRH:0
end_of_record
TN:
SF:src/resources/prompt_loader.ts
FN:29,(anonymous_0)
FN:81,(anonymous_1)
FN:100,(anonymous_2)
FN:113,(anonymous_3)
FN:120,(anonymous_4)
FNF:5
FNH:0
FNDA:0,(anonymous_0)
FNDA:0,(anonymous_1)
FNDA:0,(anonymous_2)
FNDA:0,(anonymous_3)
FNDA:0,(anonymous_4)
DA:12,0
DA:22,0
DA:30,0
DA:32,0
DA:33,0
DA:34,0
DA:36,0
DA:37,0
DA:39,0
DA:40,0
DA:41,0
DA:42,0
DA:45,0
DA:46,0
DA:49,0
DA:52,0
DA:59,0
DA:62,0
DA:67,0
DA:68,0
DA:70,0
DA:71,0
DA:82,0
DA:84,0
DA:85,0
DA:88,0
DA:101,0
DA:102,0
DA:103,0
DA:105,0
DA:114,0
DA:121,0
LF:32
LH:0
BRDA:37,0,0,0
BRDA:45,1,0,0
BRDA:84,2,0,0
BRF:3
BRH:0
end_of_record
TN:
SF:src/sampling/index.ts
FN:62,checkResponseSize
FN:80,truncateLargeArrays
FN:110,(anonymous_2)
FN:122,(anonymous_3)
FN:132,(anonymous_4)
FN:144,(anonymous_5)
FN:155,(anonymous_6)
FN:162,(anonymous_7)
FNF:8
FNH:8
FNDA:8,checkResponseSize
FNDA:11,truncateLargeArrays
FNDA:8,(anonymous_2)
FNDA:3,(anonymous_3)
FNDA:3,(anonymous_4)
FNDA:1,(anonymous_5)
FNDA:12,(anonymous_6)
FNDA:3,(anonymous_7)
DA:9,2
DA:14,2
DA:62,2
DA:66,8
DA:67,8
DA:69,8
DA:80,2
DA:84,11
DA:85,11
DA:87,11
DA:88,17
DA:89,11
DA:90,11
DA:94,11
DA:95,10
DA:98,11
DA:104,2
DA:105,11
DA:111,8
DA:123,3
DA:124,3
DA:125,3
DA:133,3
DA:134,3
DA:135,3
DA:136,3
DA:137,3
DA:145,1
DA:146,1
DA:147,1
DA:148,1
DA:156,12
DA:163,3
DA:164,3
DA:165,3
DA:166,1
DA:175,2
LF:37
LH:37
BRDA:64,0,0,1
BRDA:82,1,0,0
BRDA:88,2,0,11
BRDA:88,3,0,17
BRDA:88,3,1,12
BRDA:94,4,0,10
BRDA:124,5,0,3
BRDA:134,6,0,3
BRDA:146,7,0,1
BRDA:162,8,0,0
BRDA:165,9,0,1
BRDA:165,10,0,3
BRDA:165,10,1,2
BRF:13
BRH:11
end_of_record
TN:
SF:src/tools/analyze_project.ts
FN:70,createAnalyzeProjectHandler
FN:73,(anonymous_1)
FN:89,(anonymous_2)
FN:97,(anonymous_3)
FN:101,(anonymous_4)
FN:102,(anonymous_5)
FN:173,(anonymous_6)
FN:178,(anonymous_7)
FN:179,(anonymous_8)
FN:180,(anonymous_9)
FN:182,(anonymous_10)
FN:185,(anonymous_11)
FN:191,(anonymous_12)
FN:197,(anonymous_13)
FN:219,(anonymous_14)
FN:224,(anonymous_15)
FN:230,(anonymous_16)
FN:249,(anonymous_17)
FN:251,(anonymous_18)
FNF:19
FNH:0
FNDA:0,createAnalyzeProjectHandler
FNDA:0,(anonymous_1)
FNDA:0,(anonymous_2)
FNDA:0,(anonymous_3)
FNDA:0,(anonymous_4)
FNDA:0,(anonymous_5)
FNDA:0,(anonymous_6)
FNDA:0,(anonymous_7)
FNDA:0,(anonymous_8)
FNDA:0,(anonymous_9)
FNDA:0,(anonymous_10)
FNDA:0,(anonymous_11)
FNDA:0,(anonymous_12)
FNDA:0,(anonymous_13)
FNDA:0,(anonymous_14)
FNDA:0,(anonymous_15)
FNDA:0,(anonymous_16)
FNDA:0,(anonymous_17)
FNDA:0,(anonymous_18)
DA:22,0
DA:30,0
DA:71,0
DA:73,0
DA:74,0
DA:76,0
DA:78,0
DA:79,0
DA:82,0
DA:83,0
DA:84,0
DA:85,0
DA:88,0
DA:89,0
DA:90,0
DA:93,0
DA:96,0
DA:97,0
DA:98,0
DA:101,0
DA:102,0
DA:104,0
DA:151,0
DA:169,0
DA:170,0
DA:171,0
DA:173,0
DA:174,0
DA:178,0
DA:179,0
DA:180,0
DA:182,0
DA:184,0
DA:185,0
DA:191,0
DA:197,0
DA:211,0
DA:215,0
DA:216,0
DA:217,0
DA:219,0
DA:220,0
DA:223,0
DA:224,0
DA:226,0
DA:229,0
DA:230,0
DA:231,0
DA:232,0
DA:241,0
DA:249,0
DA:250,0
DA:251,0
DA:254,0
DA:264,0
DA:268,0
DA:269,0
DA:271,0
DA:272,0
DA:273,0
DA:274,0
DA:275,0
DA:279,0
DA:282,0
DA:284,0
DA:287,0
DA:296,0
DA:297,0
DA:298,0
DA:305,0
LF:70
LH:0
BRDA:158,0,0,0
BRDA:158,0,1,0
BRDA:159,1,0,0
BRDA:159,1,1,0
BRDA:169,2,0,0
BRDA:187,3,0,0
BRDA:187,3,1,0
BRDA:189,4,0,0
BRDA:189,4,1,0
BRDA:193,5,0,0
BRDA:193,5,1,0
BRDA:195,6,0,0
BRDA:195,6,1,0
BRDA:199,7,0,0
BRDA:199,7,1,0
BRDA:201,8,0,0
BRDA:201,8,1,0
BRDA:215,9,0,0
BRDA:229,10,0,0
BRDA:245,11,0,0
BRDA:245,11,1,0
BRDA:245,12,0,0
BRDA:245,12,1,0
BRDA:250,13,0,0
BRDA:250,13,1,0
BRDA:268,14,0,0
BRDA:273,15,0,0
BRDA:297,16,0,0
BRDA:301,17,0,0
BRDA:301,17,1,0
BRF:30
BRH:0
end_of_record
TN:
SF:src/tools/cts_export_to_shrimp.ts
FN:79,convertHopToShrimpTask
FN:85,(anonymous_1)
FN:96,(anonymous_2)
FN:124,(anonymous_3)
FN:133,convertSubHopToTask
FN:139,(anonymous_5)
FN:155,(anonymous_6)
FN:180,(anonymous_7)
FN:239,(anonymous_8)
FNF:9
FNH:0
FNDA:0,convertHopToShrimpTask
FNDA:0,(anonymous_1)
FNDA:0,(anonymous_2)
FNDA:0,(anonymous_3)
FNDA:0,convertSubHopToTask
FNDA:0,(anonymous_5)
FNDA:0,(anonymous_6)
FNDA:0,(anonymous_7)
FNDA:0,(anonymous_8)
DA:12,0
DA:20,0
DA:32,0
DA:80,0
DA:82,0
DA:85,0
DA:89,0
DA:96,0
DA:102,0
DA:111,0
DA:119,0
DA:124,0
DA:134,0
DA:136,0
DA:139,0
DA:143,0
DA:153,0
DA:155,0
DA:161,0
DA:180,0
DA:181,0
DA:183,0
DA:185,0
DA:186,0
DA:189,0
DA:192,0
DA:195,0
DA:196,0
DA:197,0
DA:201,0
DA:204,0
DA:224,0
DA:225,0
DA:226,0
DA:233,0
DA:235,0
DA:236,0
DA:239,0
DA:242,0
DA:249,0
LF:40
LH:0
BRDA:84,0,0,0
BRDA:84,0,1,0
BRDA:84,1,0,0
BRDA:84,1,1,0
BRDA:94,2,0,0
BRDA:94,2,1,0
BRDA:95,3,0,0
BRDA:95,3,1,0
BRDA:95,4,0,0
BRDA:95,4,1,0
BRDA:103,5,0,0
BRDA:103,5,1,0
BRDA:103,6,0,0
BRDA:103,6,1,0
BRDA:138,7,0,0
BRDA:138,7,1,0
BRDA:138,8,0,0
BRDA:138,8,1,0
BRDA:154,9,0,0
BRDA:154,9,1,0
BRDA:154,10,0,0
BRDA:154,10,1,0
BRDA:195,11,0,0
BRDA:195,12,0,0
BRDA:195,12,1,0
BRDA:195,12,2,0
BRDA:225,13,0,0
BRDA:229,14,0,0
BRDA:229,14,1,0
BRDA:235,15,0,0
BRF:30
BRH:0
end_of_record
TN:
SF:src/tools/render_artifact.ts
FN:24,createRenderArtifactHandler
FN:25,(anonymous_1)
FNF:2
FNH:0
FNDA:0,createRenderArtifactHandler
FNDA:0,(anonymous_1)
DA:12,0
DA:25,0
DA:26,0
DA:28,0
DA:34,0
DA:46,0
DA:47,0
DA:48,0
DA:55,0
DA:62,0
LF:10
LH:0
BRDA:47,0,0,0
BRDA:51,1,0,0
BRDA:51,1,1,0
BRF:3
BRH:0
end_of_record
TN:
SF:src/tools/scan_project_signals.ts
FN:21,createScanSignalsHandler
FN:22,(anonymous_1)
FN:67,(anonymous_2)
FNF:3
FNH:0
FNDA:0,createScanSignalsHandler
FNDA:0,(anonymous_1)
FNDA:0,(anonymous_2)
DA:13,0
DA:22,0
DA:23,0
DA:26,0
DA:28,0
DA:35,0
DA:37,0
DA:38,0
DA:54,0
DA:55,0
DA:58,0
DA:67,0
DA:81,0
DA:82,0
DA:83,0
DA:90,0
DA:97,0
LF:17
LH:0
BRDA:37,0,0,0
BRDA:82,1,0,0
BRDA:86,2,0,0
BRDA:86,2,1,0
BRF:4
BRH:0
end_of_record
TN:
SF:src/tools/suggest_refactoring.ts
FN:77,createSuggestRefactoringHandler
FN:84,(anonymous_1)
FN:109,(anonymous_2)
FN:113,(anonymous_3)
FN:126,(anonymous_4)
FN:131,(anonymous_5)
FN:134,(anonymous_6)
FN:138,(anonymous_7)
FN:142,(anonymous_8)
FN:147,(anonymous_9)
FN:162,(anonymous_10)
FN:176,(anonymous_11)
FN:177,(anonymous_12)
FN:178,(anonymous_13)
FN:181,(anonymous_14)
FNF:15
FNH:0
FNDA:0,createSuggestRefactoringHandler
FNDA:0,(anonymous_1)
FNDA:0,(anonymous_2)
FNDA:0,(anonymous_3)
FNDA:0,(anonymous_4)
FNDA:0,(anonymous_5)
FNDA:0,(anonymous_6)
FNDA:0,(anonymous_7)
FNDA:0,(anonymous_8)
FNDA:0,(anonymous_9)
FNDA:0,(anonymous_10)
FNDA:0,(anonymous_11)
FNDA:0,(anonymous_12)
FNDA:0,(anonymous_13)
FNDA:0,(anonymous_14)
DA:21,0
DA:30,0
DA:78,0
DA:81,0
DA:82,0
DA:84,0
DA:85,0
DA:87,0
DA:89,0
DA:90,0
DA:93,0
DA:94,0
DA:97,0
DA:98,0
DA:99,0
DA:102,0
DA:104,0
DA:105,0
DA:106,0
DA:107,0
DA:109,0
DA:110,0
DA:113,0
DA:114,0
DA:118,0
DA:119,0
DA:123,0
DA:124,0
DA:126,0
DA:127,0
DA:131,0
DA:133,0
DA:134,0
DA:137,0
DA:138,0
DA:141,0
DA:142,0
DA:146,0
DA:147,0
DA:150,0
DA:152,0
DA:155,0
DA:162,0
DA:176,0
DA:177,0
DA:178,0
DA:181,0
DA:194,0
DA:195,0
DA:196,0
DA:203,0
LF:51
LH:0
BRDA:97,0,0,0
BRDA:97,0,1,0
BRDA:97,1,0,0
BRDA:97,1,1,0
BRDA:133,2,0,0
BRDA:137,3,0,0
BRDA:141,4,0,0
BRDA:168,5,0,0
BRDA:168,5,1,0
BRDA:169,6,0,0
BRDA:169,6,1,0
BRDA:180,7,0,0
BRDA:180,7,1,0
BRDA:185,8,0,0
BRDA:185,8,1,0
BRDA:186,9,0,0
BRDA:186,9,1,0
BRDA:187,10,0,0
BRDA:187,10,1,0
BRDA:195,11,0,0
BRDA:199,12,0,0
BRDA:199,12,1,0
BRF:22
BRH:0
end_of_record
TN:
SF:src/tools/audit/checkers.ts
FN:52,(anonymous_0)
FN:55,(anonymous_1)
FN:87,(anonymous_2)
FN:90,(anonymous_3)
FN:131,(anonymous_4)
FN:158,(anonymous_5)
FN:161,(anonymous_6)
FN:203,(anonymous_7)
FN:206,(anonymous_8)
FN:249,(anonymous_9)
FN:252,(anonymous_10)
FN:294,(anonymous_11)
FN:297,(anonymous_12)
FN:366,(anonymous_13)
FN:369,(anonymous_14)
FN:424,(anonymous_15)
FN:428,(anonymous_16)
FN:433,(anonymous_17)
FN:437,(anonymous_18)
FN:464,(anonymous_19)
FN:470,(anonymous_20)
FN:470,(anonymous_21)
FN:473,(anonymous_22)
FN:515,getRulesByCategory
FN:518,(anonymous_24)
FNF:25
FNH:0
FNDA:0,(anonymous_0)
FNDA:0,(anonymous_1)
FNDA:0,(anonymous_2)
FNDA:0,(anonymous_3)
FNDA:0,(anonymous_4)
FNDA:0,(anonymous_5)
FNDA:0,(anonymous_6)
FNDA:0,(anonymous_7)
FNDA:0,(anonymous_8)
FNDA:0,(anonymous_9)
FNDA:0,(anonymous_10)
FNDA:0,(anonymous_11)
FNDA:0,(anonymous_12)
FNDA:0,(anonymous_13)
FNDA:0,(anonymous_14)
FNDA:0,(anonymous_15)
FNDA:0,(anonymous_16)
FNDA:0,(anonymous_17)
FNDA:0,(anonymous_18)
FNDA:0,(anonymous_19)
FNDA:0,(anonymous_20)
FNDA:0,(anonymous_21)
FNDA:0,(anonymous_22)
FNDA:0,getRulesByCategory
FNDA:0,(anonymous_24)
DA:47,0
DA:53,0
DA:55,0
DA:56,0
DA:57,0
DA:58,0
DA:59,0
DA:61,0
DA:62,0
DA:74,0
DA:75,0
DA:82,0
DA:88,0
DA:90,0
DA:91,0
DA:92,0
DA:93,0
DA:96,0
DA:97,0
DA:101,0
DA:104,0
DA:105,0
DA:106,0
DA:118,0
DA:119,0
DA:126,0
DA:134,0
DA:136,0
DA:137,0
DA:145,0
DA:146,0
DA:153,0
DA:159,0
DA:161,0
DA:162,0
DA:163,0
DA:164,0
DA:168,0
DA:173,0
DA:178,0
DA:190,0
DA:191,0
DA:198,0
DA:204,0
DA:206,0
DA:207,0
DA:208,0
DA:209,0
DA:210,0
DA:212,0
DA:213,0
DA:214,0
DA:216,0
DA:217,0
DA:219,0
DA:221,0
DA:222,0
DA:236,0
DA:237,0
DA:244,0
DA:250,0
DA:252,0
DA:253,0
DA:254,0
DA:255,0
DA:258,0
DA:259,0
DA:261,0
DA:263,0
DA:264,0
DA:265,0
DA:268,0
DA:269,0
DA:281,0
DA:282,0
DA:289,0
DA:295,0
DA:297,0
DA:298,0
DA:299,0
DA:300,0
DA:301,0
DA:304,0
DA:305,0
DA:306,0
DA:307,0
DA:309,0
DA:310,0
DA:311,0
DA:313,0
DA:315,0
DA:316,0
DA:325,0
DA:326,0
DA:327,0
DA:328,0
DA:329,0
DA:331,0
DA:334,0
DA:340,0
DA:341,0
DA:353,0
DA:354,0
DA:361,0
DA:367,0
DA:369,0
DA:370,0
DA:371,0
DA:372,0
DA:373,0
DA:375,0
DA:376,0
DA:379,0
DA:380,0
DA:381,0
DA:382,0
DA:383,0
DA:393,0
DA:394,0
DA:395,0
DA:396,0
DA:397,0
DA:411,0
DA:412,0
DA:419,0
DA:425,0
DA:428,0
DA:430,0
DA:432,0
DA:433,0
DA:436,0
DA:437,0
DA:438,0
DA:440,0
DA:441,0
DA:451,0
DA:452,0
DA:459,0
DA:465,0
DA:468,0
DA:469,0
DA:470,0
DA:473,0
DA:474,0
DA:477,0
DA:478,0
DA:486,0
DA:487,0
DA:494,0
DA:518,0
LF:150
LH:0
BRDA:61,0,0,0
BRDA:96,1,0,0
BRDA:96,2,0,0
BRDA:96,2,1,0
BRDA:104,3,0,0
BRDA:104,3,1,0
BRDA:105,4,0,0
BRDA:105,5,0,0
BRDA:105,5,1,0
BRDA:136,6,0,0
BRDA:168,7,0,0
BRDA:168,7,1,0
BRDA:168,7,2,0
BRDA:173,8,0,0
BRDA:174,9,0,0
BRDA:174,9,1,0
BRDA:174,9,2,0
BRDA:216,10,0,0
BRDA:221,11,0,0
BRDA:221,12,0,0
BRDA:221,12,1,0
BRDA:261,13,0,0
BRDA:261,13,1,0
BRDA:268,14,0,0
BRDA:268,15,0,0
BRDA:268,15,1,0
BRDA:268,15,2,0
BRDA:313,16,0,0
BRDA:313,16,1,0
BRDA:315,17,0,0
BRDA:315,18,0,0
BRDA:315,18,1,0
BRDA:329,19,0,0
BRDA:331,20,0,0
BRDA:340,21,0,0
BRDA:340,22,0,0
BRDA:340,22,1,0
BRDA:380,23,0,0
BRDA:382,24,0,0
BRDA:382,25,0,0
BRDA:382,25,1,0
BRDA:394,26,0,0
BRDA:396,27,0,0
BRDA:396,28,0,0
BRDA:396,28,1,0
BRDA:430,29,0,0
BRDA:440,30,0,0
BRDA:477,31,0,0
BRDA:477,32,0,0
BRDA:477,32,1,0
BRDA:486,33,0,0
BRDA:486,33,1,0
BRF:52
BRH:0
end_of_record
TN:
SF:src/tools/audit/index.ts
FN:92,createAuditHandler
FN:93,(anonymous_1)
FN:122,collectFiles
FN:141,(anonymous_3)
FNF:4
FNH:0
FNDA:0,createAuditHandler
FNDA:0,(anonymous_1)
FNDA:0,collectFiles
FNDA:0,(anonymous_3)
DA:16,0
DA:36,0
DA:93,0
DA:94,0
DA:97,0
DA:98,0
DA:99,0
DA:117,0
DA:119,0
DA:121,0
DA:123,0
DA:124,0
DA:125,0
DA:126,0
DA:128,0
DA:129,0
DA:132,0
DA:136,0
DA:140,0
DA:141,0
DA:142,0
DA:145,0
DA:146,0
DA:161,0
DA:167,0
DA:170,0
DA:171,0
DA:172,0
DA:173,0
DA:177,0
DA:180,0
DA:181,0
DA:182,0
DA:183,0
DA:185,0
DA:208,0
DA:209,0
DA:212,0
DA:213,0
DA:219,0
DA:221,0
DA:236,0
DA:245,0
DA:246,0
DA:248,0
LF:45
LH:0
BRDA:98,0,0,0
BRDA:126,1,0,0
BRDA:126,1,1,0
BRDA:128,2,0,0
BRDA:128,3,0,0
BRDA:128,3,1,0
BRDA:140,4,0,0
BRDA:140,4,1,0
BRDA:145,5,0,0
BRDA:180,6,0,0
BRDA:180,6,1,0
BRDA:181,7,0,0
BRDA:212,8,0,0
BRDA:219,9,0,0
BRDA:219,9,1,0
BRDA:221,10,0,0
BRDA:221,10,1,0
BRDA:255,11,0,0
BRDA:255,11,1,0
BRF:19
BRH:0
end_of_record
TN:
SF:src/tools/audit/metrics.ts
FN:39,collectMetrics
FN:51,(anonymous_1)
FN:52,(anonymous_2)
FN:53,(anonymous_3)
FN:93,(anonymous_4)
FN:94,(anonymous_5)
FN:111,calculateComplexity
FN:138,getComplexityBreakdown
FN:161,getTopComplexFiles
FN:166,(anonymous_9)
FN:168,(anonymous_10)
FN:177,getTopLargestFiles
FN:182,(anonymous_12)
FN:184,(anonymous_13)
FNF:14
FNH:0
FNDA:0,collectMetrics
FNDA:0,(anonymous_1)
FNDA:0,(anonymous_2)
FNDA:0,(anonymous_3)
FNDA:0,(anonymous_4)
FNDA:0,(anonymous_5)
FNDA:0,calculateComplexity
FNDA:0,getComplexityBreakdown
FNDA:0,getTopComplexFiles
FNDA:0,(anonymous_9)
FNDA:0,(anonymous_10)
FNDA:0,getTopLargestFiles
FNDA:0,(anonymous_12)
FNDA:0,(anonymous_13)
DA:43,0
DA:51,0
DA:52,0
DA:53,0
DA:55,0
DA:56,0
DA:57,0
DA:60,0
DA:61,0
DA:62,0
DA:63,0
DA:66,0
DA:67,0
DA:68,0
DA:71,0
DA:72,0
DA:73,0
DA:75,0
DA:76,0
DA:77,0
DA:85,0
DA:86,0
DA:87,0
DA:93,0
DA:94,0
DA:96,0
DA:97,0
DA:98,0
DA:101,0
DA:112,0
DA:115,0
DA:125,0
DA:126,0
DA:127,0
DA:128,0
DA:132,0
DA:143,0
DA:145,0
DA:146,0
DA:147,0
DA:148,0
DA:149,0
DA:151,0
DA:155,0
DA:165,0
DA:166,0
DA:168,0
DA:181,0
DA:182,0
DA:184,0
LF:50
LH:0
BRDA:75,0,0,0
BRDA:85,1,0,0
BRDA:93,2,0,0
BRDA:93,2,1,0
BRDA:94,3,0,0
BRDA:94,3,1,0
BRDA:96,4,0,0
BRDA:127,5,0,0
BRDA:146,6,0,0
BRDA:146,6,1,0
BRDA:148,7,0,0
BRDA:148,7,1,0
BRDA:163,8,0,0
BRDA:179,9,0,0
BRF:14
BRH:0
end_of_record
TN:
SF:src/tools/audit/reporter.ts
FN:52,generateReport
FN:57,(anonymous_1)
FN:62,(anonymous_2)
FN:65,(anonymous_3)
FN:68,(anonymous_4)
FN:81,(anonymous_5)
FN:82,(anonymous_6)
FN:83,(anonymous_7)
FN:109,calculateCategoryScore
FN:113,(anonymous_9)
FN:120,generateRecommendations
FN:127,(anonymous_11)
FN:128,(anonymous_12)
FN:230,(anonymous_13)
FN:239,formatMarkdown
FN:316,getScoreEmoji
FN:326,getPriorityEmoji
FN:342,getSeverityEmoji
FNF:18
FNH:0
FNDA:0,generateReport
FNDA:0,(anonymous_1)
FNDA:0,(anonymous_2)
FNDA:0,(anonymous_3)
FNDA:0,(anonymous_4)
FNDA:0,(anonymous_5)
FNDA:0,(anonymous_6)
FNDA:0,(anonymous_7)
FNDA:0,calculateCategoryScore
FNDA:0,(anonymous_9)
FNDA:0,generateRecommendations
FNDA:0,(anonymous_11)
FNDA:0,(anonymous_12)
FNDA:0,(anonymous_13)
FNDA:0,formatMarkdown
FNDA:0,getScoreEmoji
FNDA:0,getPriorityEmoji
FNDA:0,getSeverityEmoji
DA:57,0
DA:60,0
DA:62,0
DA:65,0
DA:68,0
DA:74,0
DA:79,0
DA:81,0
DA:82,0
DA:83,0
DA:87,0
DA:88,0
DA:89,0
DA:93,0
DA:95,0
DA:110,0
DA:113,0
DA:114,0
DA:121,0
DA:123,0
DA:124,0
DA:126,0
DA:127,0
DA:128,0
DA:130,0
DA:132,0
DA:139,0
DA:142,0
DA:149,0
DA:152,0
DA:159,0
DA:162,0
DA:169,0
DA:172,0
DA:179,0
DA:182,0
DA:189,0
DA:192,0
DA:199,0
DA:202,0
DA:209,0
DA:212,0
DA:219,0
DA:223,0
DA:228,0
DA:229,0
DA:230,0
DA:233,0
DA:240,0
DA:243,0
DA:244,0
DA:249,0
DA:250,0
DA:251,0
DA:252,0
DA:255,0
DA:258,0
DA:263,0
DA:264,0
DA:265,0
DA:266,0
DA:267,0
DA:270,0
DA:271,0
DA:272,0
DA:273,0
DA:274,0
DA:275,0
DA:276,0
DA:279,0
DA:282,0
DA:283,0
DA:284,0
DA:285,0
DA:286,0
DA:287,0
DA:288,0
DA:289,0
DA:290,0
DA:291,0
DA:295,0
DA:300,0
DA:301,0
DA:302,0
DA:303,0
DA:304,0
DA:305,0
DA:306,0
DA:310,0
DA:317,0
DA:318,0
DA:319,0
DA:320,0
DA:327,0
DA:329,0
DA:331,0
DA:333,0
DA:335,0
DA:343,0
DA:345,0
DA:347,0
DA:349,0
DA:351,0
LF:103
LH:0
BRDA:110,0,0,0
BRDA:124,1,0,0
BRDA:130,2,0,0
BRDA:130,2,1,0
BRDA:130,2,2,0
BRDA:130,2,3,0
BRDA:130,2,4,0
BRDA:130,2,5,0
BRDA:130,2,6,0
BRDA:130,2,7,0
BRDA:130,2,8,0
BRDA:130,2,9,0
BRDA:282,3,0,0
BRDA:290,4,0,0
BRDA:300,5,0,0
BRDA:317,6,0,0
BRDA:318,7,0,0
BRDA:319,8,0,0
BRDA:327,9,0,0
BRDA:327,9,1,0
BRDA:327,9,2,0
BRDA:327,9,3,0
BRDA:343,10,0,0
BRDA:343,10,1,0
BRDA:343,10,2,0
BRDA:343,10,3,0
BRF:26
BRH:0
end_of_record
TN:
SF:src/tools/bughunter/heuristics.ts
FN:38,hasNullGuard
FN:62,getNodeText
FN:69,isUpperCase
FN:83,(anonymous_3)
FN:111,(anonymous_4)
FN:118,(anonymous_5)
FN:141,(anonymous_6)
FN:172,(anonymous_7)
FN:198,(anonymous_8)
FN:227,(anonymous_9)
FN:255,(anonymous_10)
FN:281,(anonymous_11)
FN:288,(anonymous_12)
FN:314,(anonymous_13)
FN:342,(anonymous_14)
FN:376,applyHeuristics
FN:382,visit
FN:420,calculateSeverityScore
FNF:18
FNH:0
FNDA:0,hasNullGuard
FNDA:0,getNodeText
FNDA:0,isUpperCase
FNDA:0,(anonymous_3)
FNDA:0,(anonymous_4)
FNDA:0,(anonymous_5)
FNDA:0,(anonymous_6)
FNDA:0,(anonymous_7)
FNDA:0,(anonymous_8)
FNDA:0,(anonymous_9)
FNDA:0,(anonymous_10)
FNDA:0,(anonymous_11)
FNDA:0,(anonymous_12)
FNDA:0,(anonymous_13)
FNDA:0,(anonymous_14)
FNDA:0,applyHeuristics
FNDA:0,visit
FNDA:0,calculateSeverityScore
DA:39,0
DA:40,0
DA:42,0
DA:43,0
DA:46,0
DA:49,0
DA:52,0
DA:53,0
DA:56,0
DA:63,0
DA:70,0
DA:76,0
DA:84,0
DA:85,0
DA:86,0
DA:87,0
DA:88,0
DA:89,0
DA:91,0
DA:92,0
DA:102,0
DA:112,0
DA:113,0
DA:114,0
DA:115,0
DA:117,0
DA:118,0
DA:120,0
DA:121,0
DA:122,0
DA:132,0
DA:142,0
DA:143,0
DA:144,0
DA:146,0
DA:147,0
DA:148,0
DA:151,0
DA:152,0
DA:153,0
DA:163,0
DA:173,0
DA:174,0
DA:175,0
DA:176,0
DA:177,0
DA:178,0
DA:179,0
DA:189,0
DA:199,0
DA:200,0
DA:201,0
DA:202,0
DA:203,0
DA:204,0
DA:206,0
DA:207,0
DA:217,0
DA:228,0
DA:229,0
DA:230,0
DA:233,0
DA:234,0
DA:236,0
DA:237,0
DA:246,0
DA:256,0
DA:257,0
DA:258,0
DA:259,0
DA:261,0
DA:263,0
DA:272,0
DA:282,0
DA:283,0
DA:284,0
DA:286,0
DA:287,0
DA:288,0
DA:289,0
DA:290,0
DA:294,0
DA:295,0
DA:305,0
DA:315,0
DA:316,0
DA:317,0
DA:318,0
DA:319,0
DA:320,0
DA:321,0
DA:322,0
DA:323,0
DA:333,0
DA:343,0
DA:344,0
DA:345,0
DA:346,0
DA:347,0
DA:348,0
DA:349,0
DA:350,0
DA:352,0
DA:353,0
DA:364,0
DA:377,0
DA:380,0
DA:383,0
DA:386,0
DA:387,0
DA:388,0
DA:389,0
DA:390,0
DA:399,0
DA:404,0
DA:405,0
DA:406,0
DA:408,0
DA:412,0
DA:414,0
DA:421,0
DA:428,0
DA:429,0
DA:430,0
DA:434,0
DA:435,0
DA:437,0
LF:127
LH:0
BRDA:38,0,0,0
BRDA:42,1,0,0
BRDA:42,1,1,0
BRDA:46,2,0,0
BRDA:46,3,0,0
BRDA:46,3,1,0
BRDA:46,3,2,0
BRDA:70,4,0,0
BRDA:70,4,1,0
BRDA:84,5,0,0
BRDA:84,6,0,0
BRDA:84,6,1,0
BRDA:86,7,0,0
BRDA:86,8,0,0
BRDA:86,8,1,0
BRDA:88,9,0,0
BRDA:88,10,0,0
BRDA:88,10,1,0
BRDA:88,10,2,0
BRDA:91,11,0,0
BRDA:112,12,0,0
BRDA:114,13,0,0
BRDA:118,14,0,0
BRDA:121,15,0,0
BRDA:121,16,0,0
BRDA:121,16,1,0
BRDA:121,16,2,0
BRDA:142,17,0,0
BRDA:146,18,0,0
BRDA:146,19,0,0
BRDA:146,19,1,0
BRDA:151,20,0,0
BRDA:151,21,0,0
BRDA:151,21,1,0
BRDA:151,21,2,0
BRDA:152,22,0,0
BRDA:152,23,0,0
BRDA:152,23,1,0
BRDA:173,24,0,0
BRDA:175,25,0,0
BRDA:175,26,0,0
BRDA:175,26,1,0
BRDA:177,27,0,0
BRDA:177,28,0,0
BRDA:177,28,1,0
BRDA:178,29,0,0
BRDA:199,30,0,0
BRDA:201,31,0,0
BRDA:201,32,0,0
BRDA:201,32,1,0
BRDA:203,33,0,0
BRDA:206,34,0,0
BRDA:206,35,0,0
BRDA:206,35,1,0
BRDA:206,35,2,0
BRDA:228,36,0,0
BRDA:230,37,0,0
BRDA:230,38,0,0
BRDA:230,38,1,0
BRDA:236,39,0,0
BRDA:256,40,0,0
BRDA:258,41,0,0
BRDA:261,42,0,0
BRDA:261,43,0,0
BRDA:261,43,1,0
BRDA:261,43,2,0
BRDA:282,44,0,0
BRDA:284,45,0,0
BRDA:284,46,0,0
BRDA:284,46,1,0
BRDA:287,47,0,0
BRDA:290,48,0,0
BRDA:290,48,1,0
BRDA:290,48,2,0
BRDA:294,49,0,0
BRDA:315,50,0,0
BRDA:317,51,0,0
BRDA:317,52,0,0
BRDA:317,52,1,0
BRDA:319,53,0,0
BRDA:319,54,0,0
BRDA:319,54,1,0
BRDA:321,55,0,0
BRDA:326,56,0,0
BRDA:326,56,1,0
BRDA:343,57,0,0
BRDA:345,58,0,0
BRDA:345,59,0,0
BRDA:345,59,1,0
BRDA:347,60,0,0
BRDA:349,61,0,0
BRDA:352,62,0,0
BRDA:352,63,0,0
BRDA:352,63,1,0
BRDA:389,64,0,0
BRDA:404,65,0,0
BRF:96
BRH:0
end_of_record
TN:
SF:src/tools/bughunter/index.ts
FN:71,createBughunterHandler
FN:72,(anonymous_1)
FN:102,(anonymous_2)
FN:103,(anonymous_3)
FN:104,(anonymous_4)
FN:105,(anonymous_5)
FN:107,(anonymous_6)
FN:109,(anonymous_7)
FN:115,(anonymous_8)
FN:133,(anonymous_9)
FNF:10
FNH:0
FNDA:0,createBughunterHandler
FNDA:0,(anonymous_1)
FNDA:0,(anonymous_2)
FNDA:0,(anonymous_3)
FNDA:0,(anonymous_4)
FNDA:0,(anonymous_5)
FNDA:0,(anonymous_6)
FNDA:0,(anonymous_7)
FNDA:0,(anonymous_8)
FNDA:0,(anonymous_9)
DA:18,0
DA:29,0
DA:72,0
DA:73,0
DA:75,0
DA:77,0
DA:78,0
DA:80,0
DA:83,0
DA:87,0
DA:89,0
DA:90,0
DA:91,0
DA:92,0
DA:95,0
DA:98,0
DA:102,0
DA:103,0
DA:104,0
DA:105,0
DA:107,0
DA:110,0
DA:111,0
DA:112,0
DA:113,0
DA:115,0
DA:119,0
DA:122,0
DA:123,0
DA:127,0
DA:133,0
DA:152,0
DA:153,0
DA:154,0
DA:161,0
DA:164,0
DA:167,0
DA:179,0
LF:38
LH:0
BRDA:122,0,0,0
BRDA:122,1,0,0
BRDA:122,1,1,0
BRDA:134,2,0,0
BRDA:134,2,1,0
BRDA:153,3,0,0
BRDA:157,4,0,0
BRDA:157,4,1,0
BRDA:167,5,0,0
BRDA:167,5,1,0
BRDA:175,6,0,0
BRDA:175,6,1,0
BRF:12
BRH:0
end_of_record
TN:
SF:src/tools/bughunter/reporter.ts
FN:16,formatReport
FN:35,formatJSON
FN:42,formatMarkdown
FN:72,(anonymous_3)
FN:73,(anonymous_4)
FN:74,(anonymous_5)
FN:75,(anonymous_6)
FN:78,(anonymous_7)
FN:126,formatCTSPlan
FN:133,(anonymous_9)
FN:147,(anonymous_10)
FN:160,(anonymous_11)
FN:176,getScoreEmoji
FN:187,getSeverityEmoji
FN:200,sanitizeFilename
FN:212,getFilename
FN:219,generateTechnicalNotes
FN:222,(anonymous_17)
FNF:18
FNH:0
FNDA:0,formatReport
FNDA:0,formatJSON
FNDA:0,formatMarkdown
FNDA:0,(anonymous_3)
FNDA:0,(anonymous_4)
FNDA:0,(anonymous_5)
FNDA:0,(anonymous_6)
FNDA:0,(anonymous_7)
FNDA:0,formatCTSPlan
FNDA:0,(anonymous_9)
FNDA:0,(anonymous_10)
FNDA:0,(anonymous_11)
FNDA:0,getScoreEmoji
FNDA:0,getSeverityEmoji
FNDA:0,sanitizeFilename
FNDA:0,getFilename
FNDA:0,generateTechnicalNotes
FNDA:0,(anonymous_17)
DA:20,0
DA:22,0
DA:24,0
DA:26,0
DA:28,0
DA:36,0
DA:43,0
DA:46,0
DA:47,0
DA:48,0
DA:49,0
DA:50,0
DA:51,0
DA:54,0
DA:55,0
DA:56,0
DA:57,0
DA:58,0
DA:59,0
DA:60,0
DA:63,0
DA:64,0
DA:65,0
DA:67,0
DA:68,0
DA:69,0
DA:72,0
DA:73,0
DA:74,0
DA:75,0
DA:78,0
DA:79,0
DA:80,0
DA:81,0
DA:82,0
DA:84,0
DA:88,0
DA:89,0
DA:91,0
DA:92,0
DA:95,0
DA:98,0
DA:99,0
DA:103,0
DA:104,0
DA:106,0
DA:107,0
DA:109,0
DA:110,0
DA:112,0
DA:113,0
DA:115,0
DA:116,0
DA:120,0
DA:128,0
DA:130,0
DA:132,0
DA:133,0
DA:136,0
DA:138,0
DA:148,0
DA:154,0
DA:157,0
DA:160,0
DA:170,0
DA:177,0
DA:178,0
DA:179,0
DA:180,0
DA:181,0
DA:188,0
DA:189,0
DA:190,0
DA:191,0
DA:192,0
DA:193,0
DA:201,0
DA:213,0
DA:220,0
DA:222,0
DA:223,0
DA:224,0
DA:225,0
DA:226,0
DA:228,0
DA:231,0
LF:86
LH:0
BRDA:20,0,0,0
BRDA:20,0,1,0
BRDA:20,0,2,0
BRDA:20,0,3,0
BRDA:63,1,0,0
BRDA:63,1,1,0
BRDA:81,2,0,0
BRDA:88,3,0,0
BRDA:91,4,0,0
BRDA:103,5,0,0
BRDA:106,6,0,0
BRDA:109,7,0,0
BRDA:112,8,0,0
BRDA:115,9,0,0
BRDA:133,10,0,0
BRDA:133,10,1,0
BRDA:136,11,0,0
BRDA:141,12,0,0
BRDA:141,12,1,0
BRDA:177,13,0,0
BRDA:178,14,0,0
BRDA:179,15,0,0
BRDA:180,16,0,0
BRDA:188,17,0,0
BRDA:188,17,1,0
BRDA:188,17,2,0
BRDA:188,17,3,0
BRDA:188,17,4,0
BRDA:213,18,0,0
BRDA:213,18,1,0
BRDA:213,18,2,0
BRDA:225,19,0,0
BRF:32
BRH:0
end_of_record
TN:
SF:src/tools/bughunter/scanner.ts
FN:49,groupByFile
FN:64,(anonymous_1)
FN:65,(anonymous_2)
FN:66,(anonymous_3)
FN:67,(anonymous_4)
FN:79,(anonymous_5)
FN:91,scanForBugs
FN:155,(anonymous_7)
FN:156,(anonymous_8)
FN:157,(anonymous_9)
FN:158,(anonymous_10)
FN:183,getTopBuggyFiles
FN:190,filterBySeverity
FN:197,(anonymous_13)
FN:198,(anonymous_14)
FNF:15
FNH:0
FNDA:0,groupByFile
FNDA:0,(anonymous_1)
FNDA:0,(anonymous_2)
FNDA:0,(anonymous_3)
FNDA:0,(anonymous_4)
FNDA:0,(anonymous_5)
FNDA:0,scanForBugs
FNDA:0,(anonymous_7)
FNDA:0,(anonymous_8)
FNDA:0,(anonymous_9)
FNDA:0,(anonymous_10)
FNDA:0,getTopBuggyFiles
FNDA:0,filterBySeverity
FNDA:0,(anonymous_13)
FNDA:0,(anonymous_14)
DA:50,0
DA:52,0
DA:53,0
DA:54,0
DA:55,0
DA:57,0
DA:61,0
DA:62,0
DA:63,0
DA:64,0
DA:65,0
DA:66,0
DA:67,0
DA:70,0
DA:79,0
DA:81,0
DA:98,0
DA:100,0
DA:103,0
DA:104,0
DA:107,0
DA:109,0
DA:112,0
DA:113,0
DA:115,0
DA:118,0
DA:120,0
DA:121,0
DA:124,0
DA:125,0
DA:126,0
DA:129,0
DA:132,0
DA:135,0
DA:136,0
DA:137,0
DA:140,0
DA:142,0
DA:143,0
DA:146,0
DA:151,0
DA:154,0
DA:155,0
DA:156,0
DA:157,0
DA:158,0
DA:162,0
DA:165,0
DA:167,0
DA:169,0
DA:184,0
DA:194,0
DA:195,0
DA:197,0
DA:198,0
DA:199,0
DA:200,0
LF:57
LH:0
BRDA:53,0,0,0
BRDA:54,1,0,0
BRDA:93,2,0,0
BRDA:112,3,0,0
BRDA:112,3,1,0
BRDA:118,4,0,0
BRDA:118,4,1,0
BRDA:142,5,0,0
BRDA:183,6,0,0
BRF:9
BRH:0
end_of_record
TN:
SF:src/tools/cleanup/operations.ts
FN:31,(anonymous_0)
FN:39,(anonymous_1)
FN:77,(anonymous_2)
FN:107,(anonymous_3)
FN:131,(anonymous_4)
FN:148,(anonymous_5)
FN:159,(anonymous_6)
FN:166,(anonymous_7)
FN:172,(anonymous_8)
FN:178,(anonymous_9)
FN:196,(anonymous_10)
FN:203,(anonymous_11)
FNF:12
FNH:0
FNDA:0,(anonymous_0)
FNDA:0,(anonymous_1)
FNDA:0,(anonymous_2)
FNDA:0,(anonymous_3)
FNDA:0,(anonymous_4)
FNDA:0,(anonymous_5)
FNDA:0,(anonymous_6)
FNDA:0,(anonymous_7)
FNDA:0,(anonymous_8)
FNDA:0,(anonymous_9)
FNDA:0,(anonymous_10)
FNDA:0,(anonymous_11)
DA:28,0
DA:32,0
DA:33,0
DA:40,0
DA:41,0
DA:42,0
DA:48,0
DA:52,0
DA:55,0
DA:56,0
DA:57,0
DA:58,0
DA:59,0
DA:63,0
DA:66,0
DA:78,0
DA:79,0
DA:80,0
DA:86,0
DA:90,0
DA:93,0
DA:96,0
DA:108,0
DA:109,0
DA:110,0
DA:114,0
DA:115,0
DA:117,0
DA:118,0
DA:119,0
DA:121,0
DA:125,0
DA:132,0
DA:133,0
DA:134,0
DA:138,0
DA:139,0
DA:142,0
DA:149,0
DA:160,0
DA:167,0
DA:168,0
DA:171,0
DA:172,0
DA:179,0
DA:180,0
DA:181,0
DA:184,0
DA:185,0
DA:186,0
DA:189,0
DA:190,0
DA:197,0
DA:204,0
LF:54
LH:0
BRDA:31,0,0,0
BRDA:40,1,0,0
BRDA:56,2,0,0
BRDA:78,3,0,0
BRDA:108,4,0,0
BRDA:115,5,0,0
BRDA:115,5,1,0
BRDA:119,6,0,0
BRDA:132,7,0,0
BRDA:138,8,0,0
BRDA:167,9,0,0
BRDA:179,10,0,0
BRDA:185,11,0,0
BRF:13
BRH:0
end_of_record
TN:
SF:src/tools/reasoning/core.ts
FN:41,(anonymous_0)
FN:62,(anonymous_1)
FN:87,(anonymous_2)
FN:96,(anonymous_3)
FN:105,(anonymous_4)
FN:114,(anonymous_5)
FN:125,(anonymous_6)
FN:161,(anonymous_7)
FN:199,(anonymous_8)
FN:223,(anonymous_9)
FN:233,(anonymous_10)
FN:242,(anonymous_11)
FN:246,(anonymous_12)
FN:253,(anonymous_13)
FN:274,(anonymous_14)
FN:310,(anonymous_15)
FN:335,(anonymous_16)
FN:367,(anonymous_17)
FN:370,(anonymous_18)
FN:388,(anonymous_19)
FN:407,(anonymous_20)
FN:423,(anonymous_21)
FN:438,(anonymous_22)
FN:453,(anonymous_23)
FN:468,(anonymous_24)
FNF:25
FNH:0
FNDA:0,(anonymous_0)
FNDA:0,(anonymous_1)
FNDA:0,(anonymous_2)
FNDA:0,(anonymous_3)
FNDA:0,(anonymous_4)
FNDA:0,(anonymous_5)
FNDA:0,(anonymous_6)
FNDA:0,(anonymous_7)
FNDA:0,(anonymous_8)
FNDA:0,(anonymous_9)
FNDA:0,(anonymous_10)
FNDA:0,(anonymous_11)
FNDA:0,(anonymous_12)
FNDA:0,(anonymous_13)
FNDA:0,(anonymous_14)
FNDA:0,(anonymous_15)
FNDA:0,(anonymous_16)
FNDA:0,(anonymous_17)
FNDA:0,(anonymous_18)
FNDA:0,(anonymous_19)
FNDA:0,(anonymous_20)
FNDA:0,(anonymous_21)
FNDA:0,(anonymous_22)
FNDA:0,(anonymous_23)
FNDA:0,(anonymous_24)
DA:42,0
DA:43,0
DA:64,0
DA:65,0
DA:69,0
DA:72,0
DA:75,0
DA:76,0
DA:79,0
DA:88,0
DA:97,0
DA:106,0
DA:115,0
DA:126,0
DA:128,0
DA:130,0
DA:133,0
DA:136,0
DA:139,0
DA:142,0
DA:145,0
DA:148,0
DA:151,0
DA:163,0
DA:164,0
DA:168,0
DA:171,0
DA:175,0
DA:176,0
DA:180,0
DA:184,0
DA:185,0
DA:189,0
DA:190,0
DA:192,0
DA:200,0
DA:224,0
DA:225,0
DA:226,0
DA:227,0
DA:235,0
DA:240,0
DA:242,0
DA:245,0
DA:246,0
DA:254,0
DA:257,0
DA:258,0
DA:261,0
DA:262,0
DA:265,0
DA:266,0
DA:268,0
DA:275,0
DA:278,0
DA:281,0
DA:282,0
DA:283,0
DA:284,0
DA:285,0
DA:286,0
DA:288,0
DA:292,0
DA:293,0
DA:297,0
DA:298,0
DA:302,0
DA:304,0
DA:311,0
DA:314,0
DA:315,0
DA:318,0
DA:319,0
DA:320,0
DA:324,0
DA:327,0
DA:329,0
DA:336,0
DA:339,0
DA:342,0
DA:343,0
DA:344,0
DA:345,0
DA:346,0
DA:347,0
DA:348,0
DA:349,0
DA:350,0
DA:352,0
DA:353,0
DA:357,0
DA:358,0
DA:361,0
DA:368,0
DA:370,0
DA:371,0
DA:372,0
DA:373,0
DA:374,0
DA:375,0
DA:376,0
DA:377,0
DA:378,0
DA:382,0
DA:389,0
DA:391,0
DA:392,0
DA:393,0
DA:394,0
DA:397,0
DA:398,0
DA:401,0
DA:408,0
DA:410,0
DA:411,0
DA:412,0
DA:415,0
DA:417,0
DA:424,0
DA:425,0
DA:426,0
DA:427,0
DA:428,0
DA:429,0
DA:431,0
DA:439,0
DA:441,0
DA:442,0
DA:443,0
DA:444,0
DA:445,0
DA:447,0
DA:454,0
DA:456,0
DA:457,0
DA:458,0
DA:459,0
DA:460,0
DA:462,0
DA:469,0
LF:140
LH:0
BRDA:41,0,0,0
BRDA:75,1,0,0
BRDA:128,2,0,0
BRDA:128,2,1,0
BRDA:128,2,2,0
BRDA:128,2,3,0
BRDA:128,2,4,0
BRDA:128,2,5,0
BRDA:128,2,6,0
BRDA:128,2,7,0
BRDA:163,3,0,0
BRDA:168,4,0,0
BRDA:168,4,1,0
BRDA:168,4,2,0
BRDA:168,4,3,0
BRDA:175,5,0,0
BRDA:175,6,0,0
BRDA:175,6,1,0
BRDA:189,7,0,0
BRDA:242,8,0,0
BRDA:242,8,1,0
BRDA:258,9,0,0
BRDA:262,10,0,0
BRDA:266,11,0,0
BRDA:281,12,0,0
BRDA:281,12,1,0
BRDA:283,13,0,0
BRDA:283,13,1,0
BRDA:285,14,0,0
BRDA:285,14,1,0
BRDA:285,15,0,0
BRDA:285,15,1,0
BRDA:292,16,0,0
BRDA:297,17,0,0
BRDA:318,18,0,0
BRDA:342,19,0,0
BRDA:342,19,1,0
BRDA:342,20,0,0
BRDA:342,20,1,0
BRDA:345,21,0,0
BRDA:345,21,1,0
BRDA:345,22,0,0
BRDA:345,22,1,0
BRDA:348,23,0,0
BRDA:348,23,1,0
BRDA:357,24,0,0
BRDA:371,25,0,0
BRDA:371,25,1,0
BRDA:371,26,0,0
BRDA:371,26,1,0
BRDA:373,27,0,0
BRDA:373,27,1,0
BRDA:373,28,0,0
BRDA:373,28,1,0
BRDA:375,29,0,0
BRDA:375,29,1,0
BRDA:377,30,0,0
BRDA:382,31,0,0
BRDA:382,31,1,0
BRDA:394,32,0,0
BRDA:394,32,1,0
BRDA:397,33,0,0
BRDA:424,34,0,0
BRDA:424,34,1,0
BRDA:424,35,0,0
BRDA:424,35,1,0
BRDA:426,36,0,0
BRDA:426,36,1,0
BRDA:428,37,0,0
BRDA:428,37,1,0
BRDA:444,38,0,0
BRDA:444,38,1,0
BRDA:458,39,0,0
BRDA:458,39,1,0
BRDA:469,40,0,0
BRDA:469,40,1,0
BRDA:470,41,0,0
BRDA:470,41,1,0
BRF:78
BRH:0
end_of_record
TN:
SF:src/tools/reasoning/index.ts
FN:90,createReasoningHandler
FN:91,(anonymous_1)
FN:218,(anonymous_2)
FNF:3
FNH:0
FNDA:0,createReasoningHandler
FNDA:0,(anonymous_1)
FNDA:0,(anonymous_2)
DA:18,0
DA:30,0
DA:78,0
DA:91,0
DA:92,0
DA:94,0
DA:96,0
DA:98,0
DA:99,0
DA:102,0
DA:105,0
DA:112,0
DA:113,0
DA:125,0
DA:127,0
DA:128,0
DA:129,0
DA:132,0
DA:133,0
DA:135,0
DA:138,0
DA:141,0
DA:144,0
DA:156,0
DA:157,0
DA:159,0
DA:162,0
DA:163,0
DA:165,0
DA:166,0
DA:170,0
DA:172,0
DA:173,0
DA:175,0
DA:178,0
DA:199,0
DA:200,0
DA:201,0
DA:208,0
DA:211,0
DA:214,0
DA:215,0
DA:218,0
DA:221,0
LF:44
LH:0
BRDA:112,0,0,0
BRDA:112,0,1,0
BRDA:128,1,0,0
BRDA:132,2,0,0
BRDA:132,2,1,0
BRDA:156,3,0,0
BRDA:162,4,0,0
BRDA:162,4,1,0
BRDA:200,5,0,0
BRDA:204,6,0,0
BRDA:204,6,1,0
BRDA:214,7,0,0
BRF:12
BRH:0
end_of_record
TN:
SF:src/tools/reasoning/prompts.ts
FN:122,getStageTemplate
FN:123,(anonymous_1)
FN:133,substituteVariables
FN:154,getAvailableStages
FN:155,(anonymous_4)
FN:165,renderPrompt
FNF:6
FNH:0
FNDA:0,getStageTemplate
FNDA:0,(anonymous_1)
FNDA:0,substituteVariables
FNDA:0,getAvailableStages
FNDA:0,(anonymous_4)
FNDA:0,renderPrompt
DA:23,0
DA:123,0
DA:134,0
DA:137,0
DA:138,0
DA:139,0
DA:140,0
DA:144,0
DA:146,0
DA:155,0
DA:166,0
DA:167,0
DA:168,0
DA:171,0
LF:14
LH:0
BRDA:139,0,0,0
BRDA:139,0,1,0
BRDA:167,1,0,0
BRF:3
BRH:0
end_of_record
TN:
SF:src/utils/tree_sitter.ts
FN:68,initTreeSitter
FN:80,(anonymous_1)
FN:122,parseGDScript
FN:166,parseGDScriptFile
FN:202,findSignalDefinitions
FN:206,visitNode
FN:259,findClassDefinitions
FN:262,visitNode
FN:293,findFunctionDefinitions
FN:297,visitNode
FN:342,clearCache
FN:353,getMetrics
FN:360,resetMetrics
FNF:13
FNH:0
FNDA:0,initTreeSitter
FNDA:0,(anonymous_1)
FNDA:0,parseGDScript
FNDA:0,parseGDScriptFile
FNDA:0,findSignalDefinitions
FNDA:0,visitNode
FNDA:0,findClassDefinitions
FNDA:0,visitNode
FNDA:0,findFunctionDefinitions
FNDA:0,visitNode
FNDA:0,clearCache
FNDA:0,getMetrics
FNDA:0,resetMetrics
DA:24,0
DA:25,0
DA:32,0
DA:45,0
DA:70,0
DA:71,0
DA:75,0
DA:76,0
DA:80,0
DA:81,0
DA:83,0
DA:85,0
DA:88,0
DA:90,0
DA:92,0
DA:93,0
DA:97,0
DA:98,0
DA:100,0
DA:106,0
DA:126,0
DA:128,0
DA:129,0
DA:133,0
DA:134,0
DA:135,0
DA:138,0
DA:141,0
DA:142,0
DA:143,0
DA:144,0
DA:147,0
DA:148,0
DA:151,0
DA:170,0
DA:171,0
DA:172,0
DA:203,0
DA:208,0
DA:210,0
DA:211,0
DA:212,0
DA:213,0
DA:216,0
DA:217,0
DA:218,0
DA:220,0
DA:222,0
DA:223,0
DA:224,0
DA:225,0
DA:226,0
DA:228,0
DA:229,0
DA:230,0
DA:231,0
DA:238,0
DA:243,0
DA:244,0
DA:245,0
DA:249,0
DA:250,0
DA:260,0
DA:263,0
DA:264,0
DA:265,0
DA:266,0
DA:270,0
DA:271,0
DA:272,0
DA:276,0
DA:277,0
DA:294,0
DA:295,0
DA:298,0
DA:299,0
DA:300,0
DA:301,0
DA:303,0
DA:304,0
DA:306,0
DA:307,0
DA:308,0
DA:309,0
DA:310,0
DA:311,0
DA:312,0
DA:318,0
DA:327,0
DA:328,0
DA:329,0
DA:333,0
DA:334,0
DA:343,0
DA:344,0
DA:345,0
DA:354,0
DA:361,0
DA:362,0
DA:363,0
DA:364,0
DA:365,0
LF:102
LH:0
BRDA:70,0,0,0
BRDA:75,1,0,0
BRDA:92,2,0,0
BRDA:101,3,0,0
BRDA:101,3,1,0
BRDA:128,4,0,0
BRDA:133,5,0,0
BRDA:133,6,0,0
BRDA:133,6,1,0
BRDA:147,7,0,0
BRDA:168,8,0,0
BRDA:171,9,0,0
BRDA:171,9,1,0
BRDA:208,10,0,0
BRDA:211,11,0,0
BRDA:220,12,0,0
BRDA:224,13,0,0
BRDA:224,14,0,0
BRDA:224,14,1,0
BRDA:228,15,0,0
BRDA:230,16,0,0
BRDA:245,17,0,0
BRDA:263,18,0,0
BRDA:265,19,0,0
BRDA:272,20,0,0
BRDA:298,21,0,0
BRDA:303,22,0,0
BRDA:306,23,0,0
BRDA:309,24,0,0
BRDA:309,25,0,0
BRDA:309,25,1,0
BRDA:311,26,0,0
BRDA:322,27,0,0
BRDA:322,27,1,0
BRDA:329,28,0,0
BRF:35
BRH:0
end_of_record
